BLOCK00/SES002/SA002S12	SES002	1.22149	-3.68774	-4.90924
BLOCK00/SES002/SA002S13	SES002	1.05456	-5.21493	-6.26949
BLOCK00/SES002/SA002S23	SES002	0.250553	-4.89282	-5.14338
BLOCK00/SES002/SA002S26	SES002	0.0549135	-8.14234	-8.19726
BLOCK00/SES002/SA002S28	SES002	-0.00916719	-6.84462	-6.83545
BLOCK00/SES007/SA007S14	SES007	0.678744	-3.69307	-4.37181
BLOCK00/SES007/SA007S15	SES007	-0.0659237	-5.02203	-4.95611
BLOCK00/SES007/SA007S24	SES007	0.0645356	-4.10172	-4.16625
BLOCK00/SES007/SA007S27	SES007	-0.838652	-7.56347	-6.72481
BLOCK00/SES007/SA007S29	SES007	-0.342728	-3.96461	-3.62188
BLOCK00/SES008/SA008S11	SES008	1.68349	-0.992738	-2.67623
BLOCK00/SES008/SA008S12	SES008	0.387235	-2.30745	-2.69469
BLOCK00/SES008/SA008S19	SES008	1.33519	-1.94212	-3.27731
BLOCK00/SES008/SA008S22	SES008	0.500277	-3.78512	-4.2854
BLOCK00/SES008/SA008S29	SES008	1.68146	-0.982915	-2.66438
BLOCK01/SES014/SA014S10	SES014	0.189426	-4.00277	-4.19219
BLOCK01/SES014/SA014S12	SES014	1.66611	-2.58595	-4.25206
BLOCK01/SES014/SA014S24	SES014	1.11684	-3.72703	-4.84387
BLOCK01/SES014/SA014S26	SES014	1.02414	-4.83475	-5.85889
BLOCK01/SES014/SA014S28	SES014	2.94955	-0.267606	-3.21716
BLOCK01/SES016/SA016S12	SES016	0.00313902	-6.78029	-6.78343
BLOCK01/SES016/SA016S13	SES016	0.692646	-5.3471	-6.03975
BLOCK01/SES016/SA016S22	SES016	0.22227	-5.47106	-5.69333
BLOCK01/SES016/SA016S25	SES016	0.437643	-3.712	-4.14965
BLOCK01/SES016/SA016S27	SES016	0.541898	-6.79585	-7.33775
BLOCK01/SES019/SA019S13	SES019	1.98832	-4.95178	-6.9401
BLOCK01/SES019/SA019S14	SES019	1.55288	-4.90073	-6.45361
BLOCK01/SES019/SA019S22	SES019	2.01011	-3.17967	-5.18978
BLOCK01/SES019/SA019S25	SES019	1.56845	-5.51381	-7.08226
BLOCK01/SES019/SA019S29	SES019	2.65696	-5.54095	-8.1979
BLOCK02/SES029/SA029S11	SES029	0.948586	-3.21683	-4.16542
BLOCK02/SES029/SA029S12	SES029	-0.148591	-4.90463	-4.75604
BLOCK02/SES029/SA029S20	SES029	0.267471	-2.87266	-3.14013
BLOCK02/SES029/SA029S25	SES029	-0.0015707	-4.52696	-4.52539
BLOCK02/SES029/SA029S28	SES029	-0.361469	-4.52045	-4.15898
BLOCK04/SES042/SA042S12	SES042	1.53474	-4.28267	-5.8174
BLOCK04/SES042/SA042S15	SES042	1.03182	-5.09922	-6.13104
BLOCK04/SES042/SA042S22	SES042	3.41906	-8.70287	-12.1219
BLOCK04/SES042/SA042S25	SES042	1.11436	-7.53733	-8.65169
BLOCK04/SES042/SA042S27	SES042	2.27588	-7.32035	-9.59623
BLOCK04/SES048/SA048S11	SES048	0.638229	-2.84815	-3.48638
BLOCK04/SES048/SA048S12	SES048	0.115182	-5.26338	-5.37856
BLOCK04/SES048/SA048S20	SES048	0.597641	-4.06636	-4.664
BLOCK04/SES048/SA048S23	SES048	1.24659	-2.37808	-3.62467
BLOCK04/SES048/SA048S27	SES048	-0.354187	-4.87503	-4.52084
BLOCK06/SES060/SA060S11	SES060	0.671371	-5.20743	-5.8788
BLOCK06/SES060/SA060S12	SES060	-0.235822	-8.21144	-7.97562
BLOCK06/SES060/SA060S22	SES060	-1.97142	-8.01176	-6.04034
BLOCK06/SES060/SA060S24	SES060	0.666726	-2.24102	-2.90775
BLOCK06/SES060/SA060S28	SES060	0.516163	-1.45325	-1.96941
BLOCK06/SES062/SA062S10	SES062	-0.772954	-5.15004	-4.37709
BLOCK06/SES062/SA062S11	SES062	0.105449	-6.33717	-6.44262
BLOCK06/SES062/SA062S21	SES062	0.201392	-0.745848	-0.94724
BLOCK06/SES062/SA062S26	SES062	-0.228887	-4.24619	-4.0173
BLOCK06/SES062/SA062S29	SES062	0.811551	-1.94998	-2.76153
BLOCK06/SES068/SA068S14	SES068	-0.35139	-3.8826	-3.53121
BLOCK06/SES068/SA068S15	SES068	0.460665	-4.06488	-4.52555
BLOCK06/SES068/SA068S23	SES068	0.201858	-5.23113	-5.43299
BLOCK06/SES068/SA068S27	SES068	0.830299	-3.78892	-4.61922
BLOCK06/SES068/SA068S29	SES068	-0.206254	-5.40308	-5.19682
BLOCK08/SES082/SA082S12	SES082	-0.898649	-5.17274	-4.27409
BLOCK08/SES082/SA082S14	SES082	0.237553	-3.9304	-4.16796
BLOCK08/SES082/SA082S21	SES082	-0.232091	-3.49399	-3.2619
BLOCK08/SES082/SA082S24	SES082	-0.0508423	-5.64145	-5.59061
BLOCK08/SES082/SA082S28	SES082	0.0461802	-5.6434	-5.68958
BLOCK08/SES083/SA083S14	SES083	0.235288	-3.3576	-3.59289
BLOCK08/SES083/SA083S15	SES083	-0.0351911	-5.41773	-5.38254
BLOCK08/SES083/SA083S24	SES083	-0.154811	-4.56604	-4.41123
BLOCK08/SES083/SA083S26	SES083	-0.8332	-7.53735	-6.70415
BLOCK08/SES083/SA083S29	SES083	-0.324984	-5.34759	-5.02261
BLOCK08/SES085/SA085S10	SES085	-0.011313	-3.09786	-3.08655
BLOCK08/SES085/SA085S13	SES085	-0.296637	-6.25366	-5.95702
BLOCK08/SES085/SA085S22	SES085	0.713961	-2.61998	-3.33394
BLOCK08/SES085/SA085S26	SES085	-0.840442	-7.60271	-6.76227
BLOCK08/SES085/SA085S28	SES085	0.632875	-3.20458	-3.83746
BLOCK08/SES087/SA087S15	SES087	0.980251	-4.48249	-5.46274
BLOCK08/SES087/SA087S16	SES087	1.68315	-3.15776	-4.84091
BLOCK08/SES087/SA087S24	SES087	0.493575	-8.43066	-8.92423
BLOCK08/SES087/SA087S26	SES087	0.674215	-4.1344	-4.80861
BLOCK08/SES087/SA087S29	SES087	1.31992	-2.3972	-3.71712
BLOCK09/SES099/SA099S15	SES099	1.48606	-4.58162	-6.06768
BLOCK09/SES099/SA099S16	SES099	1.32497	-1.75094	-3.07591
BLOCK09/SES099/SA099S24	SES099	1.57202	-3.27015	-4.84217
BLOCK09/SES099/SA099S26	SES099	1.32519	-4.37319	-5.69838
BLOCK09/SES099/SA099S29	SES099	1.77608	-4.7183	-6.49437
BLOCK10/SES101/SA101S11	SES101	-0.0219331	-4.34653	-4.3246
BLOCK10/SES101/SA101S13	SES101	0.532762	-0.250777	-0.783539
BLOCK10/SES101/SA101S22	SES101	0.790811	-4.18952	-4.98034
BLOCK10/SES101/SA101S24	SES101	0.297857	-4.00195	-4.2998
BLOCK10/SES101/SA101S28	SES101	0.766212	-3.9467	-4.71291
BLOCK10/SES104/SA104S11	SES104	1.02049	-2.7281	-3.74859
BLOCK10/SES104/SA104S12	SES104	0.396449	-4.24866	-4.64511
BLOCK10/SES104/SA104S21	SES104	0.707205	-3.94255	-4.64976
BLOCK10/SES104/SA104S24	SES104	-0.880637	-7.8375	-6.95686
BLOCK10/SES104/SA104S28	SES104	0.368935	-6.72468	-7.09361
BLOCK10/SES105/SA105S12	SES105	0.898091	-5.61481	-6.5129
BLOCK10/SES105/SA105S13	SES105	-0.319224	-6.09514	-5.77591
BLOCK10/SES105/SA105S22	SES105	-0.0902152	-6.01396	-5.92375
BLOCK10/SES105/SA105S26	SES105	0.464794	-6.37062	-6.83541
BLOCK10/SES105/SA105S29	SES105	0.825805	-3.16332	-3.98912
BLOCK10/SES106/SA106S09	SES106	-0.009552	-8.20321	-8.19366
BLOCK10/SES106/SA106S11	SES106	1.13469	-3.95574	-5.09043
BLOCK10/SES106/SA106S22	SES106	2.13293	-6.94409	-9.07701
BLOCK10/SES106/SA106S27	SES106	1.00006	-3.79443	-4.79449
BLOCK10/SES106/SA106S29	SES106	0.875522	-4.5814	-5.45693
BLOCK11/SES117/SA117S12	SES117	0.180011	-5.83242	-6.01243
BLOCK11/SES117/SA117S13	SES117	-0.314551	-4.43657	-4.12201
BLOCK11/SES117/SA117S23	SES117	1.31522	-7.39148	-8.7067
BLOCK11/SES117/SA117S25	SES117	0.640319	-4.68443	-5.32475
BLOCK11/SES117/SA117S28	SES117	0.687445	-7.40414	-8.09158
BLOCK12/SES120/SA120S08	SES120	0.426063	-7.52832	-7.95439
BLOCK12/SES120/SA120S11	SES120	0.699744	-11.5767	-12.2764
BLOCK12/SES120/SA120S22	SES120	0.296122	-4.77921	-5.07533
BLOCK12/SES120/SA120S24	SES120	-0.727571	-10.213	-9.48541
BLOCK12/SES120/SA120S28	SES120	0.00514698	-7.98495	-7.9901
BLOCK12/SES125/SA125S13	SES125	0.836806	-7.43589	-8.2727
BLOCK12/SES125/SA125S14	SES125	0.803468	-8.3615	-9.16497
BLOCK12/SES125/SA125S25	SES125	1.57812	-5.57011	-7.14822
BLOCK12/SES125/SA125S27	SES125	0.99574	-5.77254	-6.76828
BLOCK12/SES125/SA125S29	SES125	0.28024	-4.922	-5.20224
BLOCK12/SES127/SA127S11	SES127	-0.0350273	-3.77179	-3.73677
BLOCK12/SES127/SA127S12	SES127	0.289583	-0.805051	-1.09463
BLOCK12/SES127/SA127S23	SES127	0.2288	-2.5086	-2.7374
BLOCK12/SES127/SA127S25	SES127	-0.883036	-2.72041	-1.83737
BLOCK12/SES127/SA127S27	SES127	0.347094	-2.76756	-3.11465
BLOCK12/SES129/SA129S11	SES129	0.783996	-1.97581	-2.75981
BLOCK12/SES129/SA129S12	SES129	0.774615	-1.72439	-2.49901
BLOCK12/SES129/SA129S22	SES129	0.502133	-2.73964	-3.24178
BLOCK12/SES129/SA129S27	SES129	1.16453	-2.41139	-3.57592
BLOCK12/SES129/SA129S29	SES129	-0.479097	-7.61417	-7.13508
BLOCK14/SES142/SA142S11	SES142	0.775017	-3.33528	-4.11029
BLOCK14/SES142/SA142S12	SES142	0.471027	-7.71139	-8.18242
BLOCK14/SES142/SA142S24	SES142	0.236033	-6.28499	-6.52102
BLOCK14/SES142/SA142S27	SES142	0.117439	-6.26859	-6.38603
BLOCK14/SES142/SA142S29	SES142	-0.209848	-6.26968	-6.05983
BLOCK14/SES143/SA143S12	SES143	0.654716	-3.92463	-4.57935
BLOCK14/SES143/SA143S13	SES143	1.094	-3.45633	-4.55034
BLOCK14/SES143/SA143S23	SES143	0.283075	-4.2546	-4.53768
BLOCK14/SES143/SA143S25	SES143	0.351634	-6.83099	-7.18262
BLOCK14/SES143/SA143S28	SES143	0.652113	-5.66585	-6.31796
BLOCK14/SES144/SA144S09	SES144	0.226779	-3.63677	-3.86355
BLOCK14/SES144/SA144S11	SES144	0.35656	-3.55336	-3.90992
BLOCK14/SES144/SA144S21	SES144	-0.758956	-4.0443	-3.28535
BLOCK14/SES144/SA144S25	SES144	0.00108624	-4.43929	-4.44038
BLOCK14/SES144/SA144S29	SES144	-1.3084	-6.44405	-5.13565
BLOCK14/SES146/SA146S14	SES146	0.0210919	-5.0422	-5.06329
BLOCK14/SES146/SA146S15	SES146	-0.247992	-5.6165	-5.36851
BLOCK14/SES146/SA146S24	SES146	0.000867367	-6.2678	-6.26866
BLOCK14/SES146/SA146S26	SES146	0.191836	-5.52156	-5.71339
BLOCK14/SES146/SA146S29	SES146	0.196955	-6.43486	-6.63181
BLOCK14/SES147/SA147S11	SES147	0.198463	-5.39524	-5.5937
BLOCK14/SES147/SA147S13	SES147	0.992709	-2.16282	-3.15553
BLOCK14/SES147/SA147S23	SES147	0.491657	-2.95377	-3.44542
BLOCK14/SES147/SA147S26	SES147	0.802295	-2.79087	-3.59317
BLOCK14/SES147/SA147S28	SES147	1.35544	-1.07187	-2.42732
BLOCK14/SES148/SA148S10	SES148	0.182841	-2.43789	-2.62073
BLOCK14/SES148/SA148S12	SES148	0.271829	-3.9172	-4.18903
BLOCK14/SES148/SA148S22	SES148	0.6715	-1.92587	-2.59737
BLOCK14/SES148/SA148S26	SES148	-0.0810704	-1.62641	-1.54534
BLOCK14/SES148/SA148S29	SES148	-0.674114	-5.35917	-4.68505
BLOCK14/SES149/SA149S13	SES149	-0.42549	-4.46541	-4.03992
BLOCK14/SES149/SA149S14	SES149	-0.0639868	-2.51863	-2.45464
BLOCK14/SES149/SA149S24	SES149	0.801732	-2.78328	-3.58501
BLOCK14/SES149/SA149S26	SES149	0.609265	-3.85066	-4.45992
BLOCK14/SES149/SA149S28	SES149	1.65592	1.35745	-0.298476
BLOCK15/SES158/SA158S13	SES158	1.43197	-7.63916	-9.07113
BLOCK15/SES158/SA158S14	SES158	2.21055	-7.59326	-9.80381
BLOCK15/SES158/SA158S23	SES158	1.2619	-5.47764	-6.73954
BLOCK15/SES158/SA158S26	SES158	1.74869	-7.44835	-9.19704
BLOCK15/SES158/SA158S28	SES158	0.59602	-6.88764	-7.48366
BLOCK16/SES162/SA162S10	SES162	0.188961	-6.57791	-6.76687
BLOCK16/SES162/SA162S11	SES162	0.178932	-2.9605	-3.13943
BLOCK16/SES162/SA162S21	SES162	0.472502	-3.49868	-3.97119
BLOCK16/SES162/SA162S24	SES162	1.35764	-2.72632	-4.08395
BLOCK16/SES162/SA162S27	SES162	1.3425	-6.54075	-7.88325
BLOCK16/SES167/SA167S14	SES167	1.18273	-1.13169	-2.31442
BLOCK16/SES167/SA167S15	SES167	0.79084	-0.883438	-1.67428
BLOCK16/SES167/SA167S21	SES167	1.41046	0.510501	-0.899954
BLOCK16/SES167/SA167S25	SES167	2.09554	-2.09705	-4.19259
BLOCK16/SES167/SA167S29	SES167	2.34454	0.820158	-1.52438
BLOCK17/SES172/SA172S12	SES172	0.0611196	-5.48777	-5.54889
BLOCK17/SES172/SA172S13	SES172	0.534114	-5.46051	-5.99462
BLOCK17/SES172/SA172S23	SES172	0.422317	-2.46326	-2.88558
BLOCK17/SES172/SA172S27	SES172	-0.555798	-6.61741	-6.06161
BLOCK17/SES172/SA172S29	SES172	1.27944	-2.973	-4.25245
BLOCK17/SES175/SA175S11	SES175	0.205671	-6.11103	-6.3167
BLOCK17/SES175/SA175S13	SES175	0.421785	-0.930265	-1.35205
BLOCK17/SES175/SA175S23	SES175	0.837695	-2.01432	-2.85202
BLOCK17/SES175/SA175S25	SES175	-0.048275	-5.30086	-5.25258
BLOCK17/SES175/SA175S28	SES175	0.383114	-4.10219	-4.4853
BLOCK17/SES177/SA177S15	SES177	-0.327658	-5.67272	-5.34507
BLOCK17/SES177/SA177S17	SES177	0.0157347	-5.0339	-5.04963
BLOCK17/SES177/SA177S23	SES177	-0.57564	-5.11497	-4.53933
BLOCK17/SES177/SA177S26	SES177	0.387459	-1.47836	-1.86582
BLOCK17/SES177/SA177S28	SES177	-0.421299	-6.6973	-6.276
BLOCK18/SES180/SA180S13	SES180	0.132488	-7.58463	-7.71712
BLOCK18/SES180/SA180S15	SES180	0.190372	-3.0004	-3.19077
BLOCK18/SES180/SA180S24	SES180	-0.0804741	-2.91495	-2.83447
BLOCK18/SES180/SA180S26	SES180	-0.250281	-4.51803	-4.26775
BLOCK18/SES180/SA180S29	SES180	-0.534807	-7.07199	-6.53718
BLOCK18/SES183/SA183S13	SES183	0.466757	-4.49105	-4.9578
BLOCK18/SES183/SA183S14	SES183	-0.282137	-4.90939	-4.62725
BLOCK18/SES183/SA183S24	SES183	0.282528	-6.11198	-6.39451
BLOCK18/SES183/SA183S27	SES183	1.01855	-4.82439	-5.84294
BLOCK18/SES183/SA183S29	SES183	0.844242	-3.1045	-3.94874
BLOCK18/SES187/SA187S13	SES187	-0.105189	-6.72615	-6.62096
BLOCK18/SES187/SA187S14	SES187	-0.419164	-6.96488	-6.54572
BLOCK18/SES187/SA187S24	SES187	0.858145	-4.78372	-5.64187
BLOCK18/SES187/SA187S27	SES187	0.494384	-3.73287	-4.22725
BLOCK18/SES187/SA187S29	SES187	0.325927	-7.91929	-8.24522
BLOCK18/SES189/SA189S10	SES189	0.926587	-5.88248	-6.80907
BLOCK18/SES189/SA189S13	SES189	0.833768	-9.69645	-10.5302
BLOCK18/SES189/SA189S24	SES189	1.15175	-5.39678	-6.54854
BLOCK18/SES189/SA189S26	SES189	0.638532	-5.8129	-6.45143
BLOCK18/SES189/SA189S29	SES189	0.995933	-5.12055	-6.11648
BLOCK20/SES202/SA202S12	SES202	1.02834	-8.21317	-9.24151
BLOCK20/SES202/SA202S14	SES202	1.06043	-6.03202	-7.09245
BLOCK20/SES202/SA202S24	SES202	-0.294693	-7.58125	-7.28656
BLOCK20/SES202/SA202S27	SES202	0.725265	-4.0906	-4.81586
BLOCK20/SES202/SA202S29	SES202	0.779017	-5.41162	-6.19064
BLOCK20/SES206/SA206S15	SES206	-0.3901	-3.21935	-2.82925
BLOCK20/SES206/SA206S17	SES206	0.575388	-5.32111	-5.8965
BLOCK20/SES206/SA206S24	SES206	0.895254	-3.05383	-3.94908
BLOCK20/SES206/SA206S27	SES206	1.55971	-5.94859	-7.5083
BLOCK20/SES206/SA206S29	SES206	1.20327	-6.23511	-7.43839
BLOCK22/SES226/SA226S12	SES226	1.07595	-3.76761	-4.84356
BLOCK22/SES226/SA226S13	SES226	-1.09283	-5.23012	-4.13728
BLOCK22/SES226/SA226S20	SES226	0.270176	-3.95786	-4.22804
BLOCK22/SES226/SA226S23	SES226	0.0616872	-3.44135	-3.50304
BLOCK22/SES226/SA226S28	SES226	0.721225	-3.11573	-3.83696
BLOCK25/SES259/SA259S13	SES259	2.59339	-4.12203	-6.71542
BLOCK25/SES259/SA259S14	SES259	1.54324	-4.09051	-5.63375
BLOCK25/SES259/SA259S22	SES259	0.665529	-4.65804	-5.32357
BLOCK25/SES259/SA259S24	SES259	0.638307	-5.53878	-6.17709
BLOCK25/SES259/SA259S28	SES259	0.876698	-4.64591	-5.52261
BLOCK27/SES270/SA270S14	SES270	1.56013	-3.67155	-5.23168
BLOCK27/SES270/SA270S16	SES270	0.709955	-3.21505	-3.925
BLOCK27/SES270/SA270S22	SES270	1.96295	-3.04332	-5.00627
BLOCK27/SES270/SA270S26	SES270	1.98908	-4.23525	-6.22433
BLOCK27/SES270/SA270S28	SES270	1.9369	-1.53395	-3.47085
BLOCK27/SES275/SA275S17	SES275	0.195451	-3.95444	-4.1499
BLOCK27/SES275/SA275S18	SES275	-0.235981	-4.96854	-4.73256
BLOCK27/SES275/SA275S24	SES275	0.562418	-4.80185	-5.36427
BLOCK27/SES275/SA275S26	SES275	0.488554	-3.78374	-4.27229
BLOCK27/SES275/SA275S28	SES275	0.199103	-4.2382	-4.43731
BLOCK29/SES292/SA292S10	SES292	0.385508	-3.72079	-4.1063
BLOCK29/SES292/SA292S12	SES292	0.771166	-5.32718	-6.09834
BLOCK29/SES292/SA292S22	SES292	-0.375838	-5.04951	-4.67367
BLOCK29/SES292/SA292S24	SES292	0.247986	-2.3314	-2.57939
BLOCK29/SES292/SA292S27	SES292	-0.671031	-4.0359	-3.36487
BLOCK00/SES001/SA001S14	SES062	-3.15162	-10.3951	-7.24347
BLOCK00/SES001/SA001S14	SES082	-1.20856	-8.45203	-7.24347
BLOCK00/SES001/SA001S14	SES106	-0.604671	-7.84815	-7.24347
BLOCK00/SES001/SA001S14	SES206	-1.74807	-8.99154	-7.24347
BLOCK00/SES001/SA001S15	SES062	-2.95229	-8.55436	-5.60206
BLOCK00/SES001/SA001S15	SES104	-1.13757	-6.73963	-5.60206
BLOCK00/SES001/SA001S15	SES106	-0.575477	-6.17754	-5.60206
BLOCK00/SES001/SA001S15	SES206	-1.77766	-7.37973	-5.60206
BLOCK00/SES001/SA001S24	SES062	-3.64988	-11.2806	-7.63071
BLOCK00/SES001/SA001S24	SES082	-2.50972	-10.1404	-7.63071
BLOCK00/SES001/SA001S24	SES087	-3.52687	-11.1576	-7.63071
BLOCK00/SES001/SA001S24	SES206	-1.52146	-9.15218	-7.63071
BLOCK00/SES001/SA001S27	SES062	-1.98907	-4.27235	-2.28328
BLOCK00/SES001/SA001S27	SES082	-1.45742	-3.7407	-2.28328
BLOCK00/SES001/SA001S27	SES087	-1.44313	-3.72642	-2.28328
BLOCK00/SES001/SA001S27	SES206	-2.14537	-4.42865	-2.28328
BLOCK00/SES001/SA001S29	SES062	-2.82393	-9.16028	-6.33634
BLOCK00/SES001/SA001S29	SES082	-1.30086	-7.6372	-6.33634
BLOCK00/SES001/SA001S29	SES158	-0.942721	-7.27907	-6.33634
BLOCK00/SES001/SA001S29	SES206	-2.35832	-8.69466	-6.33634
BLOCK00/SES003/SA003S11	SES002	0.114864	-3.04533	-3.16019
BLOCK00/SES003/SA003S11	SES019	-1.46627	-4.62646	-3.16019
BLOCK00/SES003/SA003S11	SES082	-0.682002	-3.84219	-3.16019
BLOCK00/SES003/SA003S11	SES125	-1.27527	-4.43546	-3.16019
BLOCK00/SES003/SA003S15	SES016	-1.44655	-6.1178	-4.67125
BLOCK00/SES003/SA003S15	SES019	-3.02279	-7.69404	-4.67125
BLOCK00/SES003/SA003S15	SES062	-0.68602	-5.35727	-4.67125
BLOCK00/SES003/SA003S15	SES206	-0.243689	-4.91494	-4.67125
BLOCK00/SES003/SA003S22	SES002	-0.783556	-4.7284	-3.94484
BLOCK00/SES003/SA003S22	SES062	-1.41703	-5.36187	-3.94484
BLOCK00/SES003/SA003S22	SES082	-1.68707	-5.63191	-3.94484
BLOCK00/SES003/SA003S22	SES087	-1.43893	-5.38377	-3.94484
BLOCK00/SES003/SA003S25	SES062	-2.25589	-8.2506	-5.99471
BLOCK00/SES003/SA003S25	SES082	-1.9344	-7.92912	-5.99471
BLOCK00/SES003/SA003S25	SES087	-0.278532	-6.27324	-5.99471
BLOCK00/SES003/SA003S25	SES206	-2.54845	-8.54316	-5.99471
BLOCK00/SES003/SA003S29	SES002	-1.01119	-5.00867	-3.99749
BLOCK00/SES003/SA003S29	SES062	-2.53996	-6.53745	-3.99749
BLOCK00/SES003/SA003S29	SES082	-1.63161	-5.62909	-3.99749
BLOCK00/SES003/SA003S29	SES087	-1.17314	-5.17063	-3.99749
BLOCK00/SES004/SA004S12	SES083	-1.18996	-3.74818	-2.55822
BLOCK00/SES004/SA004S12	SES148	-1.73894	-4.29716	-2.55822
BLOCK00/SES004/SA004S12	SES172	-0.747328	-3.30555	-2.55822
BLOCK00/SES004/SA004S12	SES292	-1.48979	-4.048	-2.55822
BLOCK00/SES004/SA004S17	SES083	-1.04249	-4.67997	-3.63748
BLOCK00/SES004/SA004S17	SES162	-0.68227	-4.31975	-3.63748
BLOCK00/SES004/SA004S17	SES172	-0.141777	-3.77926	-3.63748
BLOCK00/SES004/SA004S17	SES292	-1.20586	-4.84334	-3.63748
BLOCK00/SES004/SA004S24	SES083	-1.46251	-5.50947	-4.04696
BLOCK00/SES004/SA004S24	SES148	-2.51576	-6.56272	-4.04696
BLOCK00/SES004/SA004S24	SES172	-0.337437	-4.3844	-4.04696
BLOCK00/SES004/SA004S24	SES292	-1.41282	-5.45978	-4.04696
BLOCK00/SES004/SA004S26	SES083	-1.15279	-6.34257	-5.18978
BLOCK00/SES004/SA004S26	SES127	-2.39552	-7.5853	-5.18978
BLOCK00/SES004/SA004S26	SES148	-2.48955	-7.67932	-5.18978
BLOCK00/SES004/SA004S26	SES292	-1.70527	-6.89505	-5.18978
BLOCK00/SES004/SA004S28	SES083	-1.32445	-1.85066	-0.526206
BLOCK00/SES004/SA004S28	SES127	-0.464205	-0.990411	-0.526206
BLOCK00/SES004/SA004S28	SES187	-0.249538	-0.775744	-0.526206
BLOCK00/SES004/SA004S28	SES292	-0.857916	-1.38412	-0.526206
BLOCK00/SES006/SA006S10	SES014	-5.17514	-14.3362	-9.16102
BLOCK00/SES006/SA006S10	SES158	-5.77462	-14.9356	-9.16102
BLOCK00/SES006/SA006S10	SES226	-5.60033	-14.7613	-9.16102
BLOCK00/SES006/SA006S10	SES270	-3.60766	-12.7687	-9.16102
BLOCK00/SES006/SA006S11	SES158	-4.26228	-12.1446	-7.88234
BLOCK00/SES006/SA006S11	SES226	-3.9011	-11.7834	-7.88234
BLOCK00/SES006/SA006S11	SES270	-2.41737	-10.2997	-7.88234
BLOCK00/SES006/SA006S11	SES275	-1.99279	-9.87513	-7.88234
BLOCK00/SES006/SA006S23	SES062	-4.59535	-11.7497	-7.15432
BLOCK00/SES006/SA006S23	SES105	-3.2046	-10.3589	-7.15432
BLOCK00/SES006/SA006S23	SES158	-4.02084	-11.1752	-7.15432
BLOCK00/SES006/SA006S23	SES275	-2.70163	-9.85595	-7.15432
BLOCK00/SES006/SA006S26	SES104	-6.30432	-14.2992	-7.9949
BLOCK00/SES006/SA006S26	SES158	-4.4925	-12.4874	-7.9949
BLOCK00/SES006/SA006S26	SES270	-2.47085	-10.4658	-7.9949
BLOCK00/SES006/SA006S26	SES275	-2.79533	-10.7902	-7.9949
BLOCK00/SES006/SA006S28	SES007	-2.96397	-10.8235	-7.85957
BLOCK00/SES006/SA006S28	SES105	-2.55967	-10.4192	-7.85957
BLOCK00/SES006/SA006S28	SES158	-2.5527	-10.4123	-7.85957
BLOCK00/SES006/SA006S28	SES275	-2.46152	-10.3211	-7.85957
BLOCK00/SES009/SA009S12	SES083	-2.33364	-8.89543	-6.56179
BLOCK00/SES009/SA009S12	SES148	-3.62038	-10.1822	-6.56179
BLOCK00/SES009/SA009S12	SES177	-0.673094	-7.23489	-6.56179
BLOCK00/SES009/SA009S12	SES292	-1.47149	-8.03328	-6.56179
BLOCK00/SES009/SA009S15	SES007	-1.06182	-6.71337	-5.65154
BLOCK00/SES009/SA009S15	SES099	-3.68929	-9.34084	-5.65154
BLOCK00/SES009/SA009S15	SES148	-4.18608	-9.83762	-5.65154
BLOCK00/SES009/SA009S15	SES172	-0.660055	-6.3116	-5.65154
BLOCK00/SES009/SA009S24	SES146	-1.12261	-7.62313	-6.50051
BLOCK00/SES009/SA009S24	SES148	-4.14707	-10.6476	-6.50051
BLOCK00/SES009/SA009S24	SES177	-0.7807	-7.28121	-6.50051
BLOCK00/SES009/SA009S24	SES292	-1.49263	-7.99314	-6.50051
BLOCK00/SES009/SA009S26	SES083	-2.50884	-7.42351	-4.91467
BLOCK00/SES009/SA009S26	SES101	-2.61696	-7.53163	-4.91467
BLOCK00/SES009/SA009S26	SES120	-1.27661	-6.19128	-4.91467
BLOCK00/SES009/SA009S26	SES177	-1.12103	-6.0357	-4.91467
BLOCK00/SES009/SA009S29	SES083	-2.15111	-7.25435	-5.10324
BLOCK00/SES009/SA009S29	SES101	-2.0586	-7.16183	-5.10324
BLOCK00/SES009/SA009S29	SES177	-1.38714	-6.49038	-5.10324
BLOCK00/SES009/SA009S29	SES292	-1.54598	-6.64922	-5.10324
BLOCK01/SES011/SA011S10	SES019	-3.55126	-12.8609	-9.3096
BLOCK01/SES011/SA011S10	SES042	-0.447322	-9.75692	-9.3096
BLOCK01/SES011/SA011S10	SES082	-2.25164	-11.5612	-9.3096
BLOCK01/SES011/SA011S10	SES206	-0.698266	-10.0079	-9.3096
BLOCK01/SES011/SA011S11	SES019	-3.04587	-10.6669	-7.62107
BLOCK01/SES011/SA011S11	SES042	-1.1516	-8.77267	-7.62107
BLOCK01/SES011/SA011S11	SES082	-1.37007	-8.99114	-7.62107
BLOCK01/SES011/SA011S11	SES206	-2.44551	-10.0666	-7.62107
BLOCK01/SES011/SA011S22	SES019	-1.25006	-10.1114	-8.8613
BLOCK01/SES011/SA011S22	SES042	0.265679	-8.59562	-8.8613
BLOCK01/SES011/SA011S22	SES082	-1.14732	-10.0086	-8.8613
BLOCK01/SES011/SA011S22	SES206	-1.17372	-10.035	-8.8613
BLOCK01/SES011/SA011S24	SES019	-2.86842	-10.4989	-7.63049
BLOCK01/SES011/SA011S24	SES042	-0.266394	-7.89688	-7.63049
BLOCK01/SES011/SA011S24	SES104	-0.773168	-8.40366	-7.63049
BLOCK01/SES011/SA011S24	SES206	-0.378578	-8.00907	-7.63049
BLOCK01/SES011/SA011S27	SES082	-0.934475	-7.65015	-6.71568
BLOCK01/SES011/SA011S27	SES087	-3.28536	-10.001	-6.71568
BLOCK01/SES011/SA011S27	SES125	-2.28378	-8.99945	-6.71568
BLOCK01/SES011/SA011S27	SES206	-1.55874	-8.27441	-6.71568
BLOCK01/SES012/SA012S11	SES007	-1.13001	-5.04517	-3.91517
BLOCK01/SES012/SA012S11	SES082	-0.607495	-4.52266	-3.91517
BLOCK01/SES012/SA012S11	SES083	-1.5155	-5.43066	-3.91517
BLOCK01/SES012/SA012S11	SES206	-0.280432	-4.1956	-3.91517
BLOCK01/SES012/SA012S14	SES082	-1.00873	-7.24006	-6.23133
BLOCK01/SES012/SA012S14	SES087	-2.37977	-8.6111	-6.23133
BLOCK01/SES012/SA012S14	SES206	-0.813542	-7.04487	-6.23133
BLOCK01/SES012/SA012S14	SES292	-1.38896	-7.62029	-6.23133
BLOCK01/SES012/SA012S24	SES082	-1.45294	-9.77291	-8.31997
BLOCK01/SES012/SA012S24	SES087	-2.33181	-10.6518	-8.31997
BLOCK01/SES012/SA012S24	SES120	-2.03504	-10.355	-8.31997
BLOCK01/SES012/SA012S24	SES206	-1.19868	-9.51865	-8.31997
BLOCK01/SES012/SA012S26	SES019	-6.93185	-15.5255	-8.5937
BLOCK01/SES012/SA012S26	SES082	-1.60924	-10.2029	-8.5937
BLOCK01/SES012/SA012S26	SES206	0.166423	-8.42728	-8.5937
BLOCK01/SES012/SA012S26	SES292	-1.42392	-10.0176	-8.5937
BLOCK01/SES012/SA012S29	SES062	-1.2005	-3.36426	-2.16376
BLOCK01/SES012/SA012S29	SES082	-0.53912	-2.70288	-2.16376
BLOCK01/SES012/SA012S29	SES083	-2.20722	-4.37098	-2.16376
BLOCK01/SES012/SA012S29	SES206	0.0428977	-2.12086	-2.16376
BLOCK01/SES013/SA013S16	SES062	-3.27741	-11.0382	-7.76076
BLOCK01/SES013/SA013S16	SES106	-2.06658	-9.82734	-7.76076
BLOCK01/SES013/SA013S16	SES206	-2.219	-9.97977	-7.76076
BLOCK01/SES013/SA013S16	SES226	-2.42711	-10.1879	-7.76076
BLOCK01/SES013/SA013S17	SES062	-1.9118	-6.91987	-5.00807
BLOCK01/SES013/SA013S17	SES106	-2.44429	-7.45237	-5.00807
BLOCK01/SES013/SA013S17	SES206	-1.24507	-6.25315	-5.00807
BLOCK01/SES013/SA013S17	SES226	-0.507992	-5.51607	-5.00807
BLOCK01/SES013/SA013S23	SES104	-0.606468	-6.39739	-5.79092
BLOCK01/SES013/SA013S23	SES106	-1.01287	-6.8038	-5.79092
BLOCK01/SES013/SA013S23	SES206	-1.38368	-7.1746	-5.79092
BLOCK01/SES013/SA013S23	SES270	-1.43911	-7.23003	-5.79092
BLOCK01/SES013/SA013S25	SES042	-3.65346	-9.80403	-6.15058
BLOCK01/SES013/SA013S25	SES104	0.544328	-5.60625	-6.15058
BLOCK01/SES013/SA013S25	SES106	-0.0247359	-6.17531	-6.15058
BLOCK01/SES013/SA013S25	SES206	-0.894666	-7.04524	-6.15058
BLOCK01/SES013/SA013S29	SES062	-3.91764	-10.5437	-6.62608
BLOCK01/SES013/SA013S29	SES104	-1.01577	-7.64186	-6.62608
BLOCK01/SES013/SA013S29	SES106	-1.01283	-7.63891	-6.62608
BLOCK01/SES013/SA013S29	SES206	-1.81476	-8.44084	-6.62608
BLOCK02/SES021/SA021S13	SES016	-2.86308	-7.79883	-4.93575
BLOCK02/SES021/SA021S13	SES029	-2.07732	-7.01307	-4.93575
BLOCK02/SES021/SA021S13	SES087	-2.4131	-7.34885	-4.93575
BLOCK02/SES021/SA021S13	SES206	-1.61582	-6.55158	-4.93575
BLOCK02/SES021/SA021S15	SES087	-1.20505	-5.97036	-4.76531
BLOCK02/SES021/SA021S15	SES125	-1.34989	-6.11519	-4.76531
BLOCK02/SES021/SA021S15	SES206	-1.48146	-6.24677	-4.76531
BLOCK02/SES021/SA021S15	SES226	-1.59149	-6.3568	-4.76531
BLOCK02/SES021/SA021S23	SES062	-2.91975	-8.67584	-5.75608
BLOCK02/SES021/SA021S23	SES087	-0.436882	-6.19297	-5.75608
BLOCK02/SES021/SA021S23	SES206	-1.24456	-7.00065	-5.75608
BLOCK02/SES021/SA021S23	SES226	-0.786052	-6.54214	-5.75608
BLOCK02/SES021/SA021S27	SES002	-3.00651	-5.92588	-2.91937
BLOCK02/SES021/SA021S27	SES016	-4.40412	-7.32349	-2.91937
BLOCK02/SES021/SA021S27	SES019	-2.86732	-5.78669	-2.91937
BLOCK02/SES021/SA021S27	SES062	-1.57088	-4.49025	-2.91937
BLOCK02/SES021/SA021S29	SES087	-1.18285	-6.06246	-4.87961
BLOCK02/SES021/SA021S29	SES125	-1.5575	-6.43711	-4.87961
BLOCK02/SES021/SA021S29	SES206	-0.398315	-5.27793	-4.87961
BLOCK02/SES021/SA021S29	SES226	-0.673813	-5.55342	-4.87961
BLOCK04/SES043/SA043S09	SES083	-0.58	-7.2393	-6.6593
BLOCK04/SES043/SA043S09	SES101	-0.503739	-7.16304	-6.6593
BLOCK04/SES043/SA043S09	SES144	-0.645761	-7.30506	-6.6593
BLOCK04/SES043/SA043S09	SES172	-1.63543	-8.29472	-6.6593
BLOCK04/SES043/SA043S11	SES083	-0.528418	-3.81081	-3.28239
BLOCK04/SES043/SA043S11	SES101	-0.60102	-3.88341	-3.28239
BLOCK04/SES043/SA043S11	SES144	-0.175815	-3.45821	-3.28239
BLOCK04/SES043/SA043S11	SES172	-1.48237	-4.76476	-3.28239
BLOCK04/SES043/SA043S23	SES083	-0.743227	-4.64883	-3.9056
BLOCK04/SES043/SA043S23	SES144	-0.232773	-4.13838	-3.9056
BLOCK04/SES043/SA043S23	SES177	-1.45585	-5.36146	-3.9056
BLOCK04/SES043/SA043S23	SES275	-0.884533	-4.79014	-3.9056
BLOCK04/SES043/SA043S26	SES083	-1.10827	-9.93632	-8.82805
BLOCK04/SES043/SA043S26	SES101	-0.850909	-9.67896	-8.82805
BLOCK04/SES043/SA043S26	SES144	-0.570621	-9.39867	-8.82805
BLOCK04/SES043/SA043S26	SES177	-2.07391	-10.902	-8.82805
BLOCK04/SES043/SA043S28	SES016	-2.23019	-7.01361	-4.78343
BLOCK04/SES043/SA043S28	SES083	-1.34107	-6.12449	-4.78343
BLOCK04/SES043/SA043S28	SES101	-1.11859	-5.90202	-4.78343
BLOCK04/SES043/SA043S28	SES144	-1.45376	-6.23719	-4.78343
BLOCK04/SES044/SA044S10	SES127	-5.11747	-14.9332	-9.81574
BLOCK04/SES044/SA044S10	SES144	-1.62557	-11.4413	-9.81574
BLOCK04/SES044/SA044S10	SES147	-3.58206	-13.3978	-9.81574
BLOCK04/SES044/SA044S10	SES148	-3.41927	-13.235	-9.81574
BLOCK04/SES044/SA044S11	SES101	-1.38323	-8.67383	-7.2906
BLOCK04/SES044/SA044S11	SES144	-0.56941	-7.86001	-7.2906
BLOCK04/SES044/SA044S11	SES147	-1.79965	-9.09025	-7.2906
BLOCK04/SES044/SA044S11	SES177	-1.9113	-9.20189	-7.2906
BLOCK04/SES044/SA044S24	SES007	-2.87886	-9.40783	-6.52896
BLOCK04/SES044/SA044S24	SES101	-0.689691	-7.21865	-6.52896
BLOCK04/SES044/SA044S24	SES147	-1.63276	-8.16172	-6.52896
BLOCK04/SES044/SA044S24	SES177	-2.08093	-8.60989	-6.52896
BLOCK04/SES044/SA044S26	SES007	-1.59877	-5.64312	-4.04435
BLOCK04/SES044/SA044S26	SES016	-1.21996	-5.26431	-4.04435
BLOCK04/SES044/SA044S26	SES101	-1.81017	-5.85452	-4.04435
BLOCK04/SES044/SA044S26	SES147	-1.39305	-5.4374	-4.04435
BLOCK04/SES044/SA044S29	SES007	-2.52792	-7.22695	-4.69903
BLOCK04/SES044/SA044S29	SES101	-2.09454	-6.79357	-4.69903
BLOCK04/SES044/SA044S29	SES147	-2.04819	-6.74722	-4.69903
BLOCK04/SES044/SA044S29	SES177	-2.43093	-7.12995	-4.69903
BLOCK04/SES046/SA046S13	SES101	-0.608427	-7.34549	-6.73706
BLOCK04/SES046/SA046S13	SES144	-1.09165	-7.82871	-6.73706
BLOCK04/SES046/SA046S13	SES147	-1.42999	-8.16705	-6.73706
BLOCK04/SES046/SA046S13	SES177	-1.48464	-8.2217	-6.73706
BLOCK04/SES046/SA046S15	SES048	-0.23658	-3.28646	-3.04988
BLOCK04/SES046/SA046S15	SES083	-1.1158	-4.16568	-3.04988
BLOCK04/SES046/SA046S15	SES120	-2.11793	-5.16781	-3.04988
BLOCK04/SES046/SA046S15	SES148	-1.62704	-4.67692	-3.04988
BLOCK04/SES046/SA046S22	SES101	-1.3031	-6.95085	-5.64775
BLOCK04/SES046/SA046S22	SES144	-0.236382	-5.88413	-5.64775
BLOCK04/SES046/SA046S22	SES147	-1.40486	-7.0526	-5.64775
BLOCK04/SES046/SA046S22	SES172	-0.859963	-6.50771	-5.64775
BLOCK04/SES046/SA046S25	SES083	-1.20158	-4.54234	-3.34076
BLOCK04/SES046/SA046S25	SES127	-1.1344	-4.47516	-3.34076
BLOCK04/SES046/SA046S25	SES144	-0.989258	-4.33002	-3.34076
BLOCK04/SES046/SA046S25	SES148	-1.15577	-4.49653	-3.34076
BLOCK04/SES046/SA046S28	SES007	-2.05188	-6.80947	-4.75759
BLOCK04/SES046/SA046S28	SES105	-1.34273	-6.10032	-4.75759
BLOCK04/SES046/SA046S28	SES147	-1.40887	-6.16645	-4.75759
BLOCK04/SES046/SA046S28	SES148	-2.22342	-6.981	-4.75759
BLOCK04/SES049/SA049S16	SES104	-1.19685	-8.24668	-7.04984
BLOCK04/SES049/SA049S16	SES106	-2.52104	-9.57088	-7.04984
BLOCK04/SES049/SA049S16	SES120	-1.84458	-8.89441	-7.04984
BLOCK04/SES049/SA049S16	SES206	-1.51454	-8.56437	-7.04984
BLOCK04/SES049/SA049S18	SES099	0.205868	-6.40628	-6.61215
BLOCK04/SES049/SA049S18	SES104	-0.885815	-7.49797	-6.61215
BLOCK04/SES049/SA049S18	SES125	-2.37691	-8.98906	-6.61215
BLOCK04/SES049/SA049S18	SES206	-1.60796	-8.22011	-6.61215
BLOCK04/SES049/SA049S25	SES087	-0.969184	-7.78016	-6.81097
BLOCK04/SES049/SA049S25	SES104	-0.27714	-7.08811	-6.81097
BLOCK04/SES049/SA049S25	SES125	-1.57019	-8.38116	-6.81097
BLOCK04/SES049/SA049S25	SES206	-0.778841	-7.58981	-6.81097
BLOCK04/SES049/SA049S27	SES099	-1.17864	-2.7841	-1.60546
BLOCK04/SES049/SA049S27	SES104	-0.50296	-2.10842	-1.60546
BLOCK04/SES049/SA049S27	SES125	-2.03203	-3.63749	-1.60546
BLOCK04/SES049/SA049S27	SES206	-1.4784	-3.08385	-1.60546
BLOCK04/SES049/SA049S29	SES099	0.141696	-2.63597	-2.77767
BLOCK04/SES049/SA049S29	SES104	0.370317	-2.40735	-2.77767
BLOCK04/SES049/SA049S29	SES125	-0.622766	-3.40043	-2.77767
BLOCK04/SES049/SA049S29	SES206	-1.07199	-3.84965	-2.77767
BLOCK06/SES063/SA063S09	SES068	-1.86411	-8.95861	-7.09449
BLOCK06/SES063/SA063S09	SES083	-0.568791	-7.66329	-7.09449
BLOCK06/SES063/SA063S09	SES177	-1.17502	-8.26952	-7.09449
BLOCK06/SES063/SA063S09	SES187	-2.27632	-9.37082	-7.09449
BLOCK06/SES063/SA063S10	SES068	-2.08804	-8.54511	-6.45707
BLOCK06/SES063/SA063S10	SES083	-1.19442	-7.65149	-6.45707
BLOCK06/SES063/SA063S10	SES172	-1.88666	-8.34373	-6.45707
BLOCK06/SES063/SA063S10	SES187	-1.38632	-7.84339	-6.45707
BLOCK06/SES063/SA063S20	SES068	-2.39925	-10.0015	-7.60229
BLOCK06/SES063/SA063S20	SES083	-0.880663	-8.48295	-7.60229
BLOCK06/SES063/SA063S20	SES172	-0.960934	-8.56322	-7.60229
BLOCK06/SES063/SA063S20	SES187	-0.903615	-8.50591	-7.60229
BLOCK06/SES063/SA063S24	SES029	-3.18369	-10.202	-7.01832
BLOCK06/SES063/SA063S24	SES083	-0.76658	-7.7849	-7.01832
BLOCK06/SES063/SA063S24	SES177	-1.97495	-8.99327	-7.01832
BLOCK06/SES063/SA063S24	SES189	-1.45473	-8.47306	-7.01832
BLOCK06/SES063/SA063S27	SES083	-0.50508	-8.09569	-7.59061
BLOCK06/SES063/SA063S27	SES172	-1.85136	-9.44197	-7.59061
BLOCK06/SES063/SA063S27	SES187	-1.3504	-8.94101	-7.59061
BLOCK06/SES063/SA063S27	SES292	-1.752	-9.34261	-7.59061
BLOCK06/SES067/SA067S12	SES083	-1.13166	-5.44192	-4.31026
BLOCK06/SES067/SA067S12	SES172	-1.41794	-5.7282	-4.31026
BLOCK06/SES067/SA067S12	SES202	-1.34292	-5.65317	-4.31026
BLOCK06/SES067/SA067S12	SES292	-1.52708	-5.83733	-4.31026
BLOCK06/SES067/SA067S14	SES085	-0.960561	-2.94852	-1.98796
BLOCK06/SES067/SA067S14	SES177	-1.72645	-3.7144	-1.98796
BLOCK06/SES067/SA067S14	SES183	0.326295	-1.66166	-1.98796
BLOCK06/SES067/SA067S14	SES202	-1.44473	-3.43269	-1.98796
BLOCK06/SES067/SA067S21	SES144	-1.25464	-6.13717	-4.88253
BLOCK06/SES067/SA067S21	SES177	-1.45422	-6.33675	-4.88253
BLOCK06/SES067/SA067S21	SES183	-0.352608	-5.23514	-4.88253
BLOCK06/SES067/SA067S21	SES189	-1.50317	-6.3857	-4.88253
BLOCK06/SES067/SA067S25	SES085	-2.28045	-8.00243	-5.72198
BLOCK06/SES067/SA067S25	SES177	-1.27636	-6.99834	-5.72198
BLOCK06/SES067/SA067S25	SES183	-1.23082	-6.9528	-5.72198
BLOCK06/SES067/SA067S25	SES202	-1.37615	-7.09812	-5.72198
BLOCK06/SES067/SA067S29	SES085	-3.39009	-9.73623	-6.34615
BLOCK06/SES067/SA067S29	SES177	-3.14535	-9.49149	-6.34615
BLOCK06/SES067/SA067S29	SES183	-1.28162	-7.62777	-6.34615
BLOCK06/SES067/SA067S29	SES202	-3.05578	-9.40193	-6.34615
BLOCK06/SES069/SA069S12	SES029	-2.17765	-5.9078	-3.73014
BLOCK06/SES069/SA069S12	SES082	-0.685905	-4.41605	-3.73014
BLOCK06/SES069/SA069S12	SES087	-0.817168	-4.54731	-3.73014
BLOCK06/SES069/SA069S12	SES206	-0.412768	-4.14291	-3.73014
BLOCK06/SES069/SA069S13	SES029	-1.90188	-4.6154	-2.71352
BLOCK06/SES069/SA069S13	SES087	-0.296254	-3.00977	-2.71352
BLOCK06/SES069/SA069S13	SES206	-1.65658	-4.3701	-2.71352
BLOCK06/SES069/SA069S13	SES226	-0.0255501	-2.73907	-2.71352
BLOCK06/SES069/SA069S23	SES029	-0.660275	-1.74944	-1.08917
BLOCK06/SES069/SA069S23	SES087	0.492419	-0.596751	-1.08917
BLOCK06/SES069/SA069S23	SES206	-0.450685	-1.53985	-1.08917
BLOCK06/SES069/SA069S23	SES226	0.460852	-0.628318	-1.08917
BLOCK06/SES069/SA069S25	SES087	-0.234804	-3.95576	-3.72095
BLOCK06/SES069/SA069S25	SES206	-1.9564	-5.67736	-3.72095
BLOCK06/SES069/SA069S25	SES226	-0.453685	-4.17464	-3.72095
BLOCK06/SES069/SA069S25	SES270	-1.56174	-5.28269	-3.72095
BLOCK06/SES069/SA069S27	SES087	-1.54872	-5.93871	-4.38999
BLOCK06/SES069/SA069S27	SES206	-0.856351	-5.24634	-4.38999
BLOCK06/SES069/SA069S27	SES226	-0.597872	-4.98786	-4.38999
BLOCK06/SES069/SA069S27	SES270	-1.2864	-5.67639	-4.38999
BLOCK08/SES081/SA081S11	SES060	-2.0882	-9.2041	-7.1159
BLOCK08/SES081/SA081S11	SES062	-1.51675	-8.63265	-7.1159
BLOCK08/SES081/SA081S11	SES117	-2.25309	-9.36899	-7.1159
BLOCK08/SES081/SA081S11	SES162	-2.33002	-9.44592	-7.1159
BLOCK08/SES081/SA081S13	SES016	-2.3432	-7.0006	-4.6574
BLOCK08/SES081/SA081S13	SES060	-1.44543	-6.10282	-4.6574
BLOCK08/SES081/SA081S13	SES068	-1.36084	-6.01823	-4.6574
BLOCK08/SES081/SA081S13	SES129	-3.38501	-8.04241	-4.6574
BLOCK08/SES081/SA081S24	SES060	-0.960973	-6.11846	-5.15749
BLOCK08/SES081/SA081S24	SES068	-1.12168	-6.27917	-5.15749
BLOCK08/SES081/SA081S24	SES117	-1.75814	-6.91563	-5.15749
BLOCK08/SES081/SA081S24	SES275	-1.65043	-6.80792	-5.15749
BLOCK08/SES081/SA081S27	SES007	-1.82208	-11.5001	-9.67802
BLOCK08/SES081/SA081S27	SES060	-2.69318	-12.3712	-9.67802
BLOCK08/SES081/SA081S27	SES117	-1.81884	-11.4969	-9.67802
BLOCK08/SES081/SA081S27	SES275	-2.65049	-12.3285	-9.67802
BLOCK08/SES081/SA081S29	SES007	-0.587813	-9.4962	-8.90839
BLOCK08/SES081/SA081S29	SES060	-1.74063	-10.649	-8.90839
BLOCK08/SES081/SA081S29	SES117	-2.0067	-10.9151	-8.90839
BLOCK08/SES081/SA081S29	SES275	-2.75002	-11.6584	-8.90839
BLOCK08/SES086/SA086S11	SES029	-3.79103	-12.7007	-8.90965
BLOCK08/SES086/SA086S11	SES082	-1.63316	-10.5428	-8.90965
BLOCK08/SES086/SA086S11	SES087	-0.266626	-9.17628	-8.90965
BLOCK08/SES086/SA086S11	SES206	-2.29648	-11.2061	-8.90965
BLOCK08/SES086/SA086S12	SES029	-2.72628	-9.80175	-7.07548
BLOCK08/SES086/SA086S12	SES082	-1.82725	-8.90273	-7.07548
BLOCK08/SES086/SA086S12	SES087	0.177413	-6.89806	-7.07548
BLOCK08/SES086/SA086S12	SES206	-1.43513	-8.5106	-7.07548
BLOCK08/SES086/SA086S20	SES029	-2.34845	-8.94127	-6.59281
BLOCK08/SES086/SA086S20	SES082	-1.6791	-8.27191	-6.59281
BLOCK08/SES086/SA086S20	SES087	0.0788784	-6.51394	-6.59281
BLOCK08/SES086/SA086S20	SES206	-1.13478	-7.72759	-6.59281
BLOCK08/SES086/SA086S24	SES087	-0.304377	-7.85836	-7.55399
BLOCK08/SES086/SA086S24	SES104	-0.818118	-8.3721	-7.55399
BLOCK08/SES086/SA086S24	SES120	-0.023232	-7.57722	-7.55399
BLOCK08/SES086/SA086S24	SES206	-0.399219	-7.9532	-7.55399
BLOCK08/SES086/SA086S28	SES029	-2.36395	-7.06449	-4.70054
BLOCK08/SES086/SA086S28	SES082	-1.22067	-5.92122	-4.70054
BLOCK08/SES086/SA086S28	SES087	-0.0217128	-4.72225	-4.70054
BLOCK08/SES086/SA086S28	SES206	-0.588659	-5.2892	-4.70054
BLOCK08/SES089/SA089S13	SES087	-1.1211	-7.98031	-6.85921
BLOCK08/SES089/SA089S13	SES206	-2.22319	-9.0824	-6.85921
BLOCK08/SES089/SA089S13	SES226	-0.729583	-7.58879	-6.85921
BLOCK08/SES089/SA089S13	SES270	-1.17866	-8.03787	-6.85921
BLOCK08/SES089/SA089S14	SES062	-2.43355	-8.34171	-5.90815
BLOCK08/SES089/SA089S14	SES087	-0.431386	-6.33954	-5.90815
BLOCK08/SES089/SA089S14	SES206	-1.33844	-7.2466	-5.90815
BLOCK08/SES089/SA089S14	SES226	-2.08908	-7.99724	-5.90815
BLOCK08/SES089/SA089S23	SES087	-1.25782	-10.1399	-8.88203
BLOCK08/SES089/SA089S23	SES206	-1.84558	-10.7276	-8.88203
BLOCK08/SES089/SA089S23	SES226	-2.36421	-11.2462	-8.88203
BLOCK08/SES089/SA089S23	SES270	-2.95738	-11.8394	-8.88203
BLOCK08/SES089/SA089S25	SES062	-2.8057	-9.20491	-6.39921
BLOCK08/SES089/SA089S25	SES087	-0.478102	-6.87731	-6.39921
BLOCK08/SES089/SA089S25	SES206	-2.15576	-8.55497	-6.39921
BLOCK08/SES089/SA089S25	SES226	-1.23399	-7.6332	-6.39921
BLOCK08/SES089/SA089S28	SES062	-2.4328	-7.67005	-5.23725
BLOCK08/SES089/SA089S28	SES087	-0.170725	-5.40798	-5.23725
BLOCK08/SES089/SA089S28	SES206	-1.60193	-6.83919	-5.23725
BLOCK08/SES089/SA089S28	SES226	-1.31132	-6.54857	-5.23725
BLOCK09/SES097/SA097S11	SES099	0.182284	-4.62399	-4.80627
BLOCK09/SES097/SA097S11	SES125	-1.07765	-5.88393	-4.80627
BLOCK09/SES097/SA097S11	SES206	-1.48307	-6.28934	-4.80627
BLOCK09/SES097/SA097S11	SES226	0.214164	-4.59211	-4.80627
BLOCK09/SES097/SA097S14	SES062	-2.56153	-6.51529	-3.95376
BLOCK09/SES097/SA097S14	SES099	-0.998447	-4.95221	-3.95376
BLOCK09/SES097/SA097S14	SES104	-1.84766	-5.80142	-3.95376
BLOCK09/SES097/SA097S14	SES206	-2.1892	-6.14296	-3.95376
BLOCK09/SES097/SA097S22	SES099	0.0570097	-4.91925	-4.97626
BLOCK09/SES097/SA097S22	SES206	-1.46829	-6.44455	-4.97626
BLOCK09/SES097/SA097S22	SES226	-1.56397	-6.54023	-4.97626
BLOCK09/SES097/SA097S22	SES270	-0.965316	-5.94158	-4.97626
BLOCK09/SES097/SA097S26	SES099	-0.323359	-6.554	-6.23064
BLOCK09/SES097/SA097S26	SES120	-1.35805	-7.58869	-6.23064
BLOCK09/SES097/SA097S26	SES206	-2.64488	-8.87552	-6.23064
BLOCK09/SES097/SA097S26	SES226	-0.913925	-7.14457	-6.23064
BLOCK09/SES097/SA097S28	SES099	0.765716	-4.01392	-4.77964
BLOCK09/SES097/SA097S28	SES120	-1.11013	-5.88977	-4.77964
BLOCK09/SES097/SA097S28	SES206	-1.4224	-6.20204	-4.77964
BLOCK09/SES097/SA097S28	SES226	-1.09512	-5.87476	-4.77964
BLOCK09/SES098/SA098S11	SES127	-2.56192	-7.46325	-4.90132
BLOCK09/SES098/SA098S11	SES144	-1.94864	-6.84997	-4.90132
BLOCK09/SES098/SA098S11	SES147	-1.49113	-6.39245	-4.90132
BLOCK09/SES098/SA098S11	SES148	-3.13403	-8.03535	-4.90132
BLOCK09/SES098/SA098S12	SES127	-3.35484	-10.6354	-7.28059
BLOCK09/SES098/SA098S12	SES144	-2.5652	-9.84579	-7.28059
BLOCK09/SES098/SA098S12	SES147	-1.7182	-8.99879	-7.28059
BLOCK09/SES098/SA098S12	SES189	-2.54413	-9.82471	-7.28059
BLOCK09/SES098/SA098S20	SES127	-5.19223	-14.1852	-8.99297
BLOCK09/SES098/SA098S20	SES147	-3.49712	-12.4901	-8.99297
BLOCK09/SES098/SA098S20	SES148	-5.78949	-14.7825	-8.99297
BLOCK09/SES098/SA098S20	SES292	-0.919316	-9.91229	-8.99297
BLOCK09/SES098/SA098S23	SES127	-2.21121	-8.75063	-6.53941
BLOCK09/SES098/SA098S23	SES147	-2.1659	-8.70532	-6.53941
BLOCK09/SES098/SA098S23	SES187	-0.903431	-7.44285	-6.53941
BLOCK09/SES098/SA098S23	SES292	-1.74349	-8.2829	-6.53941
BLOCK09/SES098/SA098S27	SES127	-3.56313	-10.6569	-7.09373
BLOCK09/SES098/SA098S27	SES147	-2.33028	-9.42401	-7.09373
BLOCK09/SES098/SA098S27	SES148	-3.48855	-10.5823	-7.09373
BLOCK09/SES098/SA098S27	SES292	-1.37883	-8.47256	-7.09373
BLOCK10/SES102/SA102S13	SES101	-0.908202	-9.31341	-8.40521
BLOCK10/SES102/SA102S13	SES105	-1.48399	-9.8892	-8.40521
BLOCK10/SES102/SA102S13	SES120	-2.16825	-10.5735	-8.40521
BLOCK10/SES102/SA102S13	SES158	-0.883162	-9.28837	-8.40521
BLOCK10/SES102/SA102S14	SES007	-0.463806	-4.29193	-3.82812
BLOCK10/SES102/SA102S14	SES101	-2.237	-6.06512	-3.82812
BLOCK10/SES102/SA102S14	SES105	-1.47574	-5.30387	-3.82812
BLOCK10/SES102/SA102S14	SES147	-3.09733	-6.92545	-3.82812
BLOCK10/SES102/SA102S22	SES007	-1.48198	-6.50705	-5.02508
BLOCK10/SES102/SA102S22	SES101	-0.975479	-6.00056	-5.02508
BLOCK10/SES102/SA102S22	SES105	-0.867637	-5.89271	-5.02508
BLOCK10/SES102/SA102S22	SES158	-1.26677	-6.29184	-5.02508
BLOCK10/SES102/SA102S25	SES007	-1.18461	-5.95152	-4.76691
BLOCK10/SES102/SA102S25	SES101	-0.988655	-5.75556	-4.76691
BLOCK10/SES102/SA102S25	SES105	-1.63842	-6.40532	-4.76691
BLOCK10/SES102/SA102S25	SES147	-2.82134	-7.58825	-4.76691
BLOCK10/SES102/SA102S27	SES007	-0.607237	-4.62736	-4.02013
BLOCK10/SES102/SA102S27	SES101	-0.436331	-4.45646	-4.02013
BLOCK10/SES102/SA102S27	SES105	-1.5568	-5.57693	-4.02013
BLOCK10/SES102/SA102S27	SES147	-2.27775	-6.29787	-4.02013
BLOCK10/SES103/SA103S14	SES105	-2.16231	-11.7301	-9.56779
BLOCK10/SES103/SA103S14	SES106	-3.44761	-13.0154	-9.56779
BLOCK10/SES103/SA103S14	SES120	-2.90851	-12.4763	-9.56779
BLOCK10/SES103/SA103S14	SES206	-2.51693	-12.0847	-9.56779
BLOCK10/SES103/SA103S15	SES099	-3.76762	-13.7534	-9.98578
BLOCK10/SES103/SA103S15	SES101	-3.20734	-13.1931	-9.98578
BLOCK10/SES103/SA103S15	SES104	-2.24276	-12.2285	-9.98578
BLOCK10/SES103/SA103S15	SES125	-4.72658	-14.7124	-9.98578
BLOCK10/SES103/SA103S24	SES104	-1.626	-7.23277	-5.60676
BLOCK10/SES103/SA103S24	SES125	-3.97459	-9.58135	-5.60676
BLOCK10/SES103/SA103S24	SES148	-3.48216	-9.08892	-5.60676
BLOCK10/SES103/SA103S24	SES158	-2.33677	-7.94353	-5.60676
BLOCK10/SES103/SA103S26	SES104	-0.883911	-9.77602	-8.89211
BLOCK10/SES103/SA103S26	SES106	-0.595501	-9.48761	-8.89211
BLOCK10/SES103/SA103S26	SES125	-2.05012	-10.9422	-8.89211
BLOCK10/SES103/SA103S26	SES148	-4.20198	-13.0941	-8.89211
BLOCK10/SES103/SA103S28	SES104	-2.48018	-12.1707	-9.69053
BLOCK10/SES103/SA103S28	SES106	-3.33345	-13.024	-9.69053
BLOCK10/SES103/SA103S28	SES125	-3.72509	-13.4156	-9.69053
BLOCK10/SES103/SA103S28	SES206	-3.08673	-12.7773	-9.69053
BLOCK12/SES121/SA121S12	SES042	-1.98727	-9.0183	-7.03103
BLOCK12/SES121/SA121S12	SES087	-1.25863	-8.28966	-7.03103
BLOCK12/SES121/SA121S12	SES105	-0.250598	-7.28163	-7.03103
BLOCK12/SES121/SA121S12	SES206	-0.7126	-7.74363	-7.03103
BLOCK12/SES121/SA121S14	SES007	-1.82107	-12.9283	-11.1072
BLOCK12/SES121/SA121S14	SES105	-2.25863	-13.3658	-11.1072
BLOCK12/SES121/SA121S14	SES106	-1.78433	-12.8916	-11.1072
BLOCK12/SES121/SA121S14	SES206	-1.45977	-12.567	-11.1072
BLOCK12/SES121/SA121S23	SES105	-1.68841	-10.7999	-9.11145
BLOCK12/SES121/SA121S23	SES106	-1.6412	-10.7526	-9.11145
BLOCK12/SES121/SA121S23	SES120	-1.63869	-10.7501	-9.11145
BLOCK12/SES121/SA121S23	SES206	0.084549	-9.0269	-9.11145
BLOCK12/SES121/SA121S25	SES007	-1.29397	-12.6551	-11.3611
BLOCK12/SES121/SA121S25	SES105	-2.05815	-13.4193	-11.3611
BLOCK12/SES121/SA121S25	SES106	-0.917071	-12.2782	-11.3611
BLOCK12/SES121/SA121S25	SES206	-0.624319	-11.9854	-11.3611
BLOCK12/SES121/SA121S27	SES087	-0.282413	-11.2485	-10.9661
BLOCK12/SES121/SA121S27	SES105	-3.39958	-14.3657	-10.9661
BLOCK12/SES121/SA121S27	SES120	-0.0105276	-10.9767	-10.9661
BLOCK12/SES121/SA121S27	SES206	-0.86899	-11.8351	-10.9661
BLOCK12/SES124/SA124S16	SES042	-0.942491	-5.40929	-4.4668
BLOCK12/SES124/SA124S16	SES082	-1.63662	-6.10341	-4.4668
BLOCK12/SES124/SA124S16	SES183	-1.15742	-5.62421	-4.4668
BLOCK12/SES124/SA124S16	SES206	-2.0026	-6.46939	-4.4668
BLOCK12/SES124/SA124S17	SES105	-1.75959	-9.21872	-7.45913
BLOCK12/SES124/SA124S17	SES149	-1.15716	-8.61629	-7.45913
BLOCK12/SES124/SA124S17	SES158	-2.24762	-9.70675	-7.45913
BLOCK12/SES124/SA124S17	SES275	-1.93837	-9.3975	-7.45913
BLOCK12/SES124/SA124S23	SES105	-2.18825	-5.72043	-3.53218
BLOCK12/SES124/SA124S23	SES125	0.78447	-2.74771	-3.53218
BLOCK12/SES124/SA124S23	SES129	-2.06054	-5.59273	-3.53218
BLOCK12/SES124/SA124S23	SES158	-0.740913	-4.2731	-3.53218
BLOCK12/SES124/SA124S26	SES105	-2.93559	-8.84078	-5.90519
BLOCK12/SES124/SA124S26	SES125	-1.26921	-7.1744	-5.90519
BLOCK12/SES124/SA124S26	SES129	-2.48487	-8.39006	-5.90519
BLOCK12/SES124/SA124S26	SES158	-1.61036	-7.51555	-5.90519
BLOCK12/SES124/SA124S28	SES104	-0.0526986	-5.04285	-4.99015
BLOCK12/SES124/SA124S28	SES106	-0.427475	-5.41762	-4.99015
BLOCK12/SES124/SA124S28	SES125	0.612982	-4.37717	-4.99015
BLOCK12/SES124/SA124S28	SES275	-1.62161	-6.61175	-4.99015
BLOCK12/SES126/SA126S13	SES007	-1.35887	-8.4223	-7.06343
BLOCK12/SES126/SA126S13	SES162	-2.16578	-9.22921	-7.06343
BLOCK12/SES126/SA126S13	SES177	-1.57933	-8.64276	-7.06343
BLOCK12/SES126/SA126S13	SES180	-1.60708	-8.6705	-7.06343
BLOCK12/SES126/SA126S14	SES144	-1.38273	-6.29944	-4.91671
BLOCK12/SES126/SA126S14	SES148	-2.18526	-7.10198	-4.91671
BLOCK12/SES126/SA126S14	SES177	-1.08713	-6.00384	-4.91671
BLOCK12/SES126/SA126S14	SES180	-1.52598	-6.44269	-4.91671
BLOCK12/SES126/SA126S20	SES007	-1.32911	-4.08999	-2.76087
BLOCK12/SES126/SA126S20	SES162	-1.22825	-3.98913	-2.76087
BLOCK12/SES126/SA126S20	SES172	-1.43333	-4.19421	-2.76087
BLOCK12/SES126/SA126S20	SES180	-0.806644	-3.56752	-2.76087
BLOCK12/SES126/SA126S24	SES120	-0.926706	-5.43697	-4.51026
BLOCK12/SES126/SA126S24	SES162	-1.31645	-5.82671	-4.51026
BLOCK12/SES126/SA126S24	SES177	-1.02245	-5.53271	-4.51026
BLOCK12/SES126/SA126S24	SES180	-0.975114	-5.48538	-4.51026
BLOCK12/SES126/SA126S26	SES120	-0.61164	-4.69998	-4.08834
BLOCK12/SES126/SA126S26	SES177	-1.75047	-5.8388	-4.08834
BLOCK12/SES126/SA126S26	SES180	-0.767334	-4.85567	-4.08834
BLOCK12/SES126/SA126S26	SES202	-1.38577	-5.4741	-4.08834
BLOCK12/SES128/SA128S10	SES087	-1.05444	-6.1169	-5.06247
BLOCK12/SES128/SA128S10	SES206	-0.530149	-5.59261	-5.06247
BLOCK12/SES128/SA128S10	SES226	-0.84508	-5.90755	-5.06247
BLOCK12/SES128/SA128S10	SES270	-1.18214	-6.24461	-5.06247
BLOCK12/SES128/SA128S12	SES120	-0.548335	-7.51471	-6.96637
BLOCK12/SES128/SA128S12	SES158	-2.00125	-8.96762	-6.96637
BLOCK12/SES128/SA128S12	SES206	-0.676064	-7.64244	-6.96637
BLOCK12/SES128/SA128S12	SES226	-1.83796	-8.80433	-6.96637
BLOCK12/SES128/SA128S21	SES106	-3.14573	-8.19605	-5.05032
BLOCK12/SES128/SA128S21	SES120	-0.976421	-6.02674	-5.05032
BLOCK12/SES128/SA128S21	SES206	-2.2309	-7.28122	-5.05032
BLOCK12/SES128/SA128S21	SES226	-1.63788	-6.6882	-5.05032
BLOCK12/SES128/SA128S24	SES087	-0.883921	-8.12346	-7.23954
BLOCK12/SES128/SA128S24	SES120	-0.505534	-7.74507	-7.23954
BLOCK12/SES128/SA128S24	SES206	-1.17315	-8.41268	-7.23954
BLOCK12/SES128/SA128S24	SES226	-2.36353	-9.60307	-7.23954
BLOCK12/SES128/SA128S27	SES099	-0.806419	-6.27251	-5.46609
BLOCK12/SES128/SA128S27	SES120	-0.37217	-5.83826	-5.46609
BLOCK12/SES128/SA128S27	SES206	-1.04745	-6.51354	-5.46609
BLOCK12/SES128/SA128S27	SES226	-1.43492	-6.90101	-5.46609
BLOCK13/SES130/SA130S13	SES143	-1.08415	-7.07283	-5.98869
BLOCK13/SES130/SA130S13	SES144	-0.0630722	-6.05176	-5.98869
BLOCK13/SES130/SA130S13	SES146	-1.98009	-7.96878	-5.98869
BLOCK13/SES130/SA130S13	SES275	-2.20383	-8.19251	-5.98869
BLOCK13/SES130/SA130S15	SES143	-0.613261	-4.49236	-3.8791
BLOCK13/SES130/SA130S15	SES144	-0.36883	-4.24793	-3.8791
BLOCK13/SES130/SA130S15	SES146	-0.898006	-4.7771	-3.8791
BLOCK13/SES130/SA130S15	SES275	-1.45119	-5.33029	-3.8791
BLOCK13/SES130/SA130S23	SES127	-0.666935	-4.44649	-3.77956
BLOCK13/SES130/SA130S23	SES144	0.371169	-3.40839	-3.77956
BLOCK13/SES130/SA130S23	SES146	-0.694111	-4.47367	-3.77956
BLOCK13/SES130/SA130S23	SES162	-0.246379	-4.02594	-3.77956
BLOCK13/SES130/SA130S25	SES127	-1.0942	-2.52384	-1.42963
BLOCK13/SES130/SA130S25	SES144	-0.477827	-1.90746	-1.42963
BLOCK13/SES130/SA130S25	SES146	-0.729385	-2.15902	-1.42963
BLOCK13/SES130/SA130S25	SES275	-1.44796	-2.87759	-1.42963
BLOCK13/SES130/SA130S28	SES127	-1.28267	-5.50993	-4.22726
BLOCK13/SES130/SA130S28	SES144	-1.65473	-5.88199	-4.22726
BLOCK13/SES130/SA130S28	SES146	-1.16306	-5.39032	-4.22726
BLOCK13/SES130/SA130S28	SES275	-1.04102	-5.26828	-4.22726
BLOCK13/SES131/SA131S13	SES002	-2.25052	-8.17247	-5.92195
BLOCK13/SES131/SA131S13	SES007	-1.95609	-7.87804	-5.92195
BLOCK13/SES131/SA131S13	SES099	-1.06062	-6.98257	-5.92195
BLOCK13/SES131/SA131S13	SES105	-1.10296	-7.02491	-5.92195
BLOCK13/SES131/SA131S14	SES104	-1.11646	-2.71381	-1.59735
BLOCK13/SES131/SA131S14	SES106	-2.57462	-4.17196	-1.59735
BLOCK13/SES131/SA131S14	SES125	-1.76506	-3.36241	-1.59735
BLOCK13/SES131/SA131S14	SES148	-0.365211	-1.96256	-1.59735
BLOCK13/SES131/SA131S20	SES104	-3.1973	-10.7046	-7.50727
BLOCK13/SES131/SA131S20	SES106	-2.0542	-9.56147	-7.50727
BLOCK13/SES131/SA131S20	SES125	-3.14349	-10.6508	-7.50727
BLOCK13/SES131/SA131S20	SES148	-2.43089	-9.93816	-7.50727
BLOCK13/SES131/SA131S22	SES099	-2.52231	-7.16229	-4.63998
BLOCK13/SES131/SA131S22	SES104	-1.08452	-5.7245	-4.63998
BLOCK13/SES131/SA131S22	SES125	-1.1361	-5.77607	-4.63998
BLOCK13/SES131/SA131S22	SES206	-1.93239	-6.57236	-4.63998
BLOCK13/SES131/SA131S29	SES087	-1.96135	-8.4679	-6.50655
BLOCK13/SES131/SA131S29	SES104	-3.78944	-10.296	-6.50655
BLOCK13/SES131/SA131S29	SES125	-4.90971	-11.4163	-6.50655
BLOCK13/SES131/SA131S29	SES206	-3.80445	-10.311	-6.50655
BLOCK13/SES132/SA132S11	SES083	-1.40355	-9.14267	-7.73912
BLOCK13/SES132/SA132S11	SES120	0.104393	-7.63473	-7.73912
BLOCK13/SES132/SA132S11	SES127	-2.77432	-10.5134	-7.73912
BLOCK13/SES132/SA132S11	SES275	-1.28957	-9.0287	-7.73912
BLOCK13/SES132/SA132S12	SES083	-2.13081	-6.2838	-4.15299
BLOCK13/SES132/SA132S12	SES143	-2.03097	-6.18395	-4.15299
BLOCK13/SES132/SA132S12	SES144	-1.14661	-5.29959	-4.15299
BLOCK13/SES132/SA132S12	SES148	-1.37141	-5.5244	-4.15299
BLOCK13/SES132/SA132S22	SES062	-1.4525	-7.45361	-6.00111
BLOCK13/SES132/SA132S22	SES083	-1.87059	-7.8717	-6.00111
BLOCK13/SES132/SA132S22	SES127	-2.17331	-8.17442	-6.00111
BLOCK13/SES132/SA132S22	SES275	-1.23421	-7.23532	-6.00111
BLOCK13/SES132/SA132S24	SES007	-1.3378	-5.55587	-4.21807
BLOCK13/SES132/SA132S24	SES083	-1.9253	-6.14337	-4.21807
BLOCK13/SES132/SA132S24	SES127	-2.60387	-6.82194	-4.21807
BLOCK13/SES132/SA132S24	SES275	-1.71416	-5.93223	-4.21807
BLOCK13/SES132/SA132S27	SES083	-3.09959	-10.3419	-7.24236
BLOCK13/SES132/SA132S27	SES120	-0.114215	-7.35658	-7.24236
BLOCK13/SES132/SA132S27	SES127	-5.07326	-12.3156	-7.24236
BLOCK13/SES132/SA132S27	SES275	-2.36301	-9.60538	-7.24236
BLOCK14/SES141/SA141S09	SES143	-1.43969	-5.18704	-3.74735
BLOCK14/SES141/SA141S09	SES144	-0.670885	-4.41824	-3.74735
BLOCK14/SES141/SA141S09	SES162	-1.24255	-4.9899	-3.74735
BLOCK14/SES141/SA141S09	SES180	-0.847243	-4.59459	-3.74735
BLOCK14/SES141/SA141S15	SES127	-1.31697	-6.34218	-5.02521
BLOCK14/SES141/SA141S15	SES144	-1.36103	-6.38624	-5.02521
BLOCK14/SES141/SA141S15	SES162	-2.16654	-7.19174	-5.02521
BLOCK14/SES141/SA141S15	SES180	-1.07897	-6.10417	-5.02521
BLOCK14/SES141/SA141S24	SES127	-1.39416	-7.22751	-5.83336
BLOCK14/SES141/SA141S24	SES144	-2.24168	-8.07504	-5.83336
BLOCK14/SES141/SA141S24	SES162	-0.701429	-6.53479	-5.83336
BLOCK14/SES141/SA141S24	SES183	-1.93504	-7.7684	-5.83336
BLOCK14/SES141/SA141S26	SES142	-0.614699	-6.27611	-5.66141
BLOCK14/SES141/SA141S26	SES144	-1.91234	-7.57375	-5.66141
BLOCK14/SES141/SA141S26	SES172	-1.16008	-6.82148	-5.66141
BLOCK14/SES141/SA141S26	SES180	-1.23081	-6.89222	-5.66141
BLOCK14/SES141/SA141S29	SES127	-0.566309	-4.52558	-3.95927
BLOCK14/SES141/SA141S29	SES142	-0.656993	-4.61626	-3.95927
BLOCK14/SES141/SA141S29	SES144	-0.916939	-4.8762	-3.95927
BLOCK14/SES141/SA141S29	SES180	-0.318242	-4.27751	-3.95927
BLOCK15/SES157/SA157S08	SES083	-1.36645	-5.28526	-3.91881
BLOCK15/SES157/SA157S08	SES127	-1.59026	-5.50907	-3.91881
BLOCK15/SES157/SA157S08	SES148	-1.34315	-5.26196	-3.91881
BLOCK15/SES157/SA157S08	SES292	-1.71223	-5.63104	-3.91881
BLOCK15/SES157/SA157S11	SES083	-1.85485	-5.86866	-4.01381
BLOCK15/SES157/SA157S11	SES127	-2.40413	-6.41794	-4.01381
BLOCK15/SES157/SA157S11	SES148	-2.87144	-6.88525	-4.01381
BLOCK15/SES157/SA157S11	SES292	-1.87468	-5.88849	-4.01381
BLOCK15/SES157/SA157S21	SES127	-0.349873	-2.39283	-2.04296
BLOCK15/SES157/SA157S21	SES148	-0.474932	-2.51789	-2.04296
BLOCK15/SES157/SA157S21	SES158	-4.66453	-6.70749	-2.04296
BLOCK15/SES157/SA157S21	SES292	-1.0619	-3.10486	-2.04296
BLOCK15/SES157/SA157S24	SES127	-1.9955	-7.1351	-5.1396
BLOCK15/SES157/SA157S24	SES148	-1.73722	-6.87681	-5.1396
BLOCK15/SES157/SA157S24	SES183	-2.08023	-7.21983	-5.1396
BLOCK15/SES157/SA157S24	SES292	-2.13401	-7.27361	-5.1396
BLOCK15/SES157/SA157S26	SES007	-1.49861	-5.25496	-3.75635
BLOCK15/SES157/SA157S26	SES127	-0.636347	-4.39269	-3.75635
BLOCK15/SES157/SA157S26	SES147	-1.16278	-4.91913	-3.75635
BLOCK15/SES157/SA157S26	SES148	-1.66505	-5.4214	-3.75635
BLOCK16/SES161/SA161S10	SES007	-1.37289	-7.37032	-5.99743
BLOCK16/SES161/SA161S10	SES105	-0.787564	-6.78499	-5.99743
BLOCK16/SES161/SA161S10	SES158	-1.52773	-7.52516	-5.99743
BLOCK16/SES161/SA161S10	SES275	-1.33456	-7.33199	-5.99743
BLOCK16/SES161/SA161S12	SES007	-3.64696	-12.7947	-9.14771
BLOCK16/SES161/SA161S12	SES105	-2.57936	-11.7271	-9.14771
BLOCK16/SES161/SA161S12	SES158	-3.12159	-12.2693	-9.14771
BLOCK16/SES161/SA161S12	SES275	-1.78786	-10.9356	-9.14771
BLOCK16/SES161/SA161S20	SES007	-1.48615	-11.2113	-9.72513
BLOCK16/SES161/SA161S20	SES105	-1.65636	-11.3815	-9.72513
BLOCK16/SES161/SA161S20	SES158	-0.44295	-10.1681	-9.72513
BLOCK16/SES161/SA161S20	SES275	-2.099	-11.8241	-9.72513
BLOCK16/SES161/SA161S23	SES007	-5.40903	-15.28	-9.87093
BLOCK16/SES161/SA161S23	SES105	-1.23949	-11.1104	-9.87093
BLOCK16/SES161/SA161S23	SES148	-2.59178	-12.4627	-9.87093
BLOCK16/SES161/SA161S23	SES158	-4.69239	-14.5633	-9.87093
BLOCK16/SES161/SA161S28	SES007	-1.68713	-10.6605	-8.97339
BLOCK16/SES161/SA161S28	SES105	-2.773	-11.7464	-8.97339
BLOCK16/SES161/SA161S28	SES158	-0.705572	-9.67896	-8.97339
BLOCK16/SES161/SA161S28	SES206	-1.20557	-10.179	-8.97339
BLOCK16/SES164/SA164S11	SES104	-0.181859	-4.29649	-4.11463
BLOCK16/SES164/SA164S11	SES125	-0.817739	-4.93237	-4.11463
BLOCK16/SES164/SA164S11	SES158	-2.94448	-7.05912	-4.11463
BLOCK16/SES164/SA164S11	SES206	-1.7217	-5.83633	-4.11463
BLOCK16/SES164/SA164S13	SES099	-2.18008	-6.82768	-4.6476
BLOCK16/SES164/SA164S13	SES104	-1.91556	-6.56315	-4.6476
BLOCK16/SES164/SA164S13	SES125	-2.74323	-7.39083	-4.6476
BLOCK16/SES164/SA164S13	SES206	-2.76112	-7.40872	-4.6476
BLOCK16/SES164/SA164S24	SES002	0.481446	-4.04359	-4.52503
BLOCK16/SES164/SA164S24	SES099	-0.748286	-5.27332	-4.52503
BLOCK16/SES164/SA164S24	SES125	-1.03331	-5.55834	-4.52503
BLOCK16/SES164/SA164S24	SES226	0.134748	-4.39028	-4.52503
BLOCK16/SES164/SA164S27	SES087	-0.99837	-6.37251	-5.37414
BLOCK16/SES164/SA164S27	SES125	-2.03381	-7.40795	-5.37414
BLOCK16/SES164/SA164S27	SES206	-2.21142	-7.58556	-5.37414
BLOCK16/SES164/SA164S27	SES226	-1.82178	-7.19592	-5.37414
BLOCK16/SES164/SA164S29	SES002	-0.872677	-4.71468	-3.84201
BLOCK16/SES164/SA164S29	SES019	-2.78815	-6.63015	-3.84201
BLOCK16/SES164/SA164S29	SES125	-1.27094	-5.11294	-3.84201
BLOCK16/SES164/SA164S29	SES226	-1.38163	-5.22364	-3.84201
BLOCK16/SES169/SA169S13	SES117	-1.59473	-7.69143	-6.09669
BLOCK16/SES169/SA169S13	SES144	-1.67986	-7.77656	-6.09669
BLOCK16/SES169/SA169S13	SES146	-0.972593	-7.06929	-6.09669
BLOCK16/SES169/SA169S13	SES162	-1.52763	-7.62432	-6.09669
BLOCK16/SES169/SA169S14	SES144	-1.05009	-3.72997	-2.67987
BLOCK16/SES169/SA169S14	SES148	-1.18952	-3.86939	-2.67987
BLOCK16/SES169/SA169S14	SES177	-0.803938	-3.48381	-2.67987
BLOCK16/SES169/SA169S14	SES180	-1.42739	-4.10726	-2.67987
BLOCK16/SES169/SA169S24	SES117	-0.687897	-6.23031	-5.54241
BLOCK16/SES169/SA169S24	SES144	-0.656236	-6.19865	-5.54241
BLOCK16/SES169/SA169S24	SES146	-0.788141	-6.33055	-5.54241
BLOCK16/SES169/SA169S24	SES162	-0.7801	-6.32251	-5.54241
BLOCK16/SES169/SA169S27	SES127	-1.45489	-6.9831	-5.52822
BLOCK16/SES169/SA169S27	SES129	-1.18127	-6.70948	-5.52822
BLOCK16/SES169/SA169S27	SES144	-1.24885	-6.77707	-5.52822
BLOCK16/SES169/SA169S27	SES146	-1.14275	-6.67097	-5.52822
BLOCK16/SES169/SA169S29	SES144	-0.708099	-3.39701	-2.68891
BLOCK16/SES169/SA169S29	SES162	-0.919083	-3.60799	-2.68891
BLOCK16/SES169/SA169S29	SES177	-1.41188	-4.10079	-2.68891
BLOCK16/SES169/SA169S29	SES180	-1.24438	-3.93329	-2.68891
BLOCK17/SES171/SA171S12	SES083	-2.14928	-7.19414	-5.04486
BLOCK17/SES171/SA171S12	SES148	-2.63107	-7.67593	-5.04486
BLOCK17/SES171/SA171S12	SES172	-2.42871	-7.47357	-5.04486
BLOCK17/SES171/SA171S12	SES292	-2.73166	-7.77652	-5.04486
BLOCK17/SES171/SA171S15	SES148	-3.13599	-8.53662	-5.40064
BLOCK17/SES171/SA171S15	SES177	-2.14462	-7.54526	-5.40064
BLOCK17/SES171/SA171S15	SES180	-3.70933	-9.10996	-5.40064
BLOCK17/SES171/SA171S15	SES292	-2.4771	-7.87773	-5.40064
BLOCK17/SES171/SA171S22	SES007	-1.14528	-3.22098	-2.0757
BLOCK17/SES171/SA171S22	SES148	-0.657107	-2.7328	-2.0757
BLOCK17/SES171/SA171S22	SES177	-0.579049	-2.65474	-2.0757
BLOCK17/SES171/SA171S22	SES180	-2.77064	-4.84634	-2.0757
BLOCK17/SES171/SA171S25	SES101	-2.54117	-8.63686	-6.09568
BLOCK17/SES171/SA171S25	SES120	-4.00714	-10.1028	-6.09568
BLOCK17/SES171/SA171S25	SES177	-2.23622	-8.33191	-6.09568
BLOCK17/SES171/SA171S25	SES180	-2.29256	-8.38825	-6.09568
BLOCK17/SES171/SA171S27	SES177	-1.82496	-7.69476	-5.8698
BLOCK17/SES171/SA171S27	SES180	-2.93931	-8.80911	-5.8698
BLOCK17/SES171/SA171S27	SES189	-1.54348	-7.41328	-5.8698
BLOCK17/SES171/SA171S27	SES292	-2.18365	-8.05345	-5.8698
BLOCK17/SES173/SA173S13	SES162	-3.71145	-9.27124	-5.55979
BLOCK17/SES173/SA173S13	SES177	-1.4458	-7.00559	-5.55979
BLOCK17/SES173/SA173S13	SES180	-1.41524	-6.97503	-5.55979
BLOCK17/SES173/SA173S13	SES292	-0.235439	-5.79523	-5.55979
BLOCK17/SES173/SA173S14	SES007	-1.98623	-6.82831	-4.84208
BLOCK17/SES173/SA173S14	SES162	-2.37186	-7.21394	-4.84208
BLOCK17/SES173/SA173S14	SES177	-1.78892	-6.63101	-4.84208
BLOCK17/SES173/SA173S14	SES180	-1.99143	-6.83352	-4.84208
BLOCK17/SES173/SA173S24	SES144	-2.44519	-7.98235	-5.53716
BLOCK17/SES173/SA173S24	SES162	-2.39097	-7.92813	-5.53716
BLOCK17/SES173/SA173S24	SES177	-0.55078	-6.08794	-5.53716
BLOCK17/SES173/SA173S24	SES180	-3.10017	-8.63733	-5.53716
BLOCK17/SES173/SA173S27	SES162	-3.61462	-9.956	-6.34137
BLOCK17/SES173/SA173S27	SES177	-1.40004	-7.74141	-6.34137
BLOCK17/SES173/SA173S27	SES180	-1.97103	-8.31241	-6.34137
BLOCK17/SES173/SA173S27	SES292	-0.858745	-7.20012	-6.34137
BLOCK17/SES173/SA173S29	SES162	-2.1204	-5.44696	-3.32656
BLOCK17/SES173/SA173S29	SES175	-1.3887	-4.71526	-3.32656
BLOCK17/SES173/SA173S29	SES177	-0.859447	-4.18601	-3.32656
BLOCK17/SES173/SA173S29	SES292	-1.16174	-4.4883	-3.32656
BLOCK18/SES182/SA182S10	SES144	-1.83188	-7.06225	-5.23037
BLOCK18/SES182/SA182S10	SES177	-1.70564	-6.93601	-5.23037
BLOCK18/SES182/SA182S10	SES180	-3.10693	-8.33729	-5.23037
BLOCK18/SES182/SA182S10	SES275	-1.49958	-6.72994	-5.23037
BLOCK18/SES182/SA182S12	SES144	-1.72371	-6.87816	-5.15445
BLOCK18/SES182/SA182S12	SES177	-2.06386	-7.21831	-5.15445
BLOCK18/SES182/SA182S12	SES180	-3.79533	-8.94978	-5.15445
BLOCK18/SES182/SA182S12	SES275	-1.34876	-6.50321	-5.15445
BLOCK18/SES182/SA182S21	SES117	-1.57699	-9.06013	-7.48313
BLOCK18/SES182/SA182S21	SES144	-1.46434	-8.94747	-7.48313
BLOCK18/SES182/SA182S21	SES162	-1.32209	-8.80522	-7.48313
BLOCK18/SES182/SA182S21	SES180	-2.84795	-10.3311	-7.48313
BLOCK18/SES182/SA182S23	SES117	-2.59681	-11.5188	-8.92199
BLOCK18/SES182/SA182S23	SES144	-3.69949	-12.6215	-8.92199
BLOCK18/SES182/SA182S23	SES180	-5.83425	-14.7562	-8.92199
BLOCK18/SES182/SA182S23	SES275	-3.73953	-12.6615	-8.92199
BLOCK18/SES182/SA182S25	SES007	-0.256409	-6.29576	-6.03935
BLOCK18/SES182/SA182S25	SES162	-1.61298	-7.65233	-6.03935
BLOCK18/SES182/SA182S25	SES177	-1.48498	-7.52434	-6.03935
BLOCK18/SES182/SA182S25	SES180	-2.90208	-8.94143	-6.03935
BLOCK18/SES184/SA184S12	SES177	-0.960299	-4.6675	-3.7072
BLOCK18/SES184/SA184S12	SES180	-0.48361	-4.19081	-3.7072
BLOCK18/SES184/SA184S12	SES189	-2.73676	-6.44396	-3.7072
BLOCK18/SES184/SA184S12	SES292	-0.685469	-4.39267	-3.7072
BLOCK18/SES184/SA184S13	SES101	-1.87818	-6.21859	-4.34041
BLOCK18/SES184/SA184S13	SES177	-1.64535	-5.98576	-4.34041
BLOCK18/SES184/SA184S13	SES180	-1.57132	-5.91174	-4.34041
BLOCK18/SES184/SA184S13	SES292	-1.67983	-6.02025	-4.34041
BLOCK18/SES184/SA184S22	SES177	-1.41487	-5.31452	-3.89965
BLOCK18/SES184/SA184S22	SES180	-0.639154	-4.53881	-3.89965
BLOCK18/SES184/SA184S22	SES189	-2.15916	-6.05882	-3.89965
BLOCK18/SES184/SA184S22	SES292	-1.18043	-5.08009	-3.89965
BLOCK18/SES184/SA184S25	SES101	-1.39452	-4.5115	-3.11698
BLOCK18/SES184/SA184S25	SES177	-1.55084	-4.66783	-3.11698
BLOCK18/SES184/SA184S25	SES180	-1.07154	-4.18852	-3.11698
BLOCK18/SES184/SA184S25	SES292	-1.0399	-4.15688	-3.11698
BLOCK18/SES184/SA184S27	SES083	-1.6952	-5.38524	-3.69004
BLOCK18/SES184/SA184S27	SES177	-1.78415	-5.47419	-3.69004
BLOCK18/SES184/SA184S27	SES202	-1.42791	-5.11795	-3.69004
BLOCK18/SES184/SA184S27	SES292	-1.67508	-5.36512	-3.69004
BLOCK20/SES204/SA204S12	SES062	-1.31444	-5.57483	-4.26039
BLOCK20/SES204/SA204S12	SES083	-2.62417	-6.88456	-4.26039
BLOCK20/SES204/SA204S12	SES206	-1.43406	-5.69444	-4.26039
BLOCK20/SES204/SA204S12	SES226	-1.9117	-6.17209	-4.26039
BLOCK20/SES204/SA204S14	SES068	-0.268522	-3.17504	-2.90651
BLOCK20/SES204/SA204S14	SES087	-0.158632	-3.06515	-2.90651
BLOCK20/SES204/SA204S14	SES206	-1.23827	-4.14478	-2.90651
BLOCK20/SES204/SA204S14	SES226	-2.04099	-4.9475	-2.90651
BLOCK20/SES204/SA204S22	SES068	-1.09262	-5.7163	-4.62368
BLOCK20/SES204/SA204S22	SES082	-1.65641	-6.2801	-4.62368
BLOCK20/SES204/SA204S22	SES083	-2.9103	-7.53398	-4.62368
BLOCK20/SES204/SA204S22	SES206	-0.923677	-5.54736	-4.62368
BLOCK20/SES204/SA204S25	SES062	-1.19637	-6.02697	-4.8306
BLOCK20/SES204/SA204S25	SES083	-2.34412	-7.17472	-4.8306
BLOCK20/SES204/SA204S25	SES206	-1.36462	-6.19522	-4.8306
BLOCK20/SES204/SA204S25	SES226	-1.41668	-6.24728	-4.8306
BLOCK20/SES204/SA204S27	SES068	-1.33798	-6.72992	-5.39195
BLOCK20/SES204/SA204S27	SES082	-2.30944	-7.70138	-5.39195
BLOCK20/SES204/SA204S27	SES087	0.00191116	-5.39003	-5.39195
BLOCK20/SES204/SA204S27	SES206	-1.61906	-7.01101	-5.39195
BLOCK20/SES207/SA207S10	SES127	-2.03906	-6.1176	-4.07854
BLOCK20/SES207/SA207S10	SES183	-1.26026	-5.3388	-4.07854
BLOCK20/SES207/SA207S10	SES189	-1.07069	-5.14923	-4.07854
BLOCK20/SES207/SA207S10	SES292	-1.59145	-5.66999	-4.07854
BLOCK20/SES207/SA207S11	SES127	-1.9484	-5.83924	-3.89084
BLOCK20/SES207/SA207S11	SES183	-1.6588	-5.54965	-3.89084
BLOCK20/SES207/SA207S11	SES187	-1.37882	-5.26966	-3.89084
BLOCK20/SES207/SA207S11	SES292	-1.1837	-5.07454	-3.89084
BLOCK20/SES207/SA207S25	SES068	-1.37898	-7.0425	-5.66352
BLOCK20/SES207/SA207S25	SES083	-2.02583	-7.68935	-5.66352
BLOCK20/SES207/SA207S25	SES127	-0.53732	-6.20084	-5.66352
BLOCK20/SES207/SA207S25	SES187	-1.34074	-7.00426	-5.66352
BLOCK20/SES207/SA207S27	SES127	-1.94869	-8.60202	-6.65334
BLOCK20/SES207/SA207S27	SES183	-1.58691	-8.24025	-6.65334
BLOCK20/SES207/SA207S27	SES187	-1.65279	-8.30612	-6.65334
BLOCK20/SES207/SA207S27	SES292	-1.76008	-8.41342	-6.65334
BLOCK20/SES207/SA207S29	SES083	-2.63405	-5.83262	-3.19858
BLOCK20/SES207/SA207S29	SES085	-1.46264	-4.66122	-3.19858
BLOCK20/SES207/SA207S29	SES172	-0.464395	-3.66297	-3.19858
BLOCK20/SES207/SA207S29	SES189	-3.45931	-6.65788	-3.19858
BLOCK22/SES221/SA221S12	SES068	-0.437777	-4.65238	-4.21461
BLOCK22/SES221/SA221S12	SES143	-1.38485	-5.59946	-4.21461
BLOCK22/SES221/SA221S12	SES175	-1.20943	-5.42404	-4.21461
BLOCK22/SES221/SA221S12	SES202	-0.802047	-5.01665	-4.21461
BLOCK22/SES221/SA221S15	SES085	-0.707668	-5.44964	-4.74197
BLOCK22/SES221/SA221S15	SES143	-1.36039	-6.10236	-4.74197
BLOCK22/SES221/SA221S15	SES175	-1.39556	-6.13753	-4.74197
BLOCK22/SES221/SA221S15	SES187	-2.06867	-6.81065	-4.74197
BLOCK22/SES221/SA221S23	SES068	-0.0810924	-5.17111	-5.09002
BLOCK22/SES221/SA221S23	SES143	-1.66871	-6.75873	-5.09002
BLOCK22/SES221/SA221S23	SES175	-1.05916	-6.14917	-5.09002
BLOCK22/SES221/SA221S23	SES189	-1.80553	-6.89555	-5.09002
BLOCK22/SES221/SA221S27	SES085	-0.22547	-5.40044	-5.17497
BLOCK22/SES221/SA221S27	SES143	-1.43177	-6.60675	-5.17497
BLOCK22/SES221/SA221S27	SES175	-0.723682	-5.89865	-5.17497
BLOCK22/SES221/SA221S27	SES189	-1.969	-7.14397	-5.17497
BLOCK22/SES221/SA221S29	SES085	-1.64793	-9.34329	-7.69536
BLOCK22/SES221/SA221S29	SES143	-1.89042	-9.58578	-7.69536
BLOCK22/SES221/SA221S29	SES175	-1.02225	-8.71762	-7.69536
BLOCK22/SES221/SA221S29	SES187	-2.36003	-10.0554	-7.69536
BLOCK22/SES223/SA223S11	SES143	-0.973275	-7.41477	-6.44149
BLOCK22/SES223/SA223S11	SES144	-3.01584	-9.45734	-6.44149
BLOCK22/SES223/SA223S11	SES175	-1.15143	-7.59293	-6.44149
BLOCK22/SES223/SA223S11	SES187	-1.99328	-8.43478	-6.44149
BLOCK22/SES223/SA223S13	SES068	-0.770478	-8.67855	-7.90808
BLOCK22/SES223/SA223S13	SES143	-2.09914	-10.0072	-7.90808
BLOCK22/SES223/SA223S13	SES146	-1.64436	-9.55244	-7.90808
BLOCK22/SES223/SA223S13	SES202	-1.08828	-8.99635	-7.90808
BLOCK22/SES223/SA223S22	SES143	-1.54035	-6.12918	-4.58883
BLOCK22/SES223/SA223S22	SES144	-2.57276	-7.16159	-4.58883
BLOCK22/SES223/SA223S22	SES175	-1.87682	-6.46565	-4.58883
BLOCK22/SES223/SA223S22	SES187	-1.56952	-6.15835	-4.58883
BLOCK22/SES223/SA223S25	SES068	-0.555149	-6.36264	-5.80749
BLOCK22/SES223/SA223S25	SES143	-1.34918	-7.15667	-5.80749
BLOCK22/SES223/SA223S25	SES175	-0.715845	-6.52333	-5.80749
BLOCK22/SES223/SA223S25	SES187	-1.60914	-7.41663	-5.80749
BLOCK22/SES223/SA223S27	SES143	-1.04643	-8.50444	-7.45801
BLOCK22/SES223/SA223S27	SES146	-2.08684	-9.54485	-7.45801
BLOCK22/SES223/SA223S27	SES187	-1.25724	-8.71525	-7.45801
BLOCK22/SES223/SA223S27	SES292	-0.733076	-8.19108	-7.45801
BLOCK27/SES273/SA273S12	SES099	-0.546668	-6.30937	-5.76271
BLOCK27/SES273/SA273S12	SES104	-0.904071	-6.66678	-5.76271
BLOCK27/SES273/SA273S12	SES125	-1.24415	-7.00686	-5.76271
BLOCK27/SES273/SA273S12	SES206	-0.161051	-5.92376	-5.76271
BLOCK27/SES273/SA273S13	SES099	-0.613133	-2.91241	-2.29927
BLOCK27/SES273/SA273S13	SES104	-1.12221	-3.42148	-2.29927
BLOCK27/SES273/SA273S13	SES206	-1.17196	-3.47123	-2.29927
BLOCK27/SES273/SA273S13	SES292	-0.911284	-3.21056	-2.29927
BLOCK27/SES273/SA273S21	SES099	-1.04786	-4.64715	-3.59929
BLOCK27/SES273/SA273S21	SES148	-3.56307	-7.16236	-3.59929
BLOCK27/SES273/SA273S21	SES149	-2.2537	-5.85299	-3.59929
BLOCK27/SES273/SA273S21	SES177	-1.73571	-5.335	-3.59929
BLOCK27/SES273/SA273S25	SES104	-0.240751	-6.84338	-6.60263
BLOCK27/SES273/SA273S25	SES125	-1.09972	-7.70235	-6.60263
BLOCK27/SES273/SA273S25	SES158	-0.220415	-6.82305	-6.60263
BLOCK27/SES273/SA273S25	SES206	-0.485729	-7.08836	-6.60263
BLOCK27/SES273/SA273S27	SES099	-1.048	-2.6844	-1.6364
BLOCK27/SES273/SA273S27	SES104	-1.313	-2.94941	-1.6364
BLOCK27/SES273/SA273S27	SES149	-1.17262	-2.80902	-1.6364
BLOCK27/SES273/SA273S27	SES275	-1.45861	-3.09501	-1.6364
BLOCK27/SES274/SA274S10	SES105	-2.82	-4.89329	-2.07329
BLOCK27/SES274/SA274S10	SES125	-3.22015	-5.29345	-2.07329
BLOCK27/SES274/SA274S10	SES129	-1.01205	-3.08535	-2.07329
BLOCK27/SES274/SA274S10	SES158	-5.20713	-7.28042	-2.07329
BLOCK27/SES274/SA274S11	SES105	-1.54235	-6.09913	-4.55679
BLOCK27/SES274/SA274S11	SES149	-1.60175	-6.15853	-4.55679
BLOCK27/SES274/SA274S11	SES158	-1.8016	-6.35839	-4.55679
BLOCK27/SES274/SA274S11	SES275	-0.863484	-5.42027	-4.55679
BLOCK27/SES274/SA274S21	SES105	-1.92382	-6.57826	-4.65444
BLOCK27/SES274/SA274S21	SES129	-0.700718	-5.35516	-4.65444
BLOCK27/SES274/SA274S21	SES149	-1.95238	-6.60682	-4.65444
BLOCK27/SES274/SA274S21	SES158	-2.89367	-7.54811	-4.65444
BLOCK27/SES274/SA274S24	SES105	-2.40867	-6.9797	-4.57103
BLOCK27/SES274/SA274S24	SES129	-0.68003	-5.25106	-4.57103
BLOCK27/SES274/SA274S24	SES149	-2.66719	-7.23822	-4.57103
BLOCK27/SES274/SA274S24	SES158	-3.73109	-8.30212	-4.57103
BLOCK27/SES274/SA274S29	SES105	-2.20427	-6.2178	-4.01353
BLOCK27/SES274/SA274S29	SES106	-2.31719	-6.33072	-4.01353
BLOCK27/SES274/SA274S29	SES120	-1.46825	-5.48179	-4.01353
BLOCK27/SES274/SA274S29	SES275	-0.982119	-4.99565	-4.01353
BLOCK27/SES276/SA276S16	SES148	-1.93953	-7.06592	-5.12639
BLOCK27/SES276/SA276S16	SES172	0.118103	-5.00829	-5.12639
BLOCK27/SES276/SA276S16	SES180	-0.627546	-5.75394	-5.12639
BLOCK27/SES276/SA276S16	SES292	-0.396665	-5.52306	-5.12639
BLOCK27/SES276/SA276S17	SES101	-1.00843	-5.45433	-4.44589
BLOCK27/SES276/SA276S17	SES177	-1.15239	-5.59828	-4.44589
BLOCK27/SES276/SA276S17	SES180	-1.50915	-5.95504	-4.44589
BLOCK27/SES276/SA276S17	SES292	-0.876919	-5.32281	-4.44589
BLOCK27/SES276/SA276S24	SES101	-0.776978	-4.43034	-3.65336
BLOCK27/SES276/SA276S24	SES177	-0.804414	-4.45777	-3.65336
BLOCK27/SES276/SA276S24	SES180	-1.27625	-4.92961	-3.65336
BLOCK27/SES276/SA276S24	SES292	-1.28163	-4.93499	-3.65336
BLOCK27/SES276/SA276S26	SES101	-1.83585	-3.09435	-1.2585
BLOCK27/SES276/SA276S26	SES177	-1.20806	-2.46656	-1.2585
BLOCK27/SES276/SA276S26	SES180	-1.29822	-2.55672	-1.2585
BLOCK27/SES276/SA276S26	SES292	-0.0869707	-1.34547	-1.2585
BLOCK27/SES276/SA276S28	SES101	-0.963405	-2.99572	-2.03232
BLOCK27/SES276/SA276S28	SES177	-1.45936	-3.49168	-2.03232
BLOCK27/SES276/SA276S28	SES180	-0.570739	-2.60306	-2.03232
BLOCK27/SES276/SA276S28	SES292	-0.566977	-2.59929	-2.03232
BLOCK27/SES277/SA277S12	SES101	-1.08655	-8.15123	-7.06468
BLOCK27/SES277/SA277S12	SES177	-2.59796	-9.66264	-7.06468
BLOCK27/SES277/SA277S12	SES180	-2.58402	-9.64871	-7.06468
BLOCK27/SES277/SA277S12	SES292	-1.80833	-8.87302	-7.06468
BLOCK27/SES277/SA277S14	SES177	-2.03465	-8.46902	-6.43437
BLOCK27/SES277/SA277S14	SES180	-2.29699	-8.73136	-6.43437
BLOCK27/SES277/SA277S14	SES189	-0.700288	-7.13466	-6.43437
BLOCK27/SES277/SA277S14	SES292	-2.06168	-8.49605	-6.43437
BLOCK27/SES277/SA277S21	SES177	-1.31132	-7.31747	-6.00615
BLOCK27/SES277/SA277S21	SES180	-1.86604	-7.87219	-6.00615
BLOCK27/SES277/SA277S21	SES189	-0.83096	-6.83711	-6.00615
BLOCK27/SES277/SA277S21	SES292	-1.52791	-7.53406	-6.00615
BLOCK27/SES277/SA277S24	SES144	-1.30038	-8.61607	-7.31569
BLOCK27/SES277/SA277S24	SES177	-1.96727	-9.28296	-7.31569
BLOCK27/SES277/SA277S24	SES180	-2.29259	-9.60828	-7.31569
BLOCK27/SES277/SA277S24	SES189	-1.07422	-8.38991	-7.31569
BLOCK27/SES277/SA277S29	SES177	-1.27798	-3.53478	-2.2568
BLOCK27/SES277/SA277S29	SES180	-1.52451	-3.78131	-2.2568
BLOCK27/SES277/SA277S29	SES202	-1.50857	-3.76537	-2.2568
BLOCK27/SES277/SA277S29	SES292	-1.84684	-4.10364	-2.2568
BLOCK27/SES279/SA279S09	SES120	-1.29062	-4.92121	-3.63059
BLOCK27/SES279/SA279S09	SES146	-1.33353	-4.96412	-3.63059
BLOCK27/SES279/SA279S09	SES206	-0.540151	-4.17075	-3.63059
BLOCK27/SES279/SA279S09	SES226	-1.85232	-5.48292	-3.63059
BLOCK27/SES279/SA279S10	SES099	-0.379675	-5.00315	-4.62347
BLOCK27/SES279/SA279S10	SES206	-1.12957	-5.75304	-4.62347
BLOCK27/SES279/SA279S10	SES226	-2.40944	-7.03292	-4.62347
BLOCK27/SES279/SA279S10	SES292	-0.140156	-4.76363	-4.62347
BLOCK27/SES279/SA279S20	SES099	-1.87771	-8.00879	-6.13108
BLOCK27/SES279/SA279S20	SES206	-0.477165	-6.60824	-6.13108
BLOCK27/SES279/SA279S20	SES226	-2.68409	-8.81517	-6.13108
BLOCK27/SES279/SA279S20	SES292	-0.450879	-6.58196	-6.13108
BLOCK27/SES279/SA279S26	SES099	0.475082	-6.63718	-7.11227
BLOCK27/SES279/SA279S26	SES206	0.242572	-6.86969	-7.11227
BLOCK27/SES279/SA279S26	SES226	-1.84826	-8.96053	-7.11227
BLOCK27/SES279/SA279S26	SES292	0.843314	-6.26895	-7.11227
BLOCK27/SES279/SA279S28	SES099	-0.262562	-1.6915	-1.42894
BLOCK27/SES279/SA279S28	SES120	-1.31449	-2.74343	-1.42894
BLOCK27/SES279/SA279S28	SES177	-1.90541	-3.33434	-1.42894
BLOCK27/SES279/SA279S28	SES206	-1.06017	-2.48911	-1.42894
BLOCK29/SES290/SA290S12	SES162	-0.688941	-5.24176	-4.55282
BLOCK29/SES290/SA290S12	SES177	-1.28237	-5.8352	-4.55282
BLOCK29/SES290/SA290S12	SES180	-1.23435	-5.78717	-4.55282
BLOCK29/SES290/SA290S12	SES292	-1.7224	-6.27522	-4.55282
BLOCK29/SES290/SA290S13	SES007	-1.05602	-5.36062	-4.3046
BLOCK29/SES290/SA290S13	SES162	-1.68406	-5.98866	-4.3046
BLOCK29/SES290/SA290S13	SES177	-1.48787	-5.79247	-4.3046
BLOCK29/SES290/SA290S13	SES180	-1.58324	-5.88784	-4.3046
BLOCK29/SES290/SA290S22	SES177	-1.51188	-5.70768	-4.1958
BLOCK29/SES290/SA290S22	SES180	-1.71391	-5.90971	-4.1958
BLOCK29/SES290/SA290S22	SES202	-0.755714	-4.95151	-4.1958
BLOCK29/SES290/SA290S22	SES292	-1.20001	-5.39581	-4.1958
BLOCK29/SES290/SA290S25	SES162	-1.55278	-6.31981	-4.76703
BLOCK29/SES290/SA290S25	SES177	-1.80833	-6.57536	-4.76703
BLOCK29/SES290/SA290S25	SES180	-1.95847	-6.72551	-4.76703
BLOCK29/SES290/SA290S25	SES292	-1.45256	-6.21959	-4.76703
BLOCK29/SES290/SA290S29	SES177	-0.789989	-2.97594	-2.18595
BLOCK29/SES290/SA290S29	SES180	-0.601105	-2.78706	-2.18595
BLOCK29/SES290/SA290S29	SES275	-0.310348	-2.4963	-2.18595
BLOCK29/SES290/SA290S29	SES292	-0.664608	-2.85056	-2.18595
BLOCK29/SES291/SA291S11	SES105	-1.33639	-7.76195	-6.42555
BLOCK29/SES291/SA291S11	SES125	-1.46612	-7.89168	-6.42555
BLOCK29/SES291/SA291S11	SES158	-1.53882	-7.96437	-6.42555
BLOCK29/SES291/SA291S11	SES275	-1.6431	-8.06865	-6.42555
BLOCK29/SES291/SA291S12	SES158	0.962761	-7.10709	-8.06985
BLOCK29/SES291/SA291S12	SES226	-2.64793	-10.7178	-8.06985
BLOCK29/SES291/SA291S12	SES270	-1.00412	-9.07397	-8.06985
BLOCK29/SES291/SA291S12	SES275	-3.20064	-11.2705	-8.06985
BLOCK29/SES291/SA291S22	SES082	-1.70127	-6.64634	-4.94507
BLOCK29/SES291/SA291S22	SES158	-0.595241	-5.54031	-4.94507
BLOCK29/SES291/SA291S22	SES259	-0.925646	-5.87072	-4.94507
BLOCK29/SES291/SA291S22	SES275	-2.62294	-7.56801	-4.94507
BLOCK29/SES291/SA291S24	SES104	-0.472083	-6.25704	-5.78496
BLOCK29/SES291/SA291S24	SES125	-1.207	-6.99196	-5.78496
BLOCK29/SES291/SA291S24	SES158	-0.396678	-6.18164	-5.78496
BLOCK29/SES291/SA291S24	SES275	-2.53423	-8.31919	-5.78496
BLOCK29/SES291/SA291S27	SES158	-0.391906	-4.39904	-4.00713
BLOCK29/SES291/SA291S27	SES172	-2.46267	-6.4698	-4.00713
BLOCK29/SES291/SA291S27	SES275	-1.58004	-5.58717	-4.00713
BLOCK29/SES291/SA291S27	SES292	-1.10035	-5.10748	-4.00713
