BLOCK00/SES002/SA002S12	SES002	2.50445	30.0226	27.5181
BLOCK00/SES002/SA002S13	SES002	2.91228	28.4466	25.5343
BLOCK00/SES002/SA002S23	SES002	1.92505	29.575	27.6499
BLOCK00/SES002/SA002S26	SES002	2.58778	30.4311	27.8433
BLOCK00/SES002/SA002S28	SES002	1.33025	27.6662	26.3359
BLOCK00/SES007/SA007S14	SES007	2.01192	30.5519	28.5399
BLOCK00/SES007/SA007S15	SES007	0.917442	27.8617	26.9443
BLOCK00/SES007/SA007S24	SES007	1.40163	27.8957	26.4941
BLOCK00/SES007/SA007S27	SES007	0.688622	27.0985	26.4099
BLOCK00/SES007/SA007S29	SES007	0.460985	27.8987	27.4377
BLOCK00/SES008/SA008S11	SES008	2.05426	28.6714	26.6172
BLOCK00/SES008/SA008S12	SES008	0.411488	27.5937	27.1822
BLOCK00/SES008/SA008S19	SES008	2.47442	30.8701	28.3957
BLOCK00/SES008/SA008S22	SES008	1.13953	26.8968	25.7573
BLOCK00/SES008/SA008S29	SES008	1.84385	29.3924	27.5485
BLOCK01/SES014/SA014S10	SES014	3.08275	30.0669	26.9842
BLOCK01/SES014/SA014S12	SES014	4.21449	33.5683	29.3538
BLOCK01/SES014/SA014S24	SES014	2.3584	30.1163	27.7579
BLOCK01/SES014/SA014S26	SES014	3.85683	34.5332	30.6764
BLOCK01/SES014/SA014S28	SES014	5.21442	34.0345	28.8201
BLOCK01/SES016/SA016S12	SES016	2.43539	26.3535	23.9182
BLOCK01/SES016/SA016S13	SES016	1.49446	27.7099	26.2154
BLOCK01/SES016/SA016S22	SES016	1.29853	27.1945	25.8959
BLOCK01/SES016/SA016S25	SES016	2.11257	31.3199	29.2073
BLOCK01/SES016/SA016S27	SES016	1.749	31.6736	29.9246
BLOCK01/SES019/SA019S13	SES019	3.54019	28.5363	24.9962
BLOCK01/SES019/SA019S14	SES019	3.02014	28.768	25.7478
BLOCK01/SES019/SA019S22	SES019	3.47395	28.4314	24.9574
BLOCK01/SES019/SA019S25	SES019	3.17899	29.1566	25.9776
BLOCK01/SES019/SA019S29	SES019	3.59859	28.9618	25.3632
BLOCK02/SES029/SA029S11	SES029	2.09131	28.855	26.7636
BLOCK02/SES029/SA029S12	SES029	0.84943	29.5797	28.7302
BLOCK02/SES029/SA029S20	SES029	1.06135	28.3762	27.3148
BLOCK02/SES029/SA029S25	SES029	1.56008	29.7249	28.1648
BLOCK02/SES029/SA029S28	SES029	0.570021	28.7674	28.1974
BLOCK04/SES042/SA042S12	SES042	2.93704	30.7194	27.7823
BLOCK04/SES042/SA042S15	SES042	2.65972	31.0582	28.3985
BLOCK04/SES042/SA042S22	SES042	4.33466	35.0954	30.7607
BLOCK04/SES042/SA042S25	SES042	2.80198	30.3239	27.5219
BLOCK04/SES042/SA042S27	SES042	2.38571	33.0436	30.6579
BLOCK04/SES048/SA048S11	SES048	2.10686	30.6005	28.4937
BLOCK04/SES048/SA048S12	SES048	1.38643	30.531	29.1446
BLOCK04/SES048/SA048S20	SES048	0.949335	30.5556	29.6063
BLOCK04/SES048/SA048S23	SES048	1.70945	28.7214	27.0119
BLOCK04/SES048/SA048S27	SES048	0.986982	31.5087	30.5217
BLOCK06/SES060/SA060S11	SES060	1.714	30.6451	28.9311
BLOCK06/SES060/SA060S12	SES060	-0.11231	25.5853	25.6976
BLOCK06/SES060/SA060S22	SES060	-0.450775	25.4761	25.9269
BLOCK06/SES060/SA060S24	SES060	1.87548	30.5056	28.6301
BLOCK06/SES060/SA060S28	SES060	1.5378	32.6743	31.1365
BLOCK06/SES062/SA062S10	SES062	0.997452	29.5554	28.558
BLOCK06/SES062/SA062S11	SES062	1.95983	28.9435	26.9837
BLOCK06/SES062/SA062S21	SES062	2.80813	34.0857	31.2776
BLOCK06/SES062/SA062S26	SES062	1.69013	30.691	29.0009
BLOCK06/SES062/SA062S29	SES062	2.02177	32.2535	30.2317
BLOCK06/SES068/SA068S14	SES068	0.396162	28.6157	28.2195
BLOCK06/SES068/SA068S15	SES068	1.3783	30.3975	29.0192
BLOCK06/SES068/SA068S23	SES068	1.41442	27.7527	26.3383
BLOCK06/SES068/SA068S27	SES068	2.45897	31.3071	28.8481
BLOCK06/SES068/SA068S29	SES068	1.14069	29.0879	27.9472
BLOCK08/SES082/SA082S12	SES082	1.11867	28.0661	26.9475
BLOCK08/SES082/SA082S14	SES082	1.83976	27.1263	25.2865
BLOCK08/SES082/SA082S21	SES082	0.948017	27.6697	26.7217
BLOCK08/SES082/SA082S24	SES082	1.00162	29.5315	28.5299
BLOCK08/SES082/SA082S28	SES082	0.770172	27.4919	26.7217
BLOCK08/SES083/SA083S14	SES083	0.507998	28.4826	27.9746
BLOCK08/SES083/SA083S15	SES083	0.830603	29.1852	28.3546
BLOCK08/SES083/SA083S24	SES083	0.797501	28.2546	27.4571
BLOCK08/SES083/SA083S26	SES083	0.891956	28.9504	28.0584
BLOCK08/SES083/SA083S29	SES083	0.548149	29.1154	28.5673
BLOCK08/SES085/SA085S10	SES085	0.748291	28.6455	27.8972
BLOCK08/SES085/SA085S13	SES085	1.24649	27.5689	26.3224
BLOCK08/SES085/SA085S22	SES085	0.108671	27.5709	27.4623
BLOCK08/SES085/SA085S26	SES085	0.692059	28.279	27.587
BLOCK08/SES085/SA085S28	SES085	1.73711	30.0557	28.3186
BLOCK08/SES087/SA087S15	SES087	2.06259	29.4727	27.4101
BLOCK08/SES087/SA087S16	SES087	2.50302	29.4663	26.9633
BLOCK08/SES087/SA087S24	SES087	2.45695	29.9911	27.5341
BLOCK08/SES087/SA087S26	SES087	2.07898	30.5179	28.439
BLOCK08/SES087/SA087S29	SES087	2.64483	29.4991	26.8543
BLOCK09/SES099/SA099S15	SES099	2.70703	28.7707	26.0637
BLOCK09/SES099/SA099S16	SES099	2.57924	28.9892	26.41
BLOCK09/SES099/SA099S24	SES099	2.5359	29.2333	26.6974
BLOCK09/SES099/SA099S26	SES099	2.82504	29.953	27.128
BLOCK09/SES099/SA099S29	SES099	3.05639	29.8815	26.8252
BLOCK10/SES101/SA101S11	SES101	0.856581	28.9747	28.1181
BLOCK10/SES101/SA101S13	SES101	1.96959	31.1818	29.2122
BLOCK10/SES101/SA101S22	SES101	2.03161	28.1439	26.1123
BLOCK10/SES101/SA101S24	SES101	1.99191	29.6071	27.6152
BLOCK10/SES101/SA101S28	SES101	0.979824	27.1901	26.2103
BLOCK10/SES104/SA104S11	SES104	3.08116	32.7864	29.7052
BLOCK10/SES104/SA104S12	SES104	2.20312	29.6993	27.4962
BLOCK10/SES104/SA104S21	SES104	2.78574	30.5129	27.7271
BLOCK10/SES104/SA104S24	SES104	1.44709	29.7655	28.3184
BLOCK10/SES104/SA104S28	SES104	2.82756	30.914	28.0864
BLOCK10/SES105/SA105S12	SES105	1.45848	27.4925	26.034
BLOCK10/SES105/SA105S13	SES105	1.32185	28.2621	26.9403
BLOCK10/SES105/SA105S22	SES105	0.788864	26.431	25.6421
BLOCK10/SES105/SA105S26	SES105	1.67406	27.7218	26.0478
BLOCK10/SES105/SA105S29	SES105	1.33952	28.9026	27.5631
BLOCK10/SES106/SA106S09	SES106	2.4634	27.357	24.8936
BLOCK10/SES106/SA106S11	SES106	2.45836	30.0893	27.6309
BLOCK10/SES106/SA106S22	SES106	4.54747	30.3081	25.7606
BLOCK10/SES106/SA106S27	SES106	2.09581	28.758	26.6622
BLOCK10/SES106/SA106S29	SES106	1.8481	28.8357	26.9876
BLOCK11/SES117/SA117S12	SES117	1.02043	26.9361	25.9157
BLOCK11/SES117/SA117S13	SES117	-0.230915	26.9649	27.1958
BLOCK11/SES117/SA117S23	SES117	2.28572	24.652	22.3663
BLOCK11/SES117/SA117S25	SES117	1.41303	25.3787	23.9657
BLOCK11/SES117/SA117S28	SES117	1.33881	24.8184	23.4796
BLOCK12/SES120/SA120S08	SES120	0.905069	24.9004	23.9954
BLOCK12/SES120/SA120S11	SES120	1.11331	23.2847	22.1713
BLOCK12/SES120/SA120S22	SES120	-0.0725079	28.102	28.1745
BLOCK12/SES120/SA120S24	SES120	1.07736	26.7807	25.7033
BLOCK12/SES120/SA120S28	SES120	0.35358	23.8079	23.4543
BLOCK12/SES125/SA125S13	SES125	2.92913	29.7947	26.8656
BLOCK12/SES125/SA125S14	SES125	1.73441	28.5076	26.7732
BLOCK12/SES125/SA125S25	SES125	2.52223	29.2514	26.7292
BLOCK12/SES125/SA125S27	SES125	2.64382	31.3375	28.6937
BLOCK12/SES125/SA125S29	SES125	2.33901	29.2286	26.8896
BLOCK12/SES127/SA127S11	SES127	1.0389	28.0056	26.9667
BLOCK12/SES127/SA127S12	SES127	0.360662	28.334	27.9734
BLOCK12/SES127/SA127S23	SES127	1.02288	28.4504	27.4276
BLOCK12/SES127/SA127S25	SES127	0.599976	27.4394	26.8394
BLOCK12/SES127/SA127S27	SES127	1.05739	28.111	27.0536
BLOCK12/SES129/SA129S11	SES129	2.65261	31.0606	28.408
BLOCK12/SES129/SA129S12	SES129	1.78121	30.4893	28.7081
BLOCK12/SES129/SA129S22	SES129	1.6901	29.3788	27.6887
BLOCK12/SES129/SA129S27	SES129	2.01157	30.0023	27.9907
BLOCK12/SES129/SA129S29	SES129	1.58615	30.806	29.2198
BLOCK14/SES142/SA142S11	SES142	2.78414	26.8007	24.0166
BLOCK14/SES142/SA142S12	SES142	1.28475	24.584	23.2992
BLOCK14/SES142/SA142S24	SES142	2.26328	26.1808	23.9175
BLOCK14/SES142/SA142S27	SES142	2.41981	27.6719	25.2521
BLOCK14/SES142/SA142S29	SES142	3.04697	27.2427	24.1957
BLOCK14/SES143/SA143S12	SES143	1.31737	27.2793	25.9619
BLOCK14/SES143/SA143S13	SES143	1.13869	26.7766	25.6379
BLOCK14/SES143/SA143S23	SES143	1.54619	27.0778	25.5316
BLOCK14/SES143/SA143S25	SES143	1.96917	27.5343	25.5651
BLOCK14/SES143/SA143S28	SES143	0.620647	26.4102	25.7895
BLOCK14/SES144/SA144S09	SES144	1.62029	29.001	27.3807
BLOCK14/SES144/SA144S11	SES144	1.91213	27.5513	25.6392
BLOCK14/SES144/SA144S21	SES144	0.510708	27.398	26.8873
BLOCK14/SES144/SA144S25	SES144	0.895771	27.0387	26.1429
BLOCK14/SES144/SA144S29	SES144	-0.0556278	28.1299	28.1855
BLOCK14/SES146/SA146S14	SES146	0.567688	26.6248	26.0571
BLOCK14/SES146/SA146S15	SES146	0.95792	27.0929	26.135
BLOCK14/SES146/SA146S24	SES146	1.15504	27.3431	26.1881
BLOCK14/SES146/SA146S26	SES146	2.06543	27.7175	25.6521
BLOCK14/SES146/SA146S29	SES146	1.4625	26.0016	24.5391
BLOCK14/SES147/SA147S11	SES147	1.25814	27.0025	25.7443
BLOCK14/SES147/SA147S13	SES147	2.39584	28.7037	26.3079
BLOCK14/SES147/SA147S23	SES147	0.949207	26.3904	25.4412
BLOCK14/SES147/SA147S26	SES147	1.31817	27.1883	25.8702
BLOCK14/SES147/SA147S28	SES147	1.55102	27.312	25.7609
BLOCK14/SES148/SA148S10	SES148	1.50472	28.3996	26.8949
BLOCK14/SES148/SA148S12	SES148	1.09135	26.9124	25.821
BLOCK14/SES148/SA148S22	SES148	1.65926	29.7944	28.1352
BLOCK14/SES148/SA148S26	SES148	0.111887	28.5195	28.4076
BLOCK14/SES148/SA148S29	SES148	0.755184	28.1274	27.3723
BLOCK14/SES149/SA149S13	SES149	0.494047	29.6441	29.1501
BLOCK14/SES149/SA149S14	SES149	1.08418	29.7901	28.7059
BLOCK14/SES149/SA149S24	SES149	2.18624	31.0952	28.909
BLOCK14/SES149/SA149S26	SES149	2.67454	31.5973	28.9228
BLOCK14/SES149/SA149S28	SES149	3.0026	33.467	30.4644
BLOCK15/SES158/SA158S13	SES158	2.23098	27.8767	25.6457
BLOCK15/SES158/SA158S14	SES158	3.79334	27.9308	24.1375
BLOCK15/SES158/SA158S23	SES158	2.0075	28.1442	26.1367
BLOCK15/SES158/SA158S26	SES158	2.60082	26.6795	24.0787
BLOCK15/SES158/SA158S28	SES158	1.95632	27.5453	25.589
BLOCK16/SES162/SA162S10	SES162	1.8157	26.0904	24.2747
BLOCK16/SES162/SA162S11	SES162	1.5645	28.5429	26.9784
BLOCK16/SES162/SA162S21	SES162	2.12105	28.4774	26.3563
BLOCK16/SES162/SA162S24	SES162	2.28802	27.8449	25.5569
BLOCK16/SES162/SA162S27	SES162	1.75978	26.7983	25.0385
BLOCK16/SES167/SA167S14	SES167	1.19145	29.6967	28.5052
BLOCK16/SES167/SA167S15	SES167	1.65668	28.1436	26.487
BLOCK16/SES167/SA167S21	SES167	1.52051	28.5371	27.0166
BLOCK16/SES167/SA167S25	SES167	3.01819	29.1546	26.1364
BLOCK16/SES167/SA167S29	SES167	2.42721	31.0356	28.6084
BLOCK17/SES172/SA172S12	SES172	2.23213	28.5977	26.3656
BLOCK17/SES172/SA172S13	SES172	1.81616	27.787	25.9708
BLOCK17/SES172/SA172S23	SES172	1.8346	29.8651	28.0305
BLOCK17/SES172/SA172S27	SES172	0.922329	28.4248	27.5024
BLOCK17/SES172/SA172S29	SES172	2.2962	28.8465	26.5503
BLOCK17/SES175/SA175S11	SES175	1.36893	28.5015	27.1326
BLOCK17/SES175/SA175S13	SES175	1.47366	28.7643	27.2906
BLOCK17/SES175/SA175S23	SES175	1.42338	28.6431	27.2197
BLOCK17/SES175/SA175S25	SES175	0.259315	24.9924	24.733
BLOCK17/SES175/SA175S28	SES175	1.13287	28.3582	27.2254
BLOCK17/SES177/SA177S15	SES177	0.550753	27.9205	27.3698
BLOCK17/SES177/SA177S17	SES177	0.66387	28.5347	27.8709
BLOCK17/SES177/SA177S23	SES177	0.213362	27.0667	26.8533
BLOCK17/SES177/SA177S26	SES177	0.945484	30.8623	29.9168
BLOCK17/SES177/SA177S28	SES177	0.7833	29.1433	28.36
BLOCK18/SES180/SA180S13	SES180	0.664661	26.8517	26.187
BLOCK18/SES180/SA180S15	SES180	1.28269	27.4406	26.1579
BLOCK18/SES180/SA180S24	SES180	1.21181	29.2136	28.0018
BLOCK18/SES180/SA180S26	SES180	1.23157	29.1424	27.9108
BLOCK18/SES180/SA180S29	SES180	1.68968	28.0273	26.3376
BLOCK18/SES183/SA183S13	SES183	1.59384	26.7483	25.1545
BLOCK18/SES183/SA183S14	SES183	0.791859	26.9469	26.155
BLOCK18/SES183/SA183S24	SES183	1.75719	25.7844	24.0272
BLOCK18/SES183/SA183S27	SES183	1.83336	27.6728	25.8395
BLOCK18/SES183/SA183S29	SES183	1.47377	28.4747	27.0009
BLOCK18/SES187/SA187S13	SES187	0.404907	25.6528	25.2479
BLOCK18/SES187/SA187S14	SES187	0.357056	25.8813	25.5243
BLOCK18/SES187/SA187S24	SES187	1.20603	25.2721	24.0661
BLOCK18/SES187/SA187S27	SES187	1.05683	26.8645	25.8077
BLOCK18/SES187/SA187S29	SES187	1.72901	27.1016	25.3726
BLOCK18/SES189/SA189S10	SES189	1.89741	25.104	23.2066
BLOCK18/SES189/SA189S13	SES189	2.61036	24.7627	22.1523
BLOCK18/SES189/SA189S24	SES189	3.69845	26.1891	22.4906
BLOCK18/SES189/SA189S26	SES189	1.2047	26.2217	25.017
BLOCK18/SES189/SA189S29	SES189	2.2404	26.2024	23.962
BLOCK20/SES202/SA202S12	SES202	1.23374	24.6194	23.3857
BLOCK20/SES202/SA202S14	SES202	3.14461	27.0318	23.8872
BLOCK20/SES202/SA202S24	SES202	1.45483	26.9282	25.4734
BLOCK20/SES202/SA202S27	SES202	1.93685	29.0503	27.1135
BLOCK20/SES202/SA202S29	SES202	2.12551	28.4447	26.3192
BLOCK20/SES206/SA206S15	SES206	-0.0448647	28.4986	28.5434
BLOCK20/SES206/SA206S17	SES206	2.49513	31.1781	28.683
BLOCK20/SES206/SA206S24	SES206	2.6181	31.3338	28.7157
BLOCK20/SES206/SA206S27	SES206	2.39579	30.4794	28.0836
BLOCK20/SES206/SA206S29	SES206	1.59798	32.0608	30.4628
BLOCK22/SES226/SA226S12	SES226	1.86711	28.1379	26.2708
BLOCK22/SES226/SA226S13	SES226	-0.298555	26.5841	26.8827
BLOCK22/SES226/SA226S20	SES226	2.0909	28.8546	26.7637
BLOCK22/SES226/SA226S23	SES226	2.15022	28.9633	26.813
BLOCK22/SES226/SA226S28	SES226	2.27158	29.5502	27.2786
BLOCK25/SES259/SA259S13	SES259	4.48944	31.4596	26.9701
BLOCK25/SES259/SA259S14	SES259	2.86519	30.6978	27.8326
BLOCK25/SES259/SA259S22	SES259	2.12796	30.0239	27.8959
BLOCK25/SES259/SA259S24	SES259	3.00639	32.311	29.3046
BLOCK25/SES259/SA259S28	SES259	2.8957	30.0965	27.2008
BLOCK27/SES270/SA270S14	SES270	3.24896	27.3446	24.0956
BLOCK27/SES270/SA270S16	SES270	1.62394	27.6682	26.0442
BLOCK27/SES270/SA270S22	SES270	3.86503	28.1368	24.2717
BLOCK27/SES270/SA270S26	SES270	2.93045	26.3151	23.3847
BLOCK27/SES270/SA270S28	SES270	1.73641	27.3374	25.601
BLOCK27/SES275/SA275S17	SES275	1.60281	27.6395	26.0367
BLOCK27/SES275/SA275S18	SES275	0.869612	27.8348	26.9652
BLOCK27/SES275/SA275S24	SES275	0.997499	26.8608	25.8633
BLOCK27/SES275/SA275S26	SES275	1.39205	28.5765	27.1844
BLOCK27/SES275/SA275S28	SES275	0.458155	28.549	28.0908
BLOCK29/SES292/SA292S10	SES292	0.446325	27.8986	27.4523
BLOCK29/SES292/SA292S12	SES292	0.431034	26.3523	25.9213
BLOCK29/SES292/SA292S22	SES292	1.02209	29.3317	28.3097
BLOCK29/SES292/SA292S24	SES292	0.758638	29.057	28.2984
BLOCK29/SES292/SA292S27	SES292	0.452919	28.7721	28.3192
BLOCK00/SES001/SA001S14	SES062	-1.93053	24.0993	26.0298
BLOCK00/SES001/SA001S14	SES082	-2.4559	23.5739	26.0298
BLOCK00/SES001/SA001S14	SES106	-1.90965	24.1202	26.0298
BLOCK00/SES001/SA001S14	SES206	-1.69053	24.3393	26.0298
BLOCK00/SES001/SA001S15	SES062	-2.17894	25.5924	27.7713
BLOCK00/SES001/SA001S15	SES104	-2.63295	25.1384	27.7713
BLOCK00/SES001/SA001S15	SES106	-1.95268	25.8187	27.7713
BLOCK00/SES001/SA001S15	SES206	-1.75348	26.0179	27.7713
BLOCK00/SES001/SA001S24	SES062	-3.25791	22.7368	25.9947
BLOCK00/SES001/SA001S24	SES082	-2.94683	23.0479	25.9947
BLOCK00/SES001/SA001S24	SES087	-2.15236	23.8423	25.9947
BLOCK00/SES001/SA001S24	SES206	-1.54287	24.4518	25.9947
BLOCK00/SES001/SA001S27	SES062	-1.82896	25.9443	27.7733
BLOCK00/SES001/SA001S27	SES082	-1.77031	26.003	27.7733
BLOCK00/SES001/SA001S27	SES087	-1.94422	25.829	27.7733
BLOCK00/SES001/SA001S27	SES206	-2.21408	25.5592	27.7733
BLOCK00/SES001/SA001S29	SES062	-2.76602	22.6821	25.4481
BLOCK00/SES001/SA001S29	SES082	-1.98809	23.46	25.4481
BLOCK00/SES001/SA001S29	SES158	-1.19182	24.2563	25.4481
BLOCK00/SES001/SA001S29	SES206	-2.83094	22.6172	25.4481
BLOCK00/SES003/SA003S11	SES002	-1.16261	25.425	26.5876
BLOCK00/SES003/SA003S11	SES019	-2.31953	24.2681	26.5876
BLOCK00/SES003/SA003S11	SES082	-0.818514	25.7691	26.5876
BLOCK00/SES003/SA003S11	SES125	-1.79723	24.7904	26.5876
BLOCK00/SES003/SA003S15	SES016	-1.17596	27.0896	28.2655
BLOCK00/SES003/SA003S15	SES019	-1.59271	26.6728	28.2655
BLOCK00/SES003/SA003S15	SES062	-1.0778	27.1877	28.2655
BLOCK00/SES003/SA003S15	SES206	-0.862738	27.4028	28.2655
BLOCK00/SES003/SA003S22	SES002	-2.57261	24.7011	27.2737
BLOCK00/SES003/SA003S22	SES062	-1.41722	25.8565	27.2737
BLOCK00/SES003/SA003S22	SES082	-2.00801	25.2657	27.2737
BLOCK00/SES003/SA003S22	SES087	-2.27991	24.9938	27.2737
BLOCK00/SES003/SA003S25	SES062	-2.5176	22.71	25.2276
BLOCK00/SES003/SA003S25	SES082	-0.935974	24.2916	25.2276
BLOCK00/SES003/SA003S25	SES087	-0.79011	24.4375	25.2276
BLOCK00/SES003/SA003S25	SES206	-2.19774	23.0299	25.2276
BLOCK00/SES003/SA003S29	SES002	-1.66059	24.6219	26.2825
BLOCK00/SES003/SA003S29	SES062	-2.18695	24.0956	26.2825
BLOCK00/SES003/SA003S29	SES082	-0.964327	25.3182	26.2825
BLOCK00/SES003/SA003S29	SES087	-1.54652	24.736	26.2825
BLOCK00/SES004/SA004S12	SES083	-1.84031	23.7457	25.586
BLOCK00/SES004/SA004S12	SES148	-2.97484	22.6112	25.586
BLOCK00/SES004/SA004S12	SES172	-1.04553	24.5405	25.586
BLOCK00/SES004/SA004S12	SES292	-1.75985	23.8262	25.586
BLOCK00/SES004/SA004S17	SES083	-2.29068	23.9139	26.2046
BLOCK00/SES004/SA004S17	SES162	-1.34834	24.8562	26.2046
BLOCK00/SES004/SA004S17	SES172	-1.54037	24.6642	26.2046
BLOCK00/SES004/SA004S17	SES292	-1.97284	24.2317	26.2046
BLOCK00/SES004/SA004S24	SES083	-2.08555	23.6229	25.7085
BLOCK00/SES004/SA004S24	SES148	-2.60375	23.1047	25.7085
BLOCK00/SES004/SA004S24	SES172	-1.073	24.6355	25.7085
BLOCK00/SES004/SA004S24	SES292	-1.5341	24.1744	25.7085
BLOCK00/SES004/SA004S26	SES083	-1.68266	23.5779	25.2605
BLOCK00/SES004/SA004S26	SES127	-1.04071	24.2198	25.2605
BLOCK00/SES004/SA004S26	SES148	-3.61022	21.6503	25.2605
BLOCK00/SES004/SA004S26	SES292	-2.09797	23.1626	25.2605
BLOCK00/SES004/SA004S28	SES083	-1.17761	25.5722	26.7499
BLOCK00/SES004/SA004S28	SES127	-1.61928	25.1306	26.7499
BLOCK00/SES004/SA004S28	SES187	-1.25877	25.4911	26.7499
BLOCK00/SES004/SA004S28	SES292	-2.40861	24.3412	26.7499
BLOCK00/SES006/SA006S10	SES014	-5.07833	17.1691	22.2474
BLOCK00/SES006/SA006S10	SES158	-1.58485	20.6626	22.2474
BLOCK00/SES006/SA006S10	SES226	-3.71663	18.5308	22.2474
BLOCK00/SES006/SA006S10	SES270	-1.08759	21.1598	22.2474
BLOCK00/SES006/SA006S11	SES158	-1.53572	21.7681	23.3038
BLOCK00/SES006/SA006S11	SES226	-2.88501	20.4188	23.3038
BLOCK00/SES006/SA006S11	SES270	-1.12556	22.1782	23.3038
BLOCK00/SES006/SA006S11	SES275	-2.91853	20.3853	23.3038
BLOCK00/SES006/SA006S23	SES062	-3.00507	23.6956	26.7006
BLOCK00/SES006/SA006S23	SES105	-3.53724	23.1634	26.7006
BLOCK00/SES006/SA006S23	SES158	-1.93368	24.767	26.7006
BLOCK00/SES006/SA006S23	SES275	-2.5794	24.1213	26.7006
BLOCK00/SES006/SA006S26	SES104	-3.83587	21.3566	25.1924
BLOCK00/SES006/SA006S26	SES158	-0.956268	24.2362	25.1924
BLOCK00/SES006/SA006S26	SES270	-0.221415	24.971	25.1924
BLOCK00/SES006/SA006S26	SES275	-2.73384	22.4586	25.1924
BLOCK00/SES006/SA006S28	SES007	-2.44087	20.5174	22.9583
BLOCK00/SES006/SA006S28	SES105	-2.67652	20.2818	22.9583
BLOCK00/SES006/SA006S28	SES158	-1.30897	21.6493	22.9583
BLOCK00/SES006/SA006S28	SES275	-3.13394	19.8243	22.9583
BLOCK00/SES009/SA009S12	SES083	-2.70126	25.7787	28.4799
BLOCK00/SES009/SA009S12	SES148	-2.85273	25.6272	28.4799
BLOCK00/SES009/SA009S12	SES177	-1.72195	26.758	28.4799
BLOCK00/SES009/SA009S12	SES292	-1.48517	26.9948	28.4799
BLOCK00/SES009/SA009S15	SES007	0.0612259	28.8837	28.8225
BLOCK00/SES009/SA009S15	SES099	-3.57185	25.2507	28.8225
BLOCK00/SES009/SA009S15	SES148	-2.57944	26.2431	28.8225
BLOCK00/SES009/SA009S15	SES172	-1.99162	26.8309	28.8225
BLOCK00/SES009/SA009S24	SES146	-1.94438	26.6277	28.572
BLOCK00/SES009/SA009S24	SES148	-2.83664	25.7354	28.572
BLOCK00/SES009/SA009S24	SES177	-0.559456	28.0126	28.572
BLOCK00/SES009/SA009S24	SES292	-1.62366	26.9484	28.572
BLOCK00/SES009/SA009S26	SES083	-2.29482	25.6144	27.9093
BLOCK00/SES009/SA009S26	SES101	-2.16012	25.7491	27.9093
BLOCK00/SES009/SA009S26	SES120	-1.85515	26.0541	27.9093
BLOCK00/SES009/SA009S26	SES177	-1.13773	26.7715	27.9093
BLOCK00/SES009/SA009S29	SES083	-1.93332	26.9494	28.8827
BLOCK00/SES009/SA009S29	SES101	-1.76431	27.1184	28.8827
BLOCK00/SES009/SA009S29	SES177	-0.959785	27.923	28.8827
BLOCK00/SES009/SA009S29	SES292	-1.23108	27.6517	28.8827
BLOCK01/SES011/SA011S10	SES019	-1.21092	26.4307	27.6416
BLOCK01/SES011/SA011S10	SES042	-0.503731	27.1379	27.6416
BLOCK01/SES011/SA011S10	SES082	-1.4711	26.1705	27.6416
BLOCK01/SES011/SA011S10	SES206	-0.626514	27.0151	27.6416
BLOCK01/SES011/SA011S11	SES019	-2.23047	23.721	25.9515
BLOCK01/SES011/SA011S11	SES042	-1.70704	24.2444	25.9515
BLOCK01/SES011/SA011S11	SES082	-0.763561	25.1879	25.9515
BLOCK01/SES011/SA011S11	SES206	-1.00257	24.9489	25.9515
BLOCK01/SES011/SA011S22	SES019	-0.694422	25.1127	25.8072
BLOCK01/SES011/SA011S22	SES042	-1.22174	24.5854	25.8072
BLOCK01/SES011/SA011S22	SES082	-1.36877	24.4384	25.8072
BLOCK01/SES011/SA011S22	SES206	-1.30275	24.5044	25.8072
BLOCK01/SES011/SA011S24	SES019	-1.93817	25.1477	27.0858
BLOCK01/SES011/SA011S24	SES042	-1.58544	25.5004	27.0858
BLOCK01/SES011/SA011S24	SES104	-2.01521	25.0706	27.0858
BLOCK01/SES011/SA011S24	SES206	-1.94037	25.1455	27.0858
BLOCK01/SES011/SA011S27	SES082	-0.279316	25.6553	25.9346
BLOCK01/SES011/SA011S27	SES087	-2.0645	23.8701	25.9346
BLOCK01/SES011/SA011S27	SES125	-1.56767	24.3669	25.9346
BLOCK01/SES011/SA011S27	SES206	-1.57973	24.3549	25.9346
BLOCK01/SES012/SA012S11	SES007	-1.11526	28.6734	29.7887
BLOCK01/SES012/SA012S11	SES082	-1.67875	28.1099	29.7887
BLOCK01/SES012/SA012S11	SES083	-1.92591	27.8628	29.7887
BLOCK01/SES012/SA012S11	SES206	-1.73992	28.0487	29.7887
BLOCK01/SES012/SA012S14	SES082	-0.1854	29.371	29.5564
BLOCK01/SES012/SA012S14	SES087	-1.45332	28.1031	29.5564
BLOCK01/SES012/SA012S14	SES206	-0.785666	28.7707	29.5564
BLOCK01/SES012/SA012S14	SES292	-1.66023	27.8962	29.5564
BLOCK01/SES012/SA012S24	SES082	-0.213808	27.3752	27.589
BLOCK01/SES012/SA012S24	SES087	-1.25255	26.3364	27.589
BLOCK01/SES012/SA012S24	SES120	-2.37299	25.216	27.589
BLOCK01/SES012/SA012S24	SES206	-0.864893	26.7241	27.589
BLOCK01/SES012/SA012S26	SES019	-3.45849	26.4188	29.8773
BLOCK01/SES012/SA012S26	SES082	-2.32723	27.55	29.8773
BLOCK01/SES012/SA012S26	SES206	-0.6322	29.2451	29.8773
BLOCK01/SES012/SA012S26	SES292	-1.26364	28.6136	29.8773
BLOCK01/SES012/SA012S29	SES062	-0.966713	28.381	29.3477
BLOCK01/SES012/SA012S29	SES082	-0.612583	28.7351	29.3477
BLOCK01/SES012/SA012S29	SES083	-1.51046	27.8372	29.3477
BLOCK01/SES012/SA012S29	SES206	-0.246023	29.1017	29.3477
BLOCK01/SES013/SA013S16	SES062	-2.5935	23.5895	26.183
BLOCK01/SES013/SA013S16	SES106	-1.2452	24.9378	26.183
BLOCK01/SES013/SA013S16	SES206	-2.0056	24.1774	26.183
BLOCK01/SES013/SA013S16	SES226	-0.872696	25.3103	26.183
BLOCK01/SES013/SA013S17	SES062	-1.65746	26.6499	28.3073
BLOCK01/SES013/SA013S17	SES106	-1.98568	26.3216	28.3073
BLOCK01/SES013/SA013S17	SES206	-0.00304604	28.3043	28.3073
BLOCK01/SES013/SA013S17	SES226	-0.312895	27.9944	28.3073
BLOCK01/SES013/SA013S23	SES104	-1.37092	25.8496	27.2205
BLOCK01/SES013/SA013S23	SES106	-0.605682	26.6148	27.2205
BLOCK01/SES013/SA013S23	SES206	-1.20863	26.0119	27.2205
BLOCK01/SES013/SA013S23	SES270	-0.656336	26.5642	27.2205
BLOCK01/SES013/SA013S25	SES042	-0.969057	27.61	28.5791
BLOCK01/SES013/SA013S25	SES104	-0.705582	27.8735	28.5791
BLOCK01/SES013/SA013S25	SES106	-0.476822	28.1022	28.5791
BLOCK01/SES013/SA013S25	SES206	-0.717579	27.8615	28.5791
BLOCK01/SES013/SA013S29	SES062	-2.83627	24.4908	27.3271
BLOCK01/SES013/SA013S29	SES104	-2.61454	24.7126	27.3271
BLOCK01/SES013/SA013S29	SES106	-1.66166	25.6654	27.3271
BLOCK01/SES013/SA013S29	SES206	-1.60311	25.724	27.3271
BLOCK02/SES021/SA021S13	SES016	-3.48151	25.3423	28.8238
BLOCK02/SES021/SA021S13	SES029	-2.08628	26.7375	28.8238
BLOCK02/SES021/SA021S13	SES087	-1.53032	27.2935	28.8238
BLOCK02/SES021/SA021S13	SES206	-0.87365	27.9501	28.8238
BLOCK02/SES021/SA021S15	SES087	-1.10469	29.442	30.5467
BLOCK02/SES021/SA021S15	SES125	-1.06053	29.4861	30.5467
BLOCK02/SES021/SA021S15	SES206	-0.178205	30.3685	30.5467
BLOCK02/SES021/SA021S15	SES226	-2.32899	28.2177	30.5467
BLOCK02/SES021/SA021S23	SES062	-3.05734	23.0365	26.0939
BLOCK02/SES021/SA021S23	SES087	-1.15552	24.9384	26.0939
BLOCK02/SES021/SA021S23	SES206	-1.64603	24.4478	26.0939
BLOCK02/SES021/SA021S23	SES226	-0.910517	25.1834	26.0939
BLOCK02/SES021/SA021S27	SES002	-0.814938	28.3852	29.2001
BLOCK02/SES021/SA021S27	SES016	-3.53691	25.6632	29.2001
BLOCK02/SES021/SA021S27	SES019	-1.48465	27.7155	29.2001
BLOCK02/SES021/SA021S27	SES062	-2.09766	27.1025	29.2001
BLOCK02/SES021/SA021S29	SES087	-0.891724	27.4251	28.3168
BLOCK02/SES021/SA021S29	SES125	-0.29999	28.0168	28.3168
BLOCK02/SES021/SA021S29	SES206	-0.85	27.4668	28.3168
BLOCK02/SES021/SA021S29	SES226	-1.95173	26.3651	28.3168
BLOCK04/SES043/SA043S09	SES083	-1.20428	24.0559	25.2602
BLOCK04/SES043/SA043S09	SES101	-2.27665	22.9836	25.2602
BLOCK04/SES043/SA043S09	SES144	-0.640324	24.6199	25.2602
BLOCK04/SES043/SA043S09	SES172	-2.4177	22.8425	25.2602
BLOCK04/SES043/SA043S11	SES083	-0.916451	27.0881	28.0046
BLOCK04/SES043/SA043S11	SES101	-0.955688	27.0489	28.0046
BLOCK04/SES043/SA043S11	SES144	-0.360382	27.6442	28.0046
BLOCK04/SES043/SA043S11	SES172	-1.57972	26.4249	28.0046
BLOCK04/SES043/SA043S23	SES083	-0.895155	26.0533	26.9485
BLOCK04/SES043/SA043S23	SES144	-0.417112	26.5314	26.9485
BLOCK04/SES043/SA043S23	SES177	-1.60762	25.3409	26.9485
BLOCK04/SES043/SA043S23	SES275	-1.31256	25.6359	26.9485
BLOCK04/SES043/SA043S26	SES083	-1.23208	24.8807	26.1128
BLOCK04/SES043/SA043S26	SES101	-1.28443	24.8284	26.1128
BLOCK04/SES043/SA043S26	SES144	-0.232443	25.8804	26.1128
BLOCK04/SES043/SA043S26	SES177	-1.05806	25.0548	26.1128
BLOCK04/SES043/SA043S28	SES016	-2.12242	26.4078	28.5302
BLOCK04/SES043/SA043S28	SES083	-1.00031	27.5299	28.5302
BLOCK04/SES043/SA043S28	SES101	-1.04979	27.4804	28.5302
BLOCK04/SES043/SA043S28	SES144	-1.05263	27.4776	28.5302
BLOCK04/SES044/SA044S10	SES127	-3.61637	17.9517	21.5681
BLOCK04/SES044/SA044S10	SES144	-1.02647	20.5416	21.5681
BLOCK04/SES044/SA044S10	SES147	-2.38566	19.1824	21.5681
BLOCK04/SES044/SA044S10	SES148	-3.10244	18.4657	21.5681
BLOCK04/SES044/SA044S11	SES101	-1.2478	23.1955	24.4433
BLOCK04/SES044/SA044S11	SES144	-0.430498	24.0128	24.4433
BLOCK04/SES044/SA044S11	SES147	-1.66479	22.7785	24.4433
BLOCK04/SES044/SA044S11	SES177	-2.31732	22.1259	24.4433
BLOCK04/SES044/SA044S24	SES007	-2.50301	22.6777	25.1807
BLOCK04/SES044/SA044S24	SES101	-0.954802	24.2259	25.1807
BLOCK04/SES044/SA044S24	SES147	-2.46471	22.716	25.1807
BLOCK04/SES044/SA044S24	SES177	-2.07639	23.1043	25.1807
BLOCK04/SES044/SA044S26	SES007	-1.68594	24.0154	25.7014
BLOCK04/SES044/SA044S26	SES016	-1.50211	24.1993	25.7014
BLOCK04/SES044/SA044S26	SES101	-1.50601	24.1954	25.7014
BLOCK04/SES044/SA044S26	SES147	-1.13116	24.5702	25.7014
BLOCK04/SES044/SA044S29	SES007	-1.8693	25.3452	27.2145
BLOCK04/SES044/SA044S29	SES101	-0.438324	26.7762	27.2145
BLOCK04/SES044/SA044S29	SES147	-1.886	25.3285	27.2145
BLOCK04/SES044/SA044S29	SES177	-2.19106	25.0234	27.2145
BLOCK04/SES046/SA046S13	SES101	-2.28253	22.0145	24.297
BLOCK04/SES046/SA046S13	SES144	-1.19715	23.0998	24.297
BLOCK04/SES046/SA046S13	SES147	-2.50924	21.7878	24.297
BLOCK04/SES046/SA046S13	SES177	-1.83011	22.4669	24.297
BLOCK04/SES046/SA046S15	SES048	-0.414373	27.5953	28.0097
BLOCK04/SES046/SA046S15	SES083	-0.574667	27.435	28.0097
BLOCK04/SES046/SA046S15	SES120	-2.63956	25.3701	28.0097
BLOCK04/SES046/SA046S15	SES148	-1.78769	26.222	28.0097
BLOCK04/SES046/SA046S22	SES101	-1.17357	24.3741	25.5477
BLOCK04/SES046/SA046S22	SES144	-0.778107	24.7696	25.5477
BLOCK04/SES046/SA046S22	SES147	-1.69807	23.8496	25.5477
BLOCK04/SES046/SA046S22	SES172	-0.978634	24.5691	25.5477
BLOCK04/SES046/SA046S25	SES083	-1.37247	24.7033	26.0758
BLOCK04/SES046/SA046S25	SES127	-1.18074	24.895	26.0758
BLOCK04/SES046/SA046S25	SES144	-1.38742	24.6884	26.0758
BLOCK04/SES046/SA046S25	SES148	-1.52854	24.5472	26.0758
BLOCK04/SES046/SA046S28	SES007	-2.61753	23.5905	26.208
BLOCK04/SES046/SA046S28	SES105	-2.1642	24.0438	26.208
BLOCK04/SES046/SA046S28	SES147	-1.60919	24.5988	26.208
BLOCK04/SES046/SA046S28	SES148	-1.49767	24.7103	26.208
BLOCK04/SES049/SA049S16	SES104	-2.2647	22.7324	24.9971
BLOCK04/SES049/SA049S16	SES106	-1.30069	23.6964	24.9971
BLOCK04/SES049/SA049S16	SES120	-1.48141	23.5157	24.9971
BLOCK04/SES049/SA049S16	SES206	-0.51199	24.4851	24.9971
BLOCK04/SES049/SA049S18	SES099	-1.36515	24.0587	25.4238
BLOCK04/SES049/SA049S18	SES104	-2.44824	22.9756	25.4238
BLOCK04/SES049/SA049S18	SES125	-3.24401	22.1798	25.4238
BLOCK04/SES049/SA049S18	SES206	-1.96149	23.4623	25.4238
BLOCK04/SES049/SA049S25	SES087	-0.849781	25.1024	25.9522
BLOCK04/SES049/SA049S25	SES104	-0.175604	25.7766	25.9522
BLOCK04/SES049/SA049S25	SES125	-1.76569	24.1865	25.9522
BLOCK04/SES049/SA049S25	SES206	-0.542725	25.4095	25.9522
BLOCK04/SES049/SA049S27	SES099	-0.561357	26.1138	26.6751
BLOCK04/SES049/SA049S27	SES104	-0.689972	25.9852	26.6751
BLOCK04/SES049/SA049S27	SES125	-2.21447	24.4607	26.6751
BLOCK04/SES049/SA049S27	SES206	-1.04201	25.6331	26.6751
BLOCK04/SES049/SA049S29	SES099	-0.414722	27.2613	27.6761
BLOCK04/SES049/SA049S29	SES104	-0.384172	27.2919	27.6761
BLOCK04/SES049/SA049S29	SES125	-1.22696	26.4491	27.6761
BLOCK04/SES049/SA049S29	SES206	-0.357533	27.3185	27.6761
BLOCK06/SES063/SA063S09	SES068	-2.32105	26.0217	28.3428
BLOCK06/SES063/SA063S09	SES083	-0.784243	27.5585	28.3428
BLOCK06/SES063/SA063S09	SES177	-1.38891	26.9539	28.3428
BLOCK06/SES063/SA063S09	SES187	-1.97102	26.3717	28.3428
BLOCK06/SES063/SA063S10	SES068	-1.9144	25.4503	27.3647
BLOCK06/SES063/SA063S10	SES083	-0.975897	26.3888	27.3647
BLOCK06/SES063/SA063S10	SES172	-1.35193	26.0128	27.3647
BLOCK06/SES063/SA063S10	SES187	-1.78368	25.581	27.3647
BLOCK06/SES063/SA063S20	SES068	-1.65652	24.6486	26.3051
BLOCK06/SES063/SA063S20	SES083	-1.13388	25.1712	26.3051
BLOCK06/SES063/SA063S20	SES172	-0.51269	25.7924	26.3051
BLOCK06/SES063/SA063S20	SES187	-0.896986	25.4081	26.3051
BLOCK06/SES063/SA063S24	SES029	-3.17344	24.5088	27.6822
BLOCK06/SES063/SA063S24	SES083	-0.630346	27.0519	27.6822
BLOCK06/SES063/SA063S24	SES177	-0.961201	26.721	27.6822
BLOCK06/SES063/SA063S24	SES189	-1.67599	26.0062	27.6822
BLOCK06/SES063/SA063S27	SES083	-0.66857	25.9571	26.6257
BLOCK06/SES063/SA063S27	SES172	-1.04754	25.5781	26.6257
BLOCK06/SES063/SA063S27	SES187	-0.979261	25.6464	26.6257
BLOCK06/SES063/SA063S27	SES292	-2.34974	24.2759	26.6257
BLOCK06/SES067/SA067S12	SES083	-2.05656	25.6266	27.6832
BLOCK06/SES067/SA067S12	SES172	-1.69685	25.9864	27.6832
BLOCK06/SES067/SA067S12	SES202	-0.556553	27.1267	27.6832
BLOCK06/SES067/SA067S12	SES292	-1.98312	25.7001	27.6832
BLOCK06/SES067/SA067S14	SES085	-1.49781	27.4883	28.9861
BLOCK06/SES067/SA067S14	SES177	-1.59713	27.389	28.9861
BLOCK06/SES067/SA067S14	SES183	-0.495899	28.4902	28.9861
BLOCK06/SES067/SA067S14	SES202	-0.221334	28.7648	28.9861
BLOCK06/SES067/SA067S21	SES144	-0.100519	26.6475	26.748
BLOCK06/SES067/SA067S21	SES177	-0.495352	26.2527	26.748
BLOCK06/SES067/SA067S21	SES183	-0.371176	26.3768	26.748
BLOCK06/SES067/SA067S21	SES189	-0.533861	26.2142	26.748
BLOCK06/SES067/SA067S25	SES085	-1.22553	26.8662	28.0917
BLOCK06/SES067/SA067S25	SES177	-1.43732	26.6544	28.0917
BLOCK06/SES067/SA067S25	SES183	-0.614227	27.4775	28.0917
BLOCK06/SES067/SA067S25	SES202	-1.20117	26.8906	28.0917
BLOCK06/SES067/SA067S29	SES085	-1.41471	26.3808	27.7955
BLOCK06/SES067/SA067S29	SES177	-1.73187	26.0636	27.7955
BLOCK06/SES067/SA067S29	SES183	-0.315819	27.4797	27.7955
BLOCK06/SES067/SA067S29	SES202	-0.458473	27.337	27.7955
BLOCK06/SES069/SA069S12	SES029	-2.09329	26.0386	28.1318
BLOCK06/SES069/SA069S12	SES082	0.399656	28.5315	28.1318
BLOCK06/SES069/SA069S12	SES087	-0.706232	27.4256	28.1318
BLOCK06/SES069/SA069S12	SES206	-0.286684	27.8452	28.1318
BLOCK06/SES069/SA069S13	SES029	-2.21164	25.3786	27.5902
BLOCK06/SES069/SA069S13	SES087	-0.474079	27.1162	27.5902
BLOCK06/SES069/SA069S13	SES206	-0.208477	27.3818	27.5902
BLOCK06/SES069/SA069S13	SES226	-0.0578403	27.5324	27.5902
BLOCK06/SES069/SA069S23	SES029	-0.860308	29.5461	30.4064
BLOCK06/SES069/SA069S23	SES087	0.0568333	30.4632	30.4064
BLOCK06/SES069/SA069S23	SES206	-0.709175	29.6972	30.4064
BLOCK06/SES069/SA069S23	SES226	0.446321	30.8527	30.4064
BLOCK06/SES069/SA069S25	SES087	0.17149	28.8537	28.6822
BLOCK06/SES069/SA069S25	SES206	-1.50883	27.1734	28.6822
BLOCK06/SES069/SA069S25	SES226	-0.1068	28.5754	28.6822
BLOCK06/SES069/SA069S25	SES270	-0.743374	27.9389	28.6822
BLOCK06/SES069/SA069S27	SES087	-0.981966	28.0781	29.0601
BLOCK06/SES069/SA069S27	SES206	0.130171	29.1902	29.0601
BLOCK06/SES069/SA069S27	SES226	0.216721	29.2768	29.0601
BLOCK06/SES069/SA069S27	SES270	-0.335398	28.7247	29.0601
BLOCK08/SES081/SA081S11	SES060	-3.01432	22.3938	25.4081
BLOCK08/SES081/SA081S11	SES062	-1.57105	23.8371	25.4081
BLOCK08/SES081/SA081S11	SES117	-2.6147	22.7934	25.4081
BLOCK08/SES081/SA081S11	SES162	-2.55281	22.8553	25.4081
BLOCK08/SES081/SA081S13	SES016	-1.84104	26.5967	28.4378
BLOCK08/SES081/SA081S13	SES060	-0.501686	27.9361	28.4378
BLOCK08/SES081/SA081S13	SES068	-0.765699	27.6721	28.4378
BLOCK08/SES081/SA081S13	SES129	-2.01035	26.4274	28.4378
BLOCK08/SES081/SA081S24	SES060	-1.34941	25.1307	26.4801
BLOCK08/SES081/SA081S24	SES068	-0.746202	25.7339	26.4801
BLOCK08/SES081/SA081S24	SES117	-2.53206	23.9481	26.4801
BLOCK08/SES081/SA081S24	SES275	-1.94729	24.5328	26.4801
BLOCK08/SES081/SA081S27	SES007	-1.57627	23.9287	25.505
BLOCK08/SES081/SA081S27	SES060	-2.31644	23.1886	25.505
BLOCK08/SES081/SA081S27	SES117	-1.23213	24.2729	25.505
BLOCK08/SES081/SA081S27	SES275	-1.95837	23.5467	25.505
BLOCK08/SES081/SA081S29	SES007	-1.24462	25.6044	26.849
BLOCK08/SES081/SA081S29	SES060	-1.41127	25.4378	26.849
BLOCK08/SES081/SA081S29	SES117	-1.8467	25.0023	26.849
BLOCK08/SES081/SA081S29	SES275	-2.1619	24.6871	26.849
BLOCK08/SES086/SA086S11	SES029	-3.46863	21.8953	25.3639
BLOCK08/SES086/SA086S11	SES082	-1.28789	24.076	25.3639
BLOCK08/SES086/SA086S11	SES087	-0.330269	25.0336	25.3639
BLOCK08/SES086/SA086S11	SES206	-2.12579	23.2381	25.3639
BLOCK08/SES086/SA086S12	SES029	-2.36678	24.4751	26.8419
BLOCK08/SES086/SA086S12	SES082	-1.05349	25.7884	26.8419
BLOCK08/SES086/SA086S12	SES087	0.543083	27.385	26.8419
BLOCK08/SES086/SA086S12	SES206	-0.943771	25.8981	26.8419
BLOCK08/SES086/SA086S20	SES029	-3.46816	24.925	28.3932
BLOCK08/SES086/SA086S20	SES082	-1.75913	26.6341	28.3932
BLOCK08/SES086/SA086S20	SES087	0.103481	28.4967	28.3932
BLOCK08/SES086/SA086S20	SES206	-0.241631	28.1516	28.3932
BLOCK08/SES086/SA086S24	SES087	0.160748	27.3096	27.1488
BLOCK08/SES086/SA086S24	SES104	-1.67208	25.4767	27.1488
BLOCK08/SES086/SA086S24	SES120	-2.25864	24.8902	27.1488
BLOCK08/SES086/SA086S24	SES206	-0.120853	27.028	27.1488
BLOCK08/SES086/SA086S28	SES029	-2.23051	25.7536	27.9841
BLOCK08/SES086/SA086S28	SES082	-1.00223	26.9818	27.9841
BLOCK08/SES086/SA086S28	SES087	0.181288	28.1654	27.9841
BLOCK08/SES086/SA086S28	SES206	-0.666729	27.3174	27.9841
BLOCK08/SES089/SA089S13	SES087	-1.34927	24.3572	25.7065
BLOCK08/SES089/SA089S13	SES206	-2.16894	23.5376	25.7065
BLOCK08/SES089/SA089S13	SES226	-1.17306	24.5334	25.7065
BLOCK08/SES089/SA089S13	SES270	-2.93648	22.77	25.7065
BLOCK08/SES089/SA089S14	SES062	-1.86428	25.4017	27.266
BLOCK08/SES089/SA089S14	SES087	-0.381708	26.8843	27.266
BLOCK08/SES089/SA089S14	SES206	-1.48277	25.7832	27.266
BLOCK08/SES089/SA089S14	SES226	-1.23433	26.0317	27.266
BLOCK08/SES089/SA089S23	SES087	-1.12654	23.2102	24.3368
BLOCK08/SES089/SA089S23	SES206	-1.20031	23.1365	24.3368
BLOCK08/SES089/SA089S23	SES226	-1.4023	22.9345	24.3368
BLOCK08/SES089/SA089S23	SES270	-2.29867	22.0381	24.3368
BLOCK08/SES089/SA089S25	SES062	-1.83982	24.5268	26.3666
BLOCK08/SES089/SA089S25	SES087	-0.490627	25.876	26.3666
BLOCK08/SES089/SA089S25	SES206	-1.74528	24.6213	26.3666
BLOCK08/SES089/SA089S25	SES226	-0.568865	25.7978	26.3666
BLOCK08/SES089/SA089S28	SES062	-1.651	24.9574	26.6084
BLOCK08/SES089/SA089S28	SES087	0.105968	26.7144	26.6084
BLOCK08/SES089/SA089S28	SES206	-0.780468	25.8279	26.6084
BLOCK08/SES089/SA089S28	SES226	-0.171873	26.4365	26.6084
BLOCK09/SES097/SA097S11	SES099	1.02408	25.8994	24.8753
BLOCK09/SES097/SA097S11	SES125	-1.5602	23.3151	24.8753
BLOCK09/SES097/SA097S11	SES206	-0.4669	24.4084	24.8753
BLOCK09/SES097/SA097S11	SES226	0.22901	25.1043	24.8753
BLOCK09/SES097/SA097S14	SES062	-0.751505	25.0291	25.7806
BLOCK09/SES097/SA097S14	SES099	-0.232803	25.5478	25.7806
BLOCK09/SES097/SA097S14	SES104	-1.22915	24.5514	25.7806
BLOCK09/SES097/SA097S14	SES206	-1.68592	24.0947	25.7806
BLOCK09/SES097/SA097S22	SES099	1.13958	27.0596	25.92
BLOCK09/SES097/SA097S22	SES206	-1.37609	24.5439	25.92
BLOCK09/SES097/SA097S22	SES226	-1.53948	24.3805	25.92
BLOCK09/SES097/SA097S22	SES270	0.398088	26.3181	25.92
BLOCK09/SES097/SA097S26	SES099	0.619057	26.9285	26.3094
BLOCK09/SES097/SA097S26	SES120	-1.92631	24.3831	26.3094
BLOCK09/SES097/SA097S26	SES206	-0.792145	25.5173	26.3094
BLOCK09/SES097/SA097S26	SES226	-2.02809	24.2813	26.3094
BLOCK09/SES097/SA097S28	SES099	-0.10696	26.0897	26.1967
BLOCK09/SES097/SA097S28	SES120	-1.4141	24.7826	26.1967
BLOCK09/SES097/SA097S28	SES206	-1.56248	24.6342	26.1967
BLOCK09/SES097/SA097S28	SES226	-2.87206	23.3246	26.1967
BLOCK09/SES098/SA098S11	SES127	-2.0474	22.4069	24.4543
BLOCK09/SES098/SA098S11	SES144	-1.71186	22.7425	24.4543
BLOCK09/SES098/SA098S11	SES147	-0.69322	23.7611	24.4543
BLOCK09/SES098/SA098S11	SES148	-3.69005	20.7643	24.4543
BLOCK09/SES098/SA098S12	SES127	-4.55133	17.7659	22.3173
BLOCK09/SES098/SA098S12	SES144	-2.72975	19.5875	22.3173
BLOCK09/SES098/SA098S12	SES147	-1.47242	20.8448	22.3173
BLOCK09/SES098/SA098S12	SES189	-1.56433	20.7529	22.3173
BLOCK09/SES098/SA098S20	SES127	-3.65515	20.1473	23.8024
BLOCK09/SES098/SA098S20	SES147	-1.43612	22.3663	23.8024
BLOCK09/SES098/SA098S20	SES148	-4.42777	19.3746	23.8024
BLOCK09/SES098/SA098S20	SES292	-2.43661	21.3658	23.8024
BLOCK09/SES098/SA098S23	SES127	-2.07854	23.2247	25.3033
BLOCK09/SES098/SA098S23	SES147	-1.65659	23.6467	25.3033
BLOCK09/SES098/SA098S23	SES187	-1.36678	23.9365	25.3033
BLOCK09/SES098/SA098S23	SES292	-2.37634	22.9269	25.3033
BLOCK09/SES098/SA098S27	SES127	-4.16592	19.1716	23.3375
BLOCK09/SES098/SA098S27	SES147	-2.54074	20.7967	23.3375
BLOCK09/SES098/SA098S27	SES148	-4.59322	18.7443	23.3375
BLOCK09/SES098/SA098S27	SES292	-2.55422	20.7833	23.3375
BLOCK10/SES102/SA102S13	SES101	-1.15803	23.3259	24.4839
BLOCK10/SES102/SA102S13	SES105	-1.63677	22.8471	24.4839
BLOCK10/SES102/SA102S13	SES120	-2.04602	22.4379	24.4839
BLOCK10/SES102/SA102S13	SES158	-3.11782	21.3661	24.4839
BLOCK10/SES102/SA102S14	SES007	-0.597614	27.3894	27.987
BLOCK10/SES102/SA102S14	SES101	0.855886	28.8429	27.987
BLOCK10/SES102/SA102S14	SES105	0.14798	28.135	27.987
BLOCK10/SES102/SA102S14	SES147	-2.70968	25.2773	27.987
BLOCK10/SES102/SA102S22	SES007	-1.6798	25.7499	27.4297
BLOCK10/SES102/SA102S22	SES101	-0.27796	27.1517	27.4297
BLOCK10/SES102/SA102S22	SES105	-0.827374	26.6023	27.4297
BLOCK10/SES102/SA102S22	SES158	-2.53206	24.8976	27.4297
BLOCK10/SES102/SA102S25	SES007	-1.1006	27.0971	28.1977
BLOCK10/SES102/SA102S25	SES101	-0.103697	28.094	28.1977
BLOCK10/SES102/SA102S25	SES105	-0.584244	27.6135	28.1977
BLOCK10/SES102/SA102S25	SES147	-3.26459	24.9331	28.1977
BLOCK10/SES102/SA102S27	SES007	-1.3701	25.2774	26.6475
BLOCK10/SES102/SA102S27	SES101	-0.115223	26.5322	26.6475
BLOCK10/SES102/SA102S27	SES105	-1.29045	25.357	26.6475
BLOCK10/SES102/SA102S27	SES147	-2.28682	24.3606	26.6475
BLOCK10/SES103/SA103S14	SES105	-2.26459	23.087	25.3516
BLOCK10/SES103/SA103S14	SES106	-1.47844	23.8732	25.3516
BLOCK10/SES103/SA103S14	SES120	-2.59119	22.7604	25.3516
BLOCK10/SES103/SA103S14	SES206	-2.87693	22.4747	25.3516
BLOCK10/SES103/SA103S15	SES099	-2.00564	21.4407	23.4464
BLOCK10/SES103/SA103S15	SES101	-3.3509	20.0955	23.4464
BLOCK10/SES103/SA103S15	SES104	-2.58662	20.8597	23.4464
BLOCK10/SES103/SA103S15	SES125	-1.79959	21.6468	23.4464
BLOCK10/SES103/SA103S24	SES104	-1.80082	25.7789	27.5797
BLOCK10/SES103/SA103S24	SES125	-2.0077	25.572	27.5797
BLOCK10/SES103/SA103S24	SES148	-3.24389	24.3358	27.5797
BLOCK10/SES103/SA103S24	SES158	-1.45315	26.1266	27.5797
BLOCK10/SES103/SA103S26	SES104	-1.71861	21.8974	23.6161
BLOCK10/SES103/SA103S26	SES106	-0.903875	22.7122	23.6161
BLOCK10/SES103/SA103S26	SES125	-1.54028	22.0758	23.6161
BLOCK10/SES103/SA103S26	SES148	-3.68317	19.9329	23.6161
BLOCK10/SES103/SA103S28	SES104	-2.61575	19.7617	22.3775
BLOCK10/SES103/SA103S28	SES106	-1.20684	21.1706	22.3775
BLOCK10/SES103/SA103S28	SES125	-2.53293	19.8445	22.3775
BLOCK10/SES103/SA103S28	SES206	-3.51086	18.8666	22.3775
BLOCK12/SES121/SA121S12	SES042	-3.74781	19.6416	23.3894
BLOCK12/SES121/SA121S12	SES087	-2.61887	20.7705	23.3894
BLOCK12/SES121/SA121S12	SES105	-1.41201	21.9774	23.3894
BLOCK12/SES121/SA121S12	SES206	-2.72069	20.6687	23.3894
BLOCK12/SES121/SA121S14	SES007	-1.90058	20.7764	22.677
BLOCK12/SES121/SA121S14	SES105	-1.91617	20.7609	22.677
BLOCK12/SES121/SA121S14	SES106	-1.98559	20.6914	22.677
BLOCK12/SES121/SA121S14	SES206	-2.6939	19.9831	22.677
BLOCK12/SES121/SA121S23	SES105	-1.70652	21.1213	22.8278
BLOCK12/SES121/SA121S23	SES106	-0.813696	22.0141	22.8278
BLOCK12/SES121/SA121S23	SES120	-1.29209	21.5357	22.8278
BLOCK12/SES121/SA121S23	SES206	-1.45461	21.3732	22.8278
BLOCK12/SES121/SA121S25	SES007	-1.62905	19.086	20.715
BLOCK12/SES121/SA121S25	SES105	-2.45222	18.2628	20.715
BLOCK12/SES121/SA121S25	SES106	-2.14439	18.5706	20.715
BLOCK12/SES121/SA121S25	SES206	-3.54733	17.1677	20.715
BLOCK12/SES121/SA121S27	SES087	-1.6513	20.8901	22.5414
BLOCK12/SES121/SA121S27	SES105	-3.24638	19.295	22.5414
BLOCK12/SES121/SA121S27	SES120	-0.836941	21.7044	22.5414
BLOCK12/SES121/SA121S27	SES206	-2.09611	20.4453	22.5414
BLOCK12/SES124/SA124S16	SES042	-0.637917	24.8876	25.5255
BLOCK12/SES124/SA124S16	SES082	-1.61513	23.9104	25.5255
BLOCK12/SES124/SA124S16	SES183	-2.29764	23.2278	25.5255
BLOCK12/SES124/SA124S16	SES206	-2.0706	23.4549	25.5255
BLOCK12/SES124/SA124S17	SES105	-2.22989	21.3974	23.6273
BLOCK12/SES124/SA124S17	SES149	-4.35743	19.2698	23.6273
BLOCK12/SES124/SA124S17	SES158	-2.56411	21.0632	23.6273
BLOCK12/SES124/SA124S17	SES275	-1.77115	21.8561	23.6273
BLOCK12/SES124/SA124S23	SES105	-2.82315	24.7311	27.5543
BLOCK12/SES124/SA124S23	SES125	0.0216179	27.5759	27.5543
BLOCK12/SES124/SA124S23	SES129	-2.49727	25.057	27.5543
BLOCK12/SES124/SA124S23	SES158	-0.600391	26.9539	27.5543
BLOCK12/SES124/SA124S26	SES105	-3.63082	22.9655	26.5963
BLOCK12/SES124/SA124S26	SES125	-1.29195	25.3044	26.5963
BLOCK12/SES124/SA124S26	SES129	-2.80378	23.7925	26.5963
BLOCK12/SES124/SA124S26	SES158	-1.27243	25.3239	26.5963
BLOCK12/SES124/SA124S28	SES104	-1.6659	25.2325	26.8984
BLOCK12/SES124/SA124S28	SES106	-0.702394	26.196	26.8984
BLOCK12/SES124/SA124S28	SES125	0.0593376	26.9578	26.8984
BLOCK12/SES124/SA124S28	SES275	-2.47662	24.4218	26.8984
BLOCK12/SES126/SA126S13	SES007	-1.65481	22.9189	24.5737
BLOCK12/SES126/SA126S13	SES162	-1.67164	22.9021	24.5737
BLOCK12/SES126/SA126S13	SES177	-1.53369	23.04	24.5737
BLOCK12/SES126/SA126S13	SES180	-2.08162	22.4921	24.5737
BLOCK12/SES126/SA126S14	SES144	-1.43931	25.734	27.1734
BLOCK12/SES126/SA126S14	SES148	-2.1727	25.0007	27.1734
BLOCK12/SES126/SA126S14	SES177	-0.890923	26.2824	27.1734
BLOCK12/SES126/SA126S14	SES180	-2.09874	25.0746	27.1734
BLOCK12/SES126/SA126S20	SES007	-1.94462	23.5115	25.4561
BLOCK12/SES126/SA126S20	SES162	-2.30867	23.1475	25.4561
BLOCK12/SES126/SA126S20	SES172	-4.04219	21.4139	25.4561
BLOCK12/SES126/SA126S20	SES180	-2.61086	22.8453	25.4561
BLOCK12/SES126/SA126S24	SES120	-0.870155	26.6062	27.4763
BLOCK12/SES126/SA126S24	SES162	-1.77019	25.7061	27.4763
BLOCK12/SES126/SA126S24	SES177	-1.24581	26.2305	27.4763
BLOCK12/SES126/SA126S24	SES180	-1.37602	26.1003	27.4763
BLOCK12/SES126/SA126S26	SES120	-0.953697	24.7504	25.7041
BLOCK12/SES126/SA126S26	SES177	-1.15002	24.5541	25.7041
BLOCK12/SES126/SA126S26	SES180	-2.91415	22.7899	25.7041
BLOCK12/SES126/SA126S26	SES202	-1.71456	23.9895	25.7041
BLOCK12/SES128/SA128S10	SES087	-2.12528	25.1704	27.2957
BLOCK12/SES128/SA128S10	SES206	-1.37095	25.9247	27.2957
BLOCK12/SES128/SA128S10	SES226	-0.935492	26.3602	27.2957
BLOCK12/SES128/SA128S10	SES270	-0.244555	27.0511	27.2957
BLOCK12/SES128/SA128S12	SES120	-1.52739	25.1388	26.6662
BLOCK12/SES128/SA128S12	SES158	-1.83457	24.8316	26.6662
BLOCK12/SES128/SA128S12	SES206	-1.03847	25.6277	26.6662
BLOCK12/SES128/SA128S12	SES226	-1.71813	24.9481	26.6662
BLOCK12/SES128/SA128S21	SES106	-2.04245	22.6572	24.6997
BLOCK12/SES128/SA128S21	SES120	-1.32292	23.3768	24.6997
BLOCK12/SES128/SA128S21	SES206	-1.42579	23.2739	24.6997
BLOCK12/SES128/SA128S21	SES226	-1.04237	23.6573	24.6997
BLOCK12/SES128/SA128S24	SES087	-1.78869	23.8193	25.608
BLOCK12/SES128/SA128S24	SES120	-0.99036	24.6176	25.608
BLOCK12/SES128/SA128S24	SES206	-1.38332	24.2246	25.608
BLOCK12/SES128/SA128S24	SES226	-2.08509	23.5229	25.608
BLOCK12/SES128/SA128S27	SES099	-1.10871	26.5552	27.6639
BLOCK12/SES128/SA128S27	SES120	-1.19346	26.4704	27.6639
BLOCK12/SES128/SA128S27	SES206	-1.61625	26.0476	27.6639
BLOCK12/SES128/SA128S27	SES226	-1.53495	26.1289	27.6639
BLOCK13/SES130/SA130S13	SES143	-0.338753	24.9161	25.2549
BLOCK13/SES130/SA130S13	SES144	0.296173	25.551	25.2549
BLOCK13/SES130/SA130S13	SES146	-0.626225	24.6286	25.2549
BLOCK13/SES130/SA130S13	SES275	-2.02277	23.2321	25.2549
BLOCK13/SES130/SA130S15	SES143	-1.80663	25.9903	27.797
BLOCK13/SES130/SA130S15	SES144	-0.777411	27.0195	27.797
BLOCK13/SES130/SA130S15	SES146	-0.921221	26.8757	27.797
BLOCK13/SES130/SA130S15	SES275	-1.38931	26.4076	27.797
BLOCK13/SES130/SA130S23	SES127	-2.50069	22.4421	24.9428
BLOCK13/SES130/SA130S23	SES144	-1.12565	23.8172	24.9428
BLOCK13/SES130/SA130S23	SES146	-0.325054	24.6178	24.9428
BLOCK13/SES130/SA130S23	SES162	-0.555906	24.3869	24.9428
BLOCK13/SES130/SA130S25	SES127	-1.5277	26.5043	28.032
BLOCK13/SES130/SA130S25	SES144	0.0151882	28.0472	28.032
BLOCK13/SES130/SA130S25	SES146	-0.0381718	27.9939	28.032
BLOCK13/SES130/SA130S25	SES275	-0.821747	27.2103	28.032
BLOCK13/SES130/SA130S28	SES127	-1.61283	24.7695	26.3823
BLOCK13/SES130/SA130S28	SES144	-1.0068	25.3755	26.3823
BLOCK13/SES130/SA130S28	SES146	-0.711979	25.6703	26.3823
BLOCK13/SES130/SA130S28	SES275	-0.47971	25.9026	26.3823
BLOCK13/SES131/SA131S13	SES002	-2.43946	21.2137	23.6531
BLOCK13/SES131/SA131S13	SES007	-1.67185	21.9813	23.6531
BLOCK13/SES131/SA131S13	SES099	-2.98999	20.6631	23.6531
BLOCK13/SES131/SA131S13	SES105	-2.02633	21.6268	23.6531
BLOCK13/SES131/SA131S14	SES104	-0.528065	25.9086	26.4366
BLOCK13/SES131/SA131S14	SES106	-1.42762	25.009	26.4366
BLOCK13/SES131/SA131S14	SES125	-0.91963	25.517	26.4366
BLOCK13/SES131/SA131S14	SES148	-1.66691	24.7697	26.4366
BLOCK13/SES131/SA131S20	SES104	-2.99619	20.5632	23.5594
BLOCK13/SES131/SA131S20	SES106	-2.41321	21.1462	23.5594
BLOCK13/SES131/SA131S20	SES125	-3.43464	20.1248	23.5594
BLOCK13/SES131/SA131S20	SES148	-2.43608	21.1233	23.5594
BLOCK13/SES131/SA131S22	SES099	-2.38146	22.6346	25.016
BLOCK13/SES131/SA131S22	SES104	-1.93486	23.0812	25.016
BLOCK13/SES131/SA131S22	SES125	-1.991	23.025	25.016
BLOCK13/SES131/SA131S22	SES206	-2.86533	22.1507	25.016
BLOCK13/SES131/SA131S29	SES087	-2.35353	21.7873	24.1408
BLOCK13/SES131/SA131S29	SES104	-3.21227	20.9286	24.1408
BLOCK13/SES131/SA131S29	SES125	-3.44054	20.7003	24.1408
BLOCK13/SES131/SA131S29	SES206	-3.19024	20.9506	24.1408
BLOCK13/SES132/SA132S11	SES083	-2.06657	25.761	27.8276
BLOCK13/SES132/SA132S11	SES120	-0.467714	27.3599	27.8276
BLOCK13/SES132/SA132S11	SES127	-1.50096	26.3267	27.8276
BLOCK13/SES132/SA132S11	SES275	-1.58875	26.2389	27.8276
BLOCK13/SES132/SA132S12	SES083	-2.06019	26.1219	28.1821
BLOCK13/SES132/SA132S12	SES143	-1.60357	26.5785	28.1821
BLOCK13/SES132/SA132S12	SES144	-1.67715	26.5049	28.1821
BLOCK13/SES132/SA132S12	SES148	-1.55936	26.6227	28.1821
BLOCK13/SES132/SA132S22	SES062	-0.841267	27.7495	28.5908
BLOCK13/SES132/SA132S22	SES083	-1.47243	27.1184	28.5908
BLOCK13/SES132/SA132S22	SES127	-1.3104	27.2804	28.5908
BLOCK13/SES132/SA132S22	SES275	-1.20593	27.3848	28.5908
BLOCK13/SES132/SA132S24	SES007	-1.04871	27.7262	28.7749
BLOCK13/SES132/SA132S24	SES083	-1.92335	26.8515	28.7749
BLOCK13/SES132/SA132S24	SES127	-1.52431	27.2506	28.7749
BLOCK13/SES132/SA132S24	SES275	-1.30153	27.4733	28.7749
BLOCK13/SES132/SA132S27	SES083	-2.1949	25.5205	27.7154
BLOCK13/SES132/SA132S27	SES120	-0.536055	27.1794	27.7154
BLOCK13/SES132/SA132S27	SES127	-2.17838	25.5371	27.7154
BLOCK13/SES132/SA132S27	SES275	-1.87443	25.841	27.7154
BLOCK14/SES141/SA141S09	SES143	-0.847998	25.9631	26.8111
BLOCK14/SES141/SA141S09	SES144	-0.461899	26.3492	26.8111
BLOCK14/SES141/SA141S09	SES162	-1.24236	25.5688	26.8111
BLOCK14/SES141/SA141S09	SES180	-1.43213	25.379	26.8111
BLOCK14/SES141/SA141S15	SES127	-1.78073	24.5134	26.2941
BLOCK14/SES141/SA141S15	SES144	-1.44945	24.8447	26.2941
BLOCK14/SES141/SA141S15	SES162	-1.53282	24.7613	26.2941
BLOCK14/SES141/SA141S15	SES180	-1.55936	24.7348	26.2941
BLOCK14/SES141/SA141S24	SES127	-1.06027	26.0227	27.0829
BLOCK14/SES141/SA141S24	SES144	-1.31214	25.7708	27.0829
BLOCK14/SES141/SA141S24	SES162	-0.944454	26.1385	27.0829
BLOCK14/SES141/SA141S24	SES183	-2.12074	24.9622	27.0829
BLOCK14/SES141/SA141S26	SES142	-1.37049	24.672	26.0425
BLOCK14/SES141/SA141S26	SES144	-1.55768	24.4848	26.0425
BLOCK14/SES141/SA141S26	SES172	-1.47351	24.569	26.0425
BLOCK14/SES141/SA141S26	SES180	-1.51064	24.5318	26.0425
BLOCK14/SES141/SA141S29	SES127	-0.879675	25.3852	26.2649
BLOCK14/SES141/SA141S29	SES142	0.0430717	26.308	26.2649
BLOCK14/SES141/SA141S29	SES144	-1.26518	24.9997	26.2649
BLOCK14/SES141/SA141S29	SES180	-1.07972	25.1852	26.2649
BLOCK15/SES157/SA157S08	SES083	-2.66037	24.9383	27.5987
BLOCK15/SES157/SA157S08	SES127	-1.99786	25.6009	27.5987
BLOCK15/SES157/SA157S08	SES148	-2.12606	25.4727	27.5987
BLOCK15/SES157/SA157S08	SES292	-2.5613	25.0374	27.5987
BLOCK15/SES157/SA157S11	SES083	-2.59835	25.6748	28.2731
BLOCK15/SES157/SA157S11	SES127	-1.73768	26.5355	28.2731
BLOCK15/SES157/SA157S11	SES148	-2.62049	25.6527	28.2731
BLOCK15/SES157/SA157S11	SES292	-2.22719	26.046	28.2731
BLOCK15/SES157/SA157S21	SES127	-1.42627	27.2021	28.6284
BLOCK15/SES157/SA157S21	SES148	-1.1868	27.4416	28.6284
BLOCK15/SES157/SA157S21	SES158	-5.68404	22.9443	28.6284
BLOCK15/SES157/SA157S21	SES292	-1.85442	26.7739	28.6284
BLOCK15/SES157/SA157S24	SES127	-1.58395	26.6366	28.2205
BLOCK15/SES157/SA157S24	SES148	-2.13023	26.0903	28.2205
BLOCK15/SES157/SA157S24	SES183	-1.98921	26.2313	28.2205
BLOCK15/SES157/SA157S24	SES292	-2.30102	25.9195	28.2205
BLOCK15/SES157/SA157S26	SES007	-0.513548	27.5793	28.0929
BLOCK15/SES157/SA157S26	SES127	-1.17257	26.9203	28.0929
BLOCK15/SES157/SA157S26	SES147	-2.12877	25.9641	28.0929
BLOCK15/SES157/SA157S26	SES148	-1.7332	26.3597	28.0929
BLOCK16/SES161/SA161S10	SES007	-1.23429	23.4568	24.6911
BLOCK16/SES161/SA161S10	SES105	-1.28254	23.4085	24.6911
BLOCK16/SES161/SA161S10	SES158	-1.93231	22.7588	24.6911
BLOCK16/SES161/SA161S10	SES275	-1.25846	23.4326	24.6911
BLOCK16/SES161/SA161S12	SES007	-1.49486	24.1522	25.647
BLOCK16/SES161/SA161S12	SES105	-2.7543	22.8927	25.647
BLOCK16/SES161/SA161S12	SES158	-1.80481	23.8422	25.647
BLOCK16/SES161/SA161S12	SES275	-1.33332	24.3137	25.647
BLOCK16/SES161/SA161S20	SES007	-1.1874	22.9462	24.1336
BLOCK16/SES161/SA161S20	SES105	-2.29304	21.8405	24.1336
BLOCK16/SES161/SA161S20	SES158	-1.66055	22.473	24.1336
BLOCK16/SES161/SA161S20	SES275	-1.9952	22.1384	24.1336
BLOCK16/SES161/SA161S23	SES007	-2.29432	23.289	25.5833
BLOCK16/SES161/SA161S23	SES105	-1.45486	24.1284	25.5833
BLOCK16/SES161/SA161S23	SES148	-1.71982	23.8635	25.5833
BLOCK16/SES161/SA161S23	SES158	-1.79306	23.7902	25.5833
BLOCK16/SES161/SA161S28	SES007	-1.94192	23.8962	25.8381
BLOCK16/SES161/SA161S28	SES105	-2.46872	23.3694	25.8381
BLOCK16/SES161/SA161S28	SES158	-1.24047	24.5976	25.8381
BLOCK16/SES161/SA161S28	SES206	-1.24819	24.5899	25.8381
BLOCK16/SES164/SA164S11	SES104	-1.86727	25.4571	27.3244
BLOCK16/SES164/SA164S11	SES125	-1.09031	26.2341	27.3244
BLOCK16/SES164/SA164S11	SES158	-0.0617466	27.2626	27.3244
BLOCK16/SES164/SA164S11	SES206	-1.83698	25.4874	27.3244
BLOCK16/SES164/SA164S13	SES099	-0.978685	24.2132	25.1919
BLOCK16/SES164/SA164S13	SES104	-1.46826	23.7237	25.1919
BLOCK16/SES164/SA164S13	SES125	-1.65034	23.5416	25.1919
BLOCK16/SES164/SA164S13	SES206	-1.17568	24.0162	25.1919
BLOCK16/SES164/SA164S24	SES002	-0.424002	25.5632	25.9872
BLOCK16/SES164/SA164S24	SES099	-1.31867	24.6686	25.9872
BLOCK16/SES164/SA164S24	SES125	-2.2279	23.7593	25.9872
BLOCK16/SES164/SA164S24	SES226	-0.0436115	25.9436	25.9872
BLOCK16/SES164/SA164S27	SES087	-0.974619	24.8797	25.8544
BLOCK16/SES164/SA164S27	SES125	-1.84377	24.0106	25.8544
BLOCK16/SES164/SA164S27	SES206	-1.95088	23.9035	25.8544
BLOCK16/SES164/SA164S27	SES226	-0.977602	24.8767	25.8544
BLOCK16/SES164/SA164S29	SES002	0.226112	26.0301	25.804
BLOCK16/SES164/SA164S29	SES019	-1.87926	23.9248	25.804
BLOCK16/SES164/SA164S29	SES125	-1.50479	24.2992	25.804
BLOCK16/SES164/SA164S29	SES226	-2.14743	23.6566	25.804
BLOCK16/SES169/SA169S13	SES117	-1.13607	25.0526	26.1887
BLOCK16/SES169/SA169S13	SES144	-1.06342	25.1252	26.1887
BLOCK16/SES169/SA169S13	SES146	-1.01106	25.1776	26.1887
BLOCK16/SES169/SA169S13	SES162	-1.24552	24.9431	26.1887
BLOCK16/SES169/SA169S14	SES144	-1.83187	25.5052	27.3371
BLOCK16/SES169/SA169S14	SES148	-2.21408	25.123	27.3371
BLOCK16/SES169/SA169S14	SES177	-1.06109	26.276	27.3371
BLOCK16/SES169/SA169S14	SES180	-2.28942	25.0477	27.3371
BLOCK16/SES169/SA169S24	SES117	-1.13858	23.6179	24.7565
BLOCK16/SES169/SA169S24	SES144	-0.505323	24.2512	24.7565
BLOCK16/SES169/SA169S24	SES146	-0.463469	24.2931	24.7565
BLOCK16/SES169/SA169S24	SES162	-0.611914	24.1446	24.7565
BLOCK16/SES169/SA169S27	SES127	-1.21041	24.9317	26.1421
BLOCK16/SES169/SA169S27	SES129	-2.06221	24.0799	26.1421
BLOCK16/SES169/SA169S27	SES144	-1.35742	24.7847	26.1421
BLOCK16/SES169/SA169S27	SES146	-0.181076	25.9611	26.1421
BLOCK16/SES169/SA169S29	SES144	-0.804657	26.5676	27.3722
BLOCK16/SES169/SA169S29	SES162	-0.913544	26.4587	27.3722
BLOCK16/SES169/SA169S29	SES177	-2.30714	25.0651	27.3722
BLOCK16/SES169/SA169S29	SES180	-1.45672	25.9155	27.3722
BLOCK17/SES171/SA171S12	SES083	-1.41633	24.7368	26.1531
BLOCK17/SES171/SA171S12	SES148	-2.42578	23.7274	26.1531
BLOCK17/SES171/SA171S12	SES172	-1.82695	24.3262	26.1531
BLOCK17/SES171/SA171S12	SES292	-2.48418	23.669	26.1531
BLOCK17/SES171/SA171S15	SES148	-1.81577	23.8397	25.6554
BLOCK17/SES171/SA171S15	SES177	-1.50992	24.1455	25.6554
BLOCK17/SES171/SA171S15	SES180	-3.83548	21.8199	25.6554
BLOCK17/SES171/SA171S15	SES292	-3.22763	22.4278	25.6554
BLOCK17/SES171/SA171S22	SES007	-1.8735	25.5156	27.3891
BLOCK17/SES171/SA171S22	SES148	-2.01799	25.3711	27.3891
BLOCK17/SES171/SA171S22	SES177	-1.05714	26.332	27.3891
BLOCK17/SES171/SA171S22	SES180	-2.91146	24.4776	27.3891
BLOCK17/SES171/SA171S25	SES101	-2.91065	21.0567	23.9674
BLOCK17/SES171/SA171S25	SES120	-2.41781	21.5496	23.9674
BLOCK17/SES171/SA171S25	SES177	-1.25296	22.7144	23.9674
BLOCK17/SES171/SA171S25	SES180	-3.24035	20.727	23.9674
BLOCK17/SES171/SA171S27	SES177	-0.784885	24.5637	25.3486
BLOCK17/SES171/SA171S27	SES180	-2.68275	22.6659	25.3486
BLOCK17/SES171/SA171S27	SES189	-1.48923	23.8594	25.3486
BLOCK17/SES171/SA171S27	SES292	-2.26973	23.0789	25.3486
BLOCK17/SES173/SA173S13	SES162	-3.11181	22.4171	25.5289
BLOCK17/SES173/SA173S13	SES177	-1.8264	23.7025	25.5289
BLOCK17/SES173/SA173S13	SES180	-3.88583	21.6431	25.5289
BLOCK17/SES173/SA173S13	SES292	-1.62544	23.9035	25.5289
BLOCK17/SES173/SA173S14	SES007	-2.60287	22.1082	24.7111
BLOCK17/SES173/SA173S14	SES162	-3.20602	21.5051	24.7111
BLOCK17/SES173/SA173S14	SES177	-1.2215	23.4896	24.7111
BLOCK17/SES173/SA173S14	SES180	-3.81829	20.8928	24.7111
BLOCK17/SES173/SA173S24	SES144	-2.03208	21.3743	23.4064
BLOCK17/SES173/SA173S24	SES162	-2.61676	20.7897	23.4064
BLOCK17/SES173/SA173S24	SES177	-1.20721	22.1992	23.4064
BLOCK17/SES173/SA173S24	SES180	-3.48696	19.9195	23.4064
BLOCK17/SES173/SA173S27	SES162	-3.70544	21.3517	25.0571
BLOCK17/SES173/SA173S27	SES177	-1.6961	23.361	25.0571
BLOCK17/SES173/SA173S27	SES180	-2.92287	22.1342	25.0571
BLOCK17/SES173/SA173S27	SES292	-1.36558	23.6915	25.0571
BLOCK17/SES173/SA173S29	SES162	-2.32398	21.5157	23.8397
BLOCK17/SES173/SA173S29	SES175	-1.98129	21.8584	23.8397
BLOCK17/SES173/SA173S29	SES177	-0.872137	22.9675	23.8397
BLOCK17/SES173/SA173S29	SES292	-2.9369	20.9028	23.8397
BLOCK18/SES182/SA182S10	SES144	-1.75304	24.1913	25.9444
BLOCK18/SES182/SA182S10	SES177	-1.68889	24.2555	25.9444
BLOCK18/SES182/SA182S10	SES180	-3.00035	22.944	25.9444
BLOCK18/SES182/SA182S10	SES275	-0.740959	25.2034	25.9444
BLOCK18/SES182/SA182S12	SES144	-0.503143	25.7435	26.2467
BLOCK18/SES182/SA182S12	SES177	-0.997978	25.2487	26.2467
BLOCK18/SES182/SA182S12	SES180	-2.15737	24.0893	26.2467
BLOCK18/SES182/SA182S12	SES275	-0.956493	25.2902	26.2467
BLOCK18/SES182/SA182S21	SES117	-1.27582	23.2382	24.514
BLOCK18/SES182/SA182S21	SES144	-1.78376	22.7303	24.514
BLOCK18/SES182/SA182S21	SES162	-1.38652	23.1275	24.514
BLOCK18/SES182/SA182S21	SES180	-2.54124	21.9728	24.514
BLOCK18/SES182/SA182S23	SES117	-0.326443	25.4286	25.7551
BLOCK18/SES182/SA182S23	SES144	-1.70936	24.0457	25.7551
BLOCK18/SES182/SA182S23	SES180	-2.24445	23.5106	25.7551
BLOCK18/SES182/SA182S23	SES275	-0.755327	24.9998	25.7551
BLOCK18/SES182/SA182S25	SES007	-0.523077	25.1094	25.6324
BLOCK18/SES182/SA182S25	SES162	-1.17512	24.4573	25.6324
BLOCK18/SES182/SA182S25	SES177	-1.07378	24.5587	25.6324
BLOCK18/SES182/SA182S25	SES180	-2.17804	23.4544	25.6324
BLOCK18/SES184/SA184S12	SES177	-1.35536	24.5177	25.873
BLOCK18/SES184/SA184S12	SES180	-2.10033	23.7727	25.873
BLOCK18/SES184/SA184S12	SES189	-1.9646	23.9084	25.873
BLOCK18/SES184/SA184S12	SES292	-1.65007	24.223	25.873
BLOCK18/SES184/SA184S13	SES101	-1.24522	24.8221	26.0673
BLOCK18/SES184/SA184S13	SES177	-1.56975	24.4976	26.0673
BLOCK18/SES184/SA184S13	SES180	-1.69134	24.376	26.0673
BLOCK18/SES184/SA184S13	SES292	-1.87474	24.1926	26.0673
BLOCK18/SES184/SA184S22	SES177	-1.67789	25.9663	27.6442
BLOCK18/SES184/SA184S22	SES180	-2.08159	25.5626	27.6442
BLOCK18/SES184/SA184S22	SES189	-2.97249	24.6717	27.6442
BLOCK18/SES184/SA184S22	SES292	-1.71019	25.934	27.6442
BLOCK18/SES184/SA184S25	SES101	-1.22369	27.6596	28.8833
BLOCK18/SES184/SA184S25	SES177	-1.84844	27.0348	28.8833
BLOCK18/SES184/SA184S25	SES180	-2.30954	26.5737	28.8833
BLOCK18/SES184/SA184S25	SES292	-1.62214	27.2611	28.8833
BLOCK18/SES184/SA184S27	SES083	-1.41588	24.9731	26.389
BLOCK18/SES184/SA184S27	SES177	-1.26645	25.1225	26.389
BLOCK18/SES184/SA184S27	SES202	-2.13591	24.2531	26.389
BLOCK18/SES184/SA184S27	SES292	-1.97921	24.4098	26.389
BLOCK20/SES204/SA204S12	SES062	-1.50815	26.448	27.9561
BLOCK20/SES204/SA204S12	SES083	-2.6002	25.3559	27.9561
BLOCK20/SES204/SA204S12	SES206	-1.50742	26.4487	27.9561
BLOCK20/SES204/SA204S12	SES226	-2.39266	25.5634	27.9561
BLOCK20/SES204/SA204S14	SES068	-1.72992	28.2337	29.9636
BLOCK20/SES204/SA204S14	SES087	-0.407639	29.5559	29.9636
BLOCK20/SES204/SA204S14	SES206	-1.63076	28.3328	29.9636
BLOCK20/SES204/SA204S14	SES226	-2.82727	27.1363	29.9636
BLOCK20/SES204/SA204S22	SES068	-2.0096	26.4639	28.4735
BLOCK20/SES204/SA204S22	SES082	-3.60895	24.8645	28.4735
BLOCK20/SES204/SA204S22	SES083	-3.75695	24.7165	28.4735
BLOCK20/SES204/SA204S22	SES206	-1.72388	26.7496	28.4735
BLOCK20/SES204/SA204S25	SES062	-2.15956	26.245	28.4045
BLOCK20/SES204/SA204S25	SES083	-2.78206	25.6224	28.4045
BLOCK20/SES204/SA204S25	SES206	-1.44537	26.9591	28.4045
BLOCK20/SES204/SA204S25	SES226	-2.64154	25.763	28.4045
BLOCK20/SES204/SA204S27	SES068	-1.55423	25.9106	27.4648
BLOCK20/SES204/SA204S27	SES082	-2.36099	25.1038	27.4648
BLOCK20/SES204/SA204S27	SES087	-0.81041	26.6544	27.4648
BLOCK20/SES204/SA204S27	SES206	-1.21695	26.2479	27.4648
BLOCK20/SES207/SA207S10	SES127	-2.08304	23.6942	25.7772
BLOCK20/SES207/SA207S10	SES183	-1.43974	24.3375	25.7772
BLOCK20/SES207/SA207S10	SES189	-2.56197	23.2153	25.7772
BLOCK20/SES207/SA207S10	SES292	-2.56047	23.2168	25.7772
BLOCK20/SES207/SA207S11	SES127	-2.67531	23.3404	26.0157
BLOCK20/SES207/SA207S11	SES183	-1.69458	24.3211	26.0157
BLOCK20/SES207/SA207S11	SES187	-1.78351	24.2322	26.0157
BLOCK20/SES207/SA207S11	SES292	-1.70624	24.3095	26.0157
BLOCK20/SES207/SA207S25	SES068	-1.47116	24.8508	26.322
BLOCK20/SES207/SA207S25	SES083	-2.53752	23.7844	26.322
BLOCK20/SES207/SA207S25	SES127	-0.952566	25.3694	26.322
BLOCK20/SES207/SA207S25	SES187	-1.45166	24.8703	26.322
BLOCK20/SES207/SA207S27	SES127	-2.67869	21.3256	24.0043
BLOCK20/SES207/SA207S27	SES183	-1.27422	22.73	24.0043
BLOCK20/SES207/SA207S27	SES187	-1.38013	22.6241	24.0043
BLOCK20/SES207/SA207S27	SES292	-2.42951	21.5748	24.0043
BLOCK20/SES207/SA207S29	SES083	-2.20431	23.5735	25.7778
BLOCK20/SES207/SA207S29	SES085	-0.402431	25.3754	25.7778
BLOCK20/SES207/SA207S29	SES172	-1.05202	24.7258	25.7778
BLOCK20/SES207/SA207S29	SES189	-2.01487	23.7629	25.7778
BLOCK22/SES221/SA221S12	SES068	-1.15321	24.3657	25.5189
BLOCK22/SES221/SA221S12	SES143	-1.29327	24.2256	25.5189
BLOCK22/SES221/SA221S12	SES175	-1.53968	23.9792	25.5189
BLOCK22/SES221/SA221S12	SES202	-0.535059	24.9838	25.5189
BLOCK22/SES221/SA221S15	SES085	-1.11912	22.9281	24.0472
BLOCK22/SES221/SA221S15	SES143	-1.84686	22.2004	24.0472
BLOCK22/SES221/SA221S15	SES175	-1.72914	22.3181	24.0472
BLOCK22/SES221/SA221S15	SES187	-1.71348	22.3337	24.0472
BLOCK22/SES221/SA221S23	SES068	-1.06308	24.1898	25.2529
BLOCK22/SES221/SA221S23	SES143	-1.53083	23.722	25.2529
BLOCK22/SES221/SA221S23	SES175	-0.611593	24.6413	25.2529
BLOCK22/SES221/SA221S23	SES189	-0.267466	24.9854	25.2529
BLOCK22/SES221/SA221S27	SES085	-0.723579	24.4358	25.1594
BLOCK22/SES221/SA221S27	SES143	-1.19433	23.9651	25.1594
BLOCK22/SES221/SA221S27	SES175	-0.782238	24.3772	25.1594
BLOCK22/SES221/SA221S27	SES189	0.408188	25.5676	25.1594
BLOCK22/SES221/SA221S29	SES085	-1.39246	21.4054	22.7979
BLOCK22/SES221/SA221S29	SES143	-1.18407	21.6138	22.7979
BLOCK22/SES221/SA221S29	SES175	-1.33502	21.4629	22.7979
BLOCK22/SES221/SA221S29	SES187	-1.18168	21.6162	22.7979
BLOCK22/SES223/SA223S11	SES143	-2.19452	21.3436	23.5381
BLOCK22/SES223/SA223S11	SES144	-3.03461	20.5035	23.5381
BLOCK22/SES223/SA223S11	SES175	-1.62501	21.9131	23.5381
BLOCK22/SES223/SA223S11	SES187	-2.76935	20.7688	23.5381
BLOCK22/SES223/SA223S13	SES068	-1.28667	21.6826	22.9692
BLOCK22/SES223/SA223S13	SES143	-1.88702	21.0822	22.9692
BLOCK22/SES223/SA223S13	SES146	-2.27107	20.6982	22.9692
BLOCK22/SES223/SA223S13	SES202	-1.49552	21.4737	22.9692
BLOCK22/SES223/SA223S22	SES143	-1.2028	22.8355	24.0383
BLOCK22/SES223/SA223S22	SES144	-2.8064	21.2319	24.0383
BLOCK22/SES223/SA223S22	SES175	-2.00955	22.0287	24.0383
BLOCK22/SES223/SA223S22	SES187	-1.67477	22.3635	24.0383
BLOCK22/SES223/SA223S25	SES068	-2.43516	21.7872	24.2224
BLOCK22/SES223/SA223S25	SES143	-1.94539	22.277	24.2224
BLOCK22/SES223/SA223S25	SES175	-1.80476	22.4176	24.2224
BLOCK22/SES223/SA223S25	SES187	-1.49301	22.7294	24.2224
BLOCK22/SES223/SA223S27	SES143	-1.45513	21.2196	22.6747
BLOCK22/SES223/SA223S27	SES146	-1.41989	21.2548	22.6747
BLOCK22/SES223/SA223S27	SES187	-1.19474	21.48	22.6747
BLOCK22/SES223/SA223S27	SES292	-2.69368	19.981	22.6747
BLOCK27/SES273/SA273S12	SES099	-0.471165	29.5524	30.0235
BLOCK27/SES273/SA273S12	SES104	-0.319162	29.7044	30.0235
BLOCK27/SES273/SA273S12	SES125	-1.15911	28.8644	30.0235
BLOCK27/SES273/SA273S12	SES206	-0.395157	29.6284	30.0235
BLOCK27/SES273/SA273S13	SES099	-0.796707	29.8484	30.6451
BLOCK27/SES273/SA273S13	SES104	-0.846283	29.7988	30.6451
BLOCK27/SES273/SA273S13	SES206	-0.573925	30.0711	30.6451
BLOCK27/SES273/SA273S13	SES292	-1.36244	29.2826	30.6451
BLOCK27/SES273/SA273S21	SES099	-0.050293	29.8459	29.8961
BLOCK27/SES273/SA273S21	SES148	-2.65096	27.2452	29.8961
BLOCK27/SES273/SA273S21	SES149	-0.713898	29.1823	29.8961
BLOCK27/SES273/SA273S21	SES177	-1.50294	28.3932	29.8961
BLOCK27/SES273/SA273S25	SES104	-0.950371	28.4087	29.3591
BLOCK27/SES273/SA273S25	SES125	-1.35972	27.9994	29.3591
BLOCK27/SES273/SA273S25	SES158	-0.240582	29.1185	29.3591
BLOCK27/SES273/SA273S25	SES206	0.495661	29.8548	29.3591
BLOCK27/SES273/SA273S27	SES099	-0.129734	29.3468	29.4765
BLOCK27/SES273/SA273S27	SES104	-0.902815	28.5737	29.4765
BLOCK27/SES273/SA273S27	SES149	-0.962418	28.5141	29.4765
BLOCK27/SES273/SA273S27	SES275	-1.88165	27.5948	29.4765
BLOCK27/SES274/SA274S10	SES105	-2.31706	26.014	28.3311
BLOCK27/SES274/SA274S10	SES125	-3.02028	25.3108	28.3311
BLOCK27/SES274/SA274S10	SES129	-0.958176	27.3729	28.3311
BLOCK27/SES274/SA274S10	SES158	-3.12411	25.207	28.3311
BLOCK27/SES274/SA274S11	SES105	-1.35086	27.8761	29.227
BLOCK27/SES274/SA274S11	SES149	-2.06693	27.16	29.227
BLOCK27/SES274/SA274S11	SES158	-2.60785	26.6191	29.227
BLOCK27/SES274/SA274S11	SES275	-0.711802	28.5152	29.227
BLOCK27/SES274/SA274S21	SES105	-2.43597	25.6154	28.0514
BLOCK27/SES274/SA274S21	SES129	-0.760162	27.2912	28.0514
BLOCK27/SES274/SA274S21	SES149	-1.42495	26.6264	28.0514
BLOCK27/SES274/SA274S21	SES158	-4.24202	23.8094	28.0514
BLOCK27/SES274/SA274S24	SES105	-1.9866	27.6326	29.6192
BLOCK27/SES274/SA274S24	SES129	-0.836803	28.7824	29.6192
BLOCK27/SES274/SA274S24	SES149	-2.49391	27.1253	29.6192
BLOCK27/SES274/SA274S24	SES158	-4.43372	25.1854	29.6192
BLOCK27/SES274/SA274S29	SES105	-2.1892	25.7842	27.9734
BLOCK27/SES274/SA274S29	SES106	-3.25726	24.7162	27.9734
BLOCK27/SES274/SA274S29	SES120	-1.59999	26.3734	27.9734
BLOCK27/SES274/SA274S29	SES275	-1.32307	26.6503	27.9734
BLOCK27/SES276/SA276S16	SES148	-1.6315	24.4291	26.0606
BLOCK27/SES276/SA276S16	SES172	-2.30806	23.7525	26.0606
BLOCK27/SES276/SA276S16	SES180	-2.55921	23.5014	26.0606
BLOCK27/SES276/SA276S16	SES292	-1.2718	24.7888	26.0606
BLOCK27/SES276/SA276S17	SES101	-1.27702	25.6498	26.9268
BLOCK27/SES276/SA276S17	SES177	-1.68111	25.2457	26.9268
BLOCK27/SES276/SA276S17	SES180	-2.34192	24.5849	26.9268
BLOCK27/SES276/SA276S17	SES292	-1.60714	25.3197	26.9268
BLOCK27/SES276/SA276S24	SES101	-0.38129	27.5731	27.9544
BLOCK27/SES276/SA276S24	SES177	-1.20756	26.7468	27.9544
BLOCK27/SES276/SA276S24	SES180	-1.95281	26.0016	27.9544
BLOCK27/SES276/SA276S24	SES292	-2.30081	25.6536	27.9544
BLOCK27/SES276/SA276S26	SES101	-2.20508	25.7419	27.947
BLOCK27/SES276/SA276S26	SES177	-0.826576	27.1204	27.947
BLOCK27/SES276/SA276S26	SES180	-0.339968	27.607	27.947
BLOCK27/SES276/SA276S26	SES292	-0.845972	27.101	27.947
BLOCK27/SES276/SA276S28	SES101	-1.17858	26.3712	27.5498
BLOCK27/SES276/SA276S28	SES177	-1.96271	25.5871	27.5498
BLOCK27/SES276/SA276S28	SES180	-0.590073	26.9597	27.5498
BLOCK27/SES276/SA276S28	SES292	-1.30797	26.2418	27.5498
BLOCK27/SES277/SA277S12	SES101	-1.61551	22.813	24.4285
BLOCK27/SES277/SA277S12	SES177	-2.33196	22.0966	24.4285
BLOCK27/SES277/SA277S12	SES180	-3.7054	20.7231	24.4285
BLOCK27/SES277/SA277S12	SES292	-2.99824	21.4303	24.4285
BLOCK27/SES277/SA277S14	SES177	-1.51597	22.4983	24.0142
BLOCK27/SES277/SA277S14	SES180	-3.18261	20.8316	24.0142
BLOCK27/SES277/SA277S14	SES189	-1.12214	22.8921	24.0142
BLOCK27/SES277/SA277S14	SES292	-3.29572	20.7185	24.0142
BLOCK27/SES277/SA277S21	SES177	-0.893965	25.1071	26.0011
BLOCK27/SES277/SA277S21	SES180	-3.23574	22.7653	26.0011
BLOCK27/SES277/SA277S21	SES189	-0.8591	25.142	26.0011
BLOCK27/SES277/SA277S21	SES292	-3.18306	22.818	26.0011
BLOCK27/SES277/SA277S24	SES144	-1.96068	21.6432	23.6038
BLOCK27/SES277/SA277S24	SES177	-1.70694	21.8969	23.6038
BLOCK27/SES277/SA277S24	SES180	-3.02882	20.575	23.6038
BLOCK27/SES277/SA277S24	SES189	-0.719049	22.8848	23.6038
BLOCK27/SES277/SA277S29	SES177	-1.15162	26.3202	27.4718
BLOCK27/SES277/SA277S29	SES180	-2.26751	25.2043	27.4718
BLOCK27/SES277/SA277S29	SES202	-1.91563	25.5562	27.4718
BLOCK27/SES277/SA277S29	SES292	-2.68869	24.7831	27.4718
BLOCK27/SES279/SA279S09	SES120	-1.71033	26.3189	28.0292
BLOCK27/SES279/SA279S09	SES146	-1.95208	26.0772	28.0292
BLOCK27/SES279/SA279S09	SES206	-1.40088	26.6284	28.0292
BLOCK27/SES279/SA279S09	SES226	-3.04119	24.9881	28.0292
BLOCK27/SES279/SA279S10	SES099	-0.11743	28.1196	28.237
BLOCK27/SES279/SA279S10	SES206	-1.00315	27.2339	28.237
BLOCK27/SES279/SA279S10	SES226	-2.91786	25.3192	28.237
BLOCK27/SES279/SA279S10	SES292	-0.512987	27.724	28.237
BLOCK27/SES279/SA279S20	SES099	-2.08508	26.3584	28.4435
BLOCK27/SES279/SA279S20	SES206	-0.731104	27.7124	28.4435
BLOCK27/SES279/SA279S20	SES226	-2.47667	25.9668	28.4435
BLOCK27/SES279/SA279S20	SES292	-0.785774	27.6577	28.4435
BLOCK27/SES279/SA279S26	SES099	-1.1243	26.7199	27.8442
BLOCK27/SES279/SA279S26	SES206	-0.624756	27.2194	27.8442
BLOCK27/SES279/SA279S26	SES226	-3.12774	24.7164	27.8442
BLOCK27/SES279/SA279S26	SES292	-0.422235	27.422	27.8442
BLOCK27/SES279/SA279S28	SES099	-0.619907	29.1654	29.7853
BLOCK27/SES279/SA279S28	SES120	-1.04395	28.7413	29.7853
BLOCK27/SES279/SA279S28	SES177	-1.97479	27.8105	29.7853
BLOCK27/SES279/SA279S28	SES206	-1.01268	28.7726	29.7853
BLOCK29/SES290/SA290S12	SES162	-1.53437	24.78	26.3144
BLOCK29/SES290/SA290S12	SES177	-1.47528	24.8391	26.3144
BLOCK29/SES290/SA290S12	SES180	-2.08335	24.231	26.3144
BLOCK29/SES290/SA290S12	SES292	-2.89659	23.4178	26.3144
BLOCK29/SES290/SA290S13	SES007	-2.54136	23.7507	26.292
BLOCK29/SES290/SA290S13	SES162	-2.70459	23.5874	26.292
BLOCK29/SES290/SA290S13	SES177	-1.36543	24.9266	26.292
BLOCK29/SES290/SA290S13	SES180	-2.11657	24.1755	26.292
BLOCK29/SES290/SA290S22	SES177	-1.21619	24.9716	26.1878
BLOCK29/SES290/SA290S22	SES180	-1.6926	24.4952	26.1878
BLOCK29/SES290/SA290S22	SES202	-2.04363	24.1441	26.1878
BLOCK29/SES290/SA290S22	SES292	-1.99906	24.1887	26.1878
BLOCK29/SES290/SA290S25	SES162	-2.25359	24.2671	26.5207
BLOCK29/SES290/SA290S25	SES177	-2.00288	24.5178	26.5207
BLOCK29/SES290/SA290S25	SES180	-1.99456	24.5261	26.5207
BLOCK29/SES290/SA290S25	SES292	-1.93599	24.5847	26.5207
BLOCK29/SES290/SA290S29	SES177	-0.832127	26.4217	27.2538
BLOCK29/SES290/SA290S29	SES180	-1.62375	25.6301	27.2538
BLOCK29/SES290/SA290S29	SES275	-1.56838	25.6855	27.2538
BLOCK29/SES290/SA290S29	SES292	-1.60292	25.6509	27.2538
BLOCK29/SES291/SA291S11	SES105	-2.85502	22.5689	25.424
BLOCK29/SES291/SA291S11	SES125	-0.635834	24.7881	25.424
BLOCK29/SES291/SA291S11	SES158	-0.80372	24.6202	25.424
BLOCK29/SES291/SA291S11	SES275	-2.69222	22.7317	25.424
BLOCK29/SES291/SA291S12	SES158	0.84816	27.1109	26.2627
BLOCK29/SES291/SA291S12	SES226	-1.19367	25.0691	26.2627
BLOCK29/SES291/SA291S12	SES270	1.20924	27.472	26.2627
BLOCK29/SES291/SA291S12	SES275	-3.78399	22.4788	26.2627
BLOCK29/SES291/SA291S22	SES082	-0.794117	26.3017	27.0958
BLOCK29/SES291/SA291S22	SES158	-0.73731	26.3585	27.0958
BLOCK29/SES291/SA291S22	SES259	-1.61366	25.4821	27.0958
BLOCK29/SES291/SA291S22	SES275	-3.11944	23.9763	27.0958
BLOCK29/SES291/SA291S24	SES104	0.189312	29.0438	28.8545
BLOCK29/SES291/SA291S24	SES125	-0.60634	28.2481	28.8545
BLOCK29/SES291/SA291S24	SES158	-0.386179	28.4683	28.8545
BLOCK29/SES291/SA291S24	SES275	-3.35859	25.4959	28.8545
BLOCK29/SES291/SA291S27	SES158	0.384014	27.8226	27.4386
BLOCK29/SES291/SA291S27	SES172	-3.8786	23.56	27.4386
BLOCK29/SES291/SA291S27	SES275	-4.05929	23.3793	27.4386
BLOCK29/SES291/SA291S27	SES292	-2.16035	25.2782	27.4386
