BLOCK00/SES002/SA002S12	SES002	2.46416	-58.1773	-60.6415
BLOCK00/SES002/SA002S13	SES002	2.93886	-58.414	-61.3529
BLOCK00/SES002/SA002S23	SES002	2.77821	-57.6964	-60.4746
BLOCK00/SES002/SA002S26	SES002	2.93912	-57.5285	-60.4676
BLOCK00/SES002/SA002S28	SES002	1.8986	-60.1541	-62.0527
BLOCK00/SES007/SA007S14	SES007	1.94444	-58.9563	-60.9008
BLOCK00/SES007/SA007S15	SES007	0.871929	-61.2924	-62.1643
BLOCK00/SES007/SA007S24	SES007	1.10015	-60.905	-62.0051
BLOCK00/SES007/SA007S27	SES007	1.0741	-61.1743	-62.2484
BLOCK00/SES007/SA007S29	SES007	0.526573	-60.5815	-61.1081
BLOCK00/SES008/SA008S11	SES008	1.29321	-60.896	-62.1892
BLOCK00/SES008/SA008S12	SES008	1.05161	-60.7907	-61.8423
BLOCK00/SES008/SA008S19	SES008	1.99039	-59.5676	-61.558
BLOCK00/SES008/SA008S22	SES008	1.11826	-61.358	-62.4763
BLOCK00/SES008/SA008S29	SES008	1.37866	-60.216	-61.5947
BLOCK01/SES014/SA014S10	SES014	3.22809	-59.5166	-62.7447
BLOCK01/SES014/SA014S12	SES014	4.15118	-55.9314	-60.0826
BLOCK01/SES014/SA014S24	SES014	2.60836	-58.3206	-60.929
BLOCK01/SES014/SA014S26	SES014	3.68291	-55.2843	-58.9673
BLOCK01/SES014/SA014S28	SES014	4.47522	-55.8829	-60.3582
BLOCK01/SES016/SA016S12	SES016	0.779541	-63.8961	-64.6756
BLOCK01/SES016/SA016S13	SES016	1.49621	-61.9545	-63.4507
BLOCK01/SES016/SA016S22	SES016	0.40757	-62.7615	-63.1691
BLOCK01/SES016/SA016S25	SES016	1.84171	-58.9657	-60.8074
BLOCK01/SES016/SA016S27	SES016	1.45478	-59.7147	-61.1695
BLOCK01/SES019/SA019S13	SES019	3.27828	-59.4223	-62.7006
BLOCK01/SES019/SA019S14	SES019	2.44716	-59.5086	-61.9558
BLOCK01/SES019/SA019S22	SES019	3.17593	-59.142	-62.3179
BLOCK01/SES019/SA019S25	SES019	2.85613	-59.4862	-62.3423
BLOCK01/SES019/SA019S29	SES019	4.06021	-58.5136	-62.5738
BLOCK02/SES029/SA029S11	SES029	1.38471	-60.6936	-62.0784
BLOCK02/SES029/SA029S12	SES029	0.384315	-61.4496	-61.8339
BLOCK02/SES029/SA029S20	SES029	0.681404	-62.1825	-62.8639
BLOCK02/SES029/SA029S25	SES029	0.719013	-60.6446	-61.3636
BLOCK02/SES029/SA029S28	SES029	1.00418	-60.5593	-61.5635
BLOCK04/SES042/SA042S12	SES042	3.23879	-57.3286	-60.5674
BLOCK04/SES042/SA042S15	SES042	2.75955	-58.183	-60.9425
BLOCK04/SES042/SA042S22	SES042	4.16255	-55.3294	-59.492
BLOCK04/SES042/SA042S25	SES042	3.00431	-58.5856	-61.5899
BLOCK04/SES042/SA042S27	SES042	2.59159	-57.4344	-60.026
BLOCK04/SES048/SA048S11	SES048	1.57009	-59.6926	-61.2627
BLOCK04/SES048/SA048S12	SES048	1.03153	-60.2513	-61.2828
BLOCK04/SES048/SA048S20	SES048	1.54898	-59.4902	-61.0391
BLOCK04/SES048/SA048S23	SES048	1.97721	-60.4259	-62.4031
BLOCK04/SES048/SA048S27	SES048	1.46399	-58.8537	-60.3177
BLOCK06/SES060/SA060S11	SES060	1.2242	-61.5243	-62.7485
BLOCK06/SES060/SA060S12	SES060	-0.728737	-63.7435	-63.0148
BLOCK06/SES060/SA060S22	SES060	0.686279	-63.002	-63.6883
BLOCK06/SES060/SA060S24	SES060	1.25811	-60.412	-61.6701
BLOCK06/SES060/SA060S28	SES060	1.23861	-58.2056	-59.4442
BLOCK06/SES062/SA062S10	SES062	1.64922	-59.9618	-61.611
BLOCK06/SES062/SA062S11	SES062	1.64251	-60.4052	-62.0477
BLOCK06/SES062/SA062S21	SES062	2.31824	-57.2205	-59.5387
BLOCK06/SES062/SA062S26	SES062	0.909603	-59.9308	-60.8404
BLOCK06/SES062/SA062S29	SES062	1.61666	-58.7617	-60.3784
BLOCK06/SES068/SA068S14	SES068	0.83279	-61.0712	-61.9039
BLOCK06/SES068/SA068S15	SES068	1.37969	-59.4398	-60.8195
BLOCK06/SES068/SA068S23	SES068	0.819775	-61.4585	-62.2782
BLOCK06/SES068/SA068S27	SES068	2.06668	-59.5292	-61.5958
BLOCK06/SES068/SA068S29	SES068	1.05198	-60.2984	-61.3504
BLOCK08/SES082/SA082S12	SES082	1.64954	-60.3912	-62.0407
BLOCK08/SES082/SA082S14	SES082	0.950157	-61.59	-62.5402
BLOCK08/SES082/SA082S21	SES082	1.46829	-60.7349	-62.2032
BLOCK08/SES082/SA082S24	SES082	1.46901	-60.0865	-61.5555
BLOCK08/SES082/SA082S28	SES082	0.700867	-61.1881	-61.889
BLOCK08/SES083/SA083S14	SES083	0.00230789	-61.6034	-61.6057
BLOCK08/SES083/SA083S15	SES083	0.23238	-60.8653	-61.0977
BLOCK08/SES083/SA083S24	SES083	0.207767	-61.4099	-61.6177
BLOCK08/SES083/SA083S26	SES083	0.415058	-61.2481	-61.6632
BLOCK08/SES083/SA083S29	SES083	0.296612	-61.2975	-61.5941
BLOCK08/SES085/SA085S10	SES085	0.351162	-61.0832	-61.4344
BLOCK08/SES085/SA085S13	SES085	0.959839	-61.684	-62.6439
BLOCK08/SES085/SA085S22	SES085	-3.89226	-65.6692	-61.7769
BLOCK08/SES085/SA085S26	SES085	-0.325104	-62.0502	-61.7251
BLOCK08/SES085/SA085S28	SES085	1.03145	-60.4965	-61.5279
BLOCK08/SES087/SA087S15	SES087	2.43926	-59.3051	-61.7443
BLOCK08/SES087/SA087S16	SES087	2.58074	-58.8604	-61.4411
BLOCK08/SES087/SA087S24	SES087	2.11305	-58.933	-61.0461
BLOCK08/SES087/SA087S26	SES087	2.00754	-58.0331	-60.0406
BLOCK08/SES087/SA087S29	SES087	2.89443	-58.9325	-61.8269
BLOCK09/SES099/SA099S15	SES099	2.44803	-59.5566	-62.0046
BLOCK09/SES099/SA099S16	SES099	2.62212	-59.0546	-61.6767
BLOCK09/SES099/SA099S24	SES099	2.81688	-58.6144	-61.4313
BLOCK09/SES099/SA099S26	SES099	2.66317	-58.6371	-61.3003
BLOCK09/SES099/SA099S29	SES099	2.90396	-58.1913	-61.0953
BLOCK10/SES101/SA101S11	SES101	0.345005	-61.0832	-61.4282
BLOCK10/SES101/SA101S13	SES101	1.27282	-59.8637	-61.1365
BLOCK10/SES101/SA101S22	SES101	1.26337	-61.5855	-62.8489
BLOCK10/SES101/SA101S24	SES101	1.38487	-60.8197	-62.2046
BLOCK10/SES101/SA101S28	SES101	-0.326714	-63.0882	-62.7615
BLOCK10/SES104/SA104S11	SES104	1.26771	-58.9166	-60.1843
BLOCK10/SES104/SA104S12	SES104	2.07676	-58.9831	-61.0598
BLOCK10/SES104/SA104S21	SES104	1.68281	-59.7017	-61.3845
BLOCK10/SES104/SA104S24	SES104	1.56724	-59.6596	-61.2269
BLOCK10/SES104/SA104S28	SES104	2.15026	-59.1336	-61.2839
BLOCK10/SES105/SA105S12	SES105	1.23263	-61.5133	-62.7459
BLOCK10/SES105/SA105S13	SES105	1.09856	-61.5714	-62.67
BLOCK10/SES105/SA105S22	SES105	1.18521	-62.1366	-63.3219
BLOCK10/SES105/SA105S26	SES105	1.41527	-61.5386	-62.9539
BLOCK10/SES105/SA105S29	SES105	1.08798	-61.248	-62.336
BLOCK10/SES106/SA106S09	SES106	1.54738	-61.0226	-62.57
BLOCK10/SES106/SA106S11	SES106	2.13461	-58.7247	-60.8593
BLOCK10/SES106/SA106S22	SES106	3.76129	-59.1246	-62.8859
BLOCK10/SES106/SA106S27	SES106	2.17629	-60.1368	-62.3131
BLOCK10/SES106/SA106S29	SES106	1.3443	-60.0318	-61.3761
BLOCK11/SES117/SA117S12	SES117	0.145493	-62.8305	-62.976
BLOCK11/SES117/SA117S13	SES117	0.484577	-61.7097	-62.1943
BLOCK11/SES117/SA117S23	SES117	1.39053	-63.4995	-64.8901
BLOCK11/SES117/SA117S25	SES117	1.45639	-62.0683	-63.5247
BLOCK11/SES117/SA117S28	SES117	1.32892	-62.8288	-64.1577
BLOCK12/SES120/SA120S08	SES120	1.43322	-62.5487	-63.9819
BLOCK12/SES120/SA120S11	SES120	0.311104	-64.5993	-64.9104
BLOCK12/SES120/SA120S22	SES120	0.375	-61.5907	-61.9657
BLOCK12/SES120/SA120S24	SES120	0.711731	-62.1927	-62.9044
BLOCK12/SES120/SA120S28	SES120	0.852848	-63.2882	-64.141
BLOCK12/SES125/SA125S13	SES125	2.68523	-58.4898	-61.175
BLOCK12/SES125/SA125S14	SES125	1.64391	-59.7082	-61.3521
BLOCK12/SES125/SA125S25	SES125	2.62632	-58.6104	-61.2367
BLOCK12/SES125/SA125S27	SES125	3.06854	-57.6862	-60.7548
BLOCK12/SES125/SA125S29	SES125	2.4264	-58.9566	-61.383
BLOCK12/SES127/SA127S11	SES127	0.628693	-61.7907	-62.4194
BLOCK12/SES127/SA127S12	SES127	-0.27002	-61.602	-61.332
BLOCK12/SES127/SA127S23	SES127	0.831562	-61.2329	-62.0644
BLOCK12/SES127/SA127S25	SES127	-0.13464	-62.6048	-62.4702
BLOCK12/SES127/SA127S27	SES127	1.19366	-61.1137	-62.3074
BLOCK12/SES129/SA129S11	SES129	2.13159	-59.5115	-61.6431
BLOCK12/SES129/SA129S12	SES129	2.17085	-59.7064	-61.8772
BLOCK12/SES129/SA129S22	SES129	1.70164	-60.1004	-61.802
BLOCK12/SES129/SA129S27	SES129	2.38669	-59.0064	-61.3931
BLOCK12/SES129/SA129S29	SES129	2.52068	-58.9331	-61.4538
BLOCK14/SES142/SA142S11	SES142	2.61286	-61.023	-63.6359
BLOCK14/SES142/SA142S12	SES142	1.02611	-62.7416	-63.7677
BLOCK14/SES142/SA142S24	SES142	2.22124	-60.8407	-63.0619
BLOCK14/SES142/SA142S27	SES142	2.77734	-60.3825	-63.1598
BLOCK14/SES142/SA142S29	SES142	3.24478	-59.8486	-63.0934
BLOCK14/SES143/SA143S12	SES143	1.12626	-61.8666	-62.9929
BLOCK14/SES143/SA143S13	SES143	1.04569	-61.8865	-62.9322
BLOCK14/SES143/SA143S23	SES143	1.17948	-61.7689	-62.9484
BLOCK14/SES143/SA143S25	SES143	0.989445	-61.4738	-62.4633
BLOCK14/SES143/SA143S28	SES143	1.15732	-61.3315	-62.4889
BLOCK14/SES144/SA144S09	SES144	1.07143	-61.1363	-62.2078
BLOCK14/SES144/SA144S11	SES144	1.29809	-61.992	-63.2901
BLOCK14/SES144/SA144S21	SES144	0.42173	-62.0706	-62.4923
BLOCK14/SES144/SA144S25	SES144	1.21588	-61.67	-62.8859
BLOCK14/SES144/SA144S29	SES144	0.376759	-61.3088	-61.6856
BLOCK14/SES146/SA146S14	SES146	1.11124	-61.5467	-62.6579
BLOCK14/SES146/SA146S15	SES146	0.423813	-62.0451	-62.4689
BLOCK14/SES146/SA146S24	SES146	1.21163	-61.7295	-62.9411
BLOCK14/SES146/SA146S26	SES146	1.12187	-62.4467	-63.5686
BLOCK14/SES146/SA146S29	SES146	0.76968	-62.8596	-63.6293
BLOCK14/SES147/SA147S11	SES147	2.08556	-62.2845	-64.3701
BLOCK14/SES147/SA147S13	SES147	3.15569	-60.4175	-63.5732
BLOCK14/SES147/SA147S23	SES147	1.95654	-62.0608	-64.0173
BLOCK14/SES147/SA147S26	SES147	1.93375	-62.0372	-63.9709
BLOCK14/SES147/SA147S28	SES147	2.2496	-61.0278	-63.2774
BLOCK14/SES148/SA148S10	SES148	1.37947	-60.4451	-61.8246
BLOCK14/SES148/SA148S12	SES148	0.800373	-61.7585	-62.5589
BLOCK14/SES148/SA148S22	SES148	1.69748	-59.5356	-61.2331
BLOCK14/SES148/SA148S26	SES148	1.16862	-60.5242	-61.6929
BLOCK14/SES148/SA148S29	SES148	1.18389	-61.1103	-62.2942
BLOCK14/SES149/SA149S13	SES149	0.213322	-60.9344	-61.1477
BLOCK14/SES149/SA149S14	SES149	0.347233	-60.716	-61.0633
BLOCK14/SES149/SA149S24	SES149	1.97745	-59.6742	-61.6517
BLOCK14/SES149/SA149S26	SES149	3.10416	-58.5365	-61.6407
BLOCK14/SES149/SA149S28	SES149	3.24752	-57.9695	-61.217
BLOCK15/SES158/SA158S13	SES158	1.69728	-60.5965	-62.2938
BLOCK15/SES158/SA158S14	SES158	2.63791	-60.4271	-63.065
BLOCK15/SES158/SA158S23	SES158	1.72524	-60.0995	-61.8247
BLOCK15/SES158/SA158S26	SES158	2.6223	-59.8225	-62.4448
BLOCK15/SES158/SA158S28	SES158	1.6528	-60.8156	-62.4684
BLOCK16/SES162/SA162S10	SES162	1.84171	-61.7416	-63.5833
BLOCK16/SES162/SA162S11	SES162	1.19477	-61.1992	-62.394
BLOCK16/SES162/SA162S21	SES162	1.75254	-61.2727	-63.0252
BLOCK16/SES162/SA162S24	SES162	1.54894	-61.1703	-62.7192
BLOCK16/SES162/SA162S27	SES162	1.64098	-61.7082	-63.3491
BLOCK16/SES167/SA167S14	SES167	1.16699	-60.0534	-61.2204
BLOCK16/SES167/SA167S15	SES167	1.86768	-60.7422	-62.6099
BLOCK16/SES167/SA167S21	SES167	1.53086	-60.0043	-61.5351
BLOCK16/SES167/SA167S25	SES167	2.00718	-60.7102	-62.7174
BLOCK16/SES167/SA167S29	SES167	2.19668	-59.0782	-61.2749
BLOCK17/SES172/SA172S12	SES172	2.05404	-60.8103	-62.8643
BLOCK17/SES172/SA172S13	SES172	1.96233	-61.7176	-63.68
BLOCK17/SES172/SA172S23	SES172	0.823177	-60.5667	-61.3898
BLOCK17/SES172/SA172S27	SES172	0.873207	-61.5181	-62.3913
BLOCK17/SES172/SA172S29	SES172	1.72444	-60.8667	-62.5911
BLOCK17/SES175/SA175S11	SES175	1.75433	-61.022	-62.7764
BLOCK17/SES175/SA175S13	SES175	1.48234	-60.7224	-62.2047
BLOCK17/SES175/SA175S23	SES175	2.00315	-60.7204	-62.7236
BLOCK17/SES175/SA175S25	SES175	0.739052	-63.3388	-64.0778
BLOCK17/SES175/SA175S28	SES175	1.80167	-60.5386	-62.3403
BLOCK17/SES177/SA177S15	SES177	0.378502	-61.8843	-62.2628
BLOCK17/SES177/SA177S17	SES177	0.672318	-61.2067	-61.879
BLOCK17/SES177/SA177S23	SES177	-0.0647278	-62.2288	-62.1641
BLOCK17/SES177/SA177S26	SES177	0.803913	-59.6562	-60.4601
BLOCK17/SES177/SA177S28	SES177	0.701256	-60.6007	-61.3019
BLOCK18/SES180/SA180S13	SES180	1.27851	-61.2696	-62.5482
BLOCK18/SES180/SA180S15	SES180	0.697586	-62.0288	-62.7264
BLOCK18/SES180/SA180S24	SES180	0.962048	-60.2535	-61.2155
BLOCK18/SES180/SA180S26	SES180	1.36713	-60.3002	-61.6673
BLOCK18/SES180/SA180S29	SES180	1.18827	-62.1295	-63.3178
BLOCK18/SES183/SA183S13	SES183	1.6844	-61.6801	-63.3645
BLOCK18/SES183/SA183S14	SES183	0.799412	-62.1651	-62.9645
BLOCK18/SES183/SA183S24	SES183	1.46871	-62.4499	-63.9186
BLOCK18/SES183/SA183S27	SES183	1.58052	-61.2719	-62.8524
BLOCK18/SES183/SA183S29	SES183	1.31692	-60.8607	-62.1776
BLOCK18/SES187/SA187S13	SES187	0.749207	-62.44	-63.1892
BLOCK18/SES187/SA187S14	SES187	0.674469	-62.8001	-63.4745
BLOCK18/SES187/SA187S24	SES187	1.8081	-61.346	-63.1541
BLOCK18/SES187/SA187S27	SES187	1.52847	-61.2982	-62.8267
BLOCK18/SES187/SA187S29	SES187	1.19438	-61.8988	-63.0931
BLOCK18/SES189/SA189S10	SES189	2.05224	-63.415	-65.4672
BLOCK18/SES189/SA189S13	SES189	2.77773	-63.6423	-66.4201
BLOCK18/SES189/SA189S24	SES189	2.48509	-63.1391	-65.6242
BLOCK18/SES189/SA189S26	SES189	1.53144	-62.6166	-64.148
BLOCK18/SES189/SA189S29	SES189	2.42265	-62.1928	-64.6154
BLOCK20/SES202/SA202S12	SES202	1.71376	-62.5595	-64.2732
BLOCK20/SES202/SA202S14	SES202	3.30212	-59.9717	-63.2739
BLOCK20/SES202/SA202S24	SES202	2.20414	-61.4229	-63.627
BLOCK20/SES202/SA202S27	SES202	2.05452	-59.8824	-61.9369
BLOCK20/SES202/SA202S29	SES202	2.19572	-60.3256	-62.5213
BLOCK20/SES206/SA206S15	SES206	0.298882	-59.9583	-60.2571
BLOCK20/SES206/SA206S17	SES206	3.04299	-57.4138	-60.4568
BLOCK20/SES206/SA206S24	SES206	2.54909	-57.7922	-60.3413
BLOCK20/SES206/SA206S27	SES206	2.54298	-58.2245	-60.7675
BLOCK20/SES206/SA206S29	SES206	1.94073	-57.4795	-59.4202
BLOCK22/SES226/SA226S12	SES226	1.8686	-60.5257	-62.3943
BLOCK22/SES226/SA226S13	SES226	-0.721203	-61.8144	-61.0932
BLOCK22/SES226/SA226S20	SES226	1.38134	-60.6824	-62.0637
BLOCK22/SES226/SA226S23	SES226	1.54185	-59.8746	-61.4164
BLOCK22/SES226/SA226S28	SES226	1.89642	-59.6826	-61.5791
BLOCK25/SES259/SA259S13	SES259	4.41344	-57.4586	-61.872
BLOCK25/SES259/SA259S14	SES259	3.06539	-58.1055	-61.1708
BLOCK25/SES259/SA259S22	SES259	2.90884	-58.1409	-61.0497
BLOCK25/SES259/SA259S24	SES259	3.18267	-57.1461	-60.3288
BLOCK25/SES259/SA259S28	SES259	2.68489	-57.9754	-60.6603
BLOCK27/SES270/SA270S14	SES270	2.84116	-59.7198	-62.561
BLOCK27/SES270/SA270S16	SES270	1.89957	-59.7637	-61.6632
BLOCK27/SES270/SA270S22	SES270	3.1719	-58.865	-62.0369
BLOCK27/SES270/SA270S26	SES270	2.46593	-60.2815	-62.7475
BLOCK27/SES270/SA270S28	SES270	1.78598	-59.6841	-61.4701
BLOCK27/SES275/SA275S17	SES275	1.37369	-61.3024	-62.6761
BLOCK27/SES275/SA275S18	SES275	1.09052	-61.5785	-62.669
BLOCK27/SES275/SA275S24	SES275	1.27172	-62.3973	-63.669
BLOCK27/SES275/SA275S26	SES275	1.88488	-60.5204	-62.4053
BLOCK27/SES275/SA275S28	SES275	1.11338	-60.9726	-62.086
BLOCK29/SES292/SA292S10	SES292	0.520756	-61.6422	-62.163
BLOCK29/SES292/SA292S12	SES292	0.579269	-62.3811	-62.9603
BLOCK29/SES292/SA292S22	SES292	1.49268	-60.4813	-61.9739
BLOCK29/SES292/SA292S24	SES292	0.469933	-61.3619	-61.8318
BLOCK29/SES292/SA292S27	SES292	-0.00450134	-61.0689	-61.0644
BLOCK00/SES001/SA001S14	SES062	-1.45704	-64.6302	-63.1732
BLOCK00/SES001/SA001S14	SES082	-2.7636	-65.9368	-63.1732
BLOCK00/SES001/SA001S14	SES106	-3.45029	-66.6235	-63.1732
BLOCK00/SES001/SA001S14	SES206	-6.41428	-69.5874	-63.1732
BLOCK00/SES001/SA001S15	SES062	-2.25304	-63.6254	-61.3724
BLOCK00/SES001/SA001S15	SES104	-3.61851	-64.9909	-61.3724
BLOCK00/SES001/SA001S15	SES106	-3.16188	-64.5343	-61.3724
BLOCK00/SES001/SA001S15	SES206	-5.7954	-67.1678	-61.3724
BLOCK00/SES001/SA001S24	SES062	-3.51076	-67.0554	-63.5447
BLOCK00/SES001/SA001S24	SES082	-2.32608	-65.8707	-63.5447
BLOCK00/SES001/SA001S24	SES087	-6.23069	-69.7753	-63.5447
BLOCK00/SES001/SA001S24	SES206	-5.11149	-68.6562	-63.5447
BLOCK00/SES001/SA001S27	SES062	-2.08327	-62.9413	-60.858
BLOCK00/SES001/SA001S27	SES082	-4.53985	-65.3979	-60.858
BLOCK00/SES001/SA001S27	SES087	-5.29799	-66.156	-60.858
BLOCK00/SES001/SA001S27	SES206	-6.01028	-66.8683	-60.858
BLOCK00/SES001/SA001S29	SES062	-2.08953	-65.3394	-63.2499
BLOCK00/SES001/SA001S29	SES082	-2.51925	-65.7692	-63.2499
BLOCK00/SES001/SA001S29	SES158	-2.32464	-65.5745	-63.2499
BLOCK00/SES001/SA001S29	SES206	-6.81627	-70.0662	-63.2499
BLOCK00/SES003/SA003S11	SES002	-3.4462	-65.4141	-61.9679
BLOCK00/SES003/SA003S11	SES019	-2.02855	-63.9964	-61.9679
BLOCK00/SES003/SA003S11	SES082	-0.313076	-62.2809	-61.9679
BLOCK00/SES003/SA003S11	SES125	-1.52437	-63.4922	-61.9679
BLOCK00/SES003/SA003S15	SES016	-5.3667	-66.5762	-61.2095
BLOCK00/SES003/SA003S15	SES019	-2.46752	-63.677	-61.2095
BLOCK00/SES003/SA003S15	SES062	-2.60047	-63.81	-61.2095
BLOCK00/SES003/SA003S15	SES206	-1.82594	-63.0355	-61.2095
BLOCK00/SES003/SA003S22	SES002	-5.4081	-67.2842	-61.8761
BLOCK00/SES003/SA003S22	SES062	-1.8455	-63.7216	-61.8761
BLOCK00/SES003/SA003S22	SES082	-0.509045	-62.3851	-61.8761
BLOCK00/SES003/SA003S22	SES087	-3.15026	-65.0263	-61.8761
BLOCK00/SES003/SA003S25	SES062	-2.89444	-65.97	-63.0755
BLOCK00/SES003/SA003S25	SES082	-0.473389	-63.5489	-63.0755
BLOCK00/SES003/SA003S25	SES087	-3.70192	-66.7774	-63.0755
BLOCK00/SES003/SA003S25	SES206	-3.9351	-67.0106	-63.0755
BLOCK00/SES003/SA003S29	SES002	-4.81974	-66.8922	-62.0725
BLOCK00/SES003/SA003S29	SES062	-2.22277	-64.2952	-62.0725
BLOCK00/SES003/SA003S29	SES082	-0.865807	-62.9383	-62.0725
BLOCK00/SES003/SA003S29	SES087	-3.05765	-65.1301	-62.0725
BLOCK00/SES004/SA004S12	SES083	-1.48355	-64.8147	-63.3312
BLOCK00/SES004/SA004S12	SES148	-1.94464	-65.2758	-63.3312
BLOCK00/SES004/SA004S12	SES172	-1.87061	-65.2018	-63.3312
BLOCK00/SES004/SA004S12	SES292	-2.27889	-65.61	-63.3312
BLOCK00/SES004/SA004S17	SES083	-1.53117	-65.0635	-63.5323
BLOCK00/SES004/SA004S17	SES162	-0.851036	-64.3833	-63.5323
BLOCK00/SES004/SA004S17	SES172	-2.02325	-65.5556	-63.5323
BLOCK00/SES004/SA004S17	SES292	-1.45871	-64.991	-63.5323
BLOCK00/SES004/SA004S24	SES083	-1.71317	-64.6143	-62.9011
BLOCK00/SES004/SA004S24	SES148	-2.01494	-64.9161	-62.9011
BLOCK00/SES004/SA004S24	SES172	-1.46431	-64.3654	-62.9011
BLOCK00/SES004/SA004S24	SES292	-1.15317	-64.0543	-62.9011
BLOCK00/SES004/SA004S26	SES083	-0.795052	-63.7363	-62.9412
BLOCK00/SES004/SA004S26	SES127	-1.03742	-63.9786	-62.9412
BLOCK00/SES004/SA004S26	SES148	-2.77858	-65.7198	-62.9412
BLOCK00/SES004/SA004S26	SES292	-1.51637	-64.4576	-62.9412
BLOCK00/SES004/SA004S28	SES083	-1.04954	-63.5385	-62.489
BLOCK00/SES004/SA004S28	SES127	-1.34951	-63.8385	-62.489
BLOCK00/SES004/SA004S28	SES187	-1.06442	-63.5534	-62.489
BLOCK00/SES004/SA004S28	SES292	-2.5586	-65.0476	-62.489
BLOCK00/SES006/SA006S10	SES014	-2.35863	-66.2509	-63.8923
BLOCK00/SES006/SA006S10	SES158	-0.537254	-64.4295	-63.8923
BLOCK00/SES006/SA006S10	SES226	-3.51658	-67.4088	-63.8923
BLOCK00/SES006/SA006S10	SES270	-0.615929	-64.5082	-63.8923
BLOCK00/SES006/SA006S11	SES158	-0.896992	-64.752	-63.855
BLOCK00/SES006/SA006S11	SES226	-2.97751	-66.8325	-63.855
BLOCK00/SES006/SA006S11	SES270	-0.534206	-64.3892	-63.855
BLOCK00/SES006/SA006S11	SES275	-3.94157	-67.7966	-63.855
BLOCK00/SES006/SA006S23	SES062	-2.0446	-63.9884	-61.9438
BLOCK00/SES006/SA006S23	SES105	-2.42389	-64.3677	-61.9438
BLOCK00/SES006/SA006S23	SES158	-1.42109	-63.3649	-61.9438
BLOCK00/SES006/SA006S23	SES275	-2.91614	-64.8599	-61.9438
BLOCK00/SES006/SA006S26	SES104	-2.24282	-64.6792	-62.4364
BLOCK00/SES006/SA006S26	SES158	-0.590549	-63.0269	-62.4364
BLOCK00/SES006/SA006S26	SES270	-0.69241	-63.1288	-62.4364
BLOCK00/SES006/SA006S26	SES275	-3.83609	-66.2725	-62.4364
BLOCK00/SES006/SA006S28	SES007	-3.11799	-66.5569	-63.4389
BLOCK00/SES006/SA006S28	SES105	-2.88163	-66.3205	-63.4389
BLOCK00/SES006/SA006S28	SES158	-1.25472	-64.6936	-63.4389
BLOCK00/SES006/SA006S28	SES275	-4.28404	-67.7229	-63.4389
BLOCK00/SES009/SA009S12	SES083	-1.45297	-63.0784	-61.6254
BLOCK00/SES009/SA009S12	SES148	-1.30697	-62.9324	-61.6254
BLOCK00/SES009/SA009S12	SES177	-2.95726	-64.5826	-61.6254
BLOCK00/SES009/SA009S12	SES292	-0.576862	-62.2022	-61.6254
BLOCK00/SES009/SA009S15	SES007	0.709705	-60.5886	-61.2983
BLOCK00/SES009/SA009S15	SES099	-12.8372	-74.1356	-61.2983
BLOCK00/SES009/SA009S15	SES148	-1.23508	-62.5334	-61.2983
BLOCK00/SES009/SA009S15	SES172	-1.34189	-62.6402	-61.2983
BLOCK00/SES009/SA009S24	SES146	-0.571198	-62.2625	-61.6913
BLOCK00/SES009/SA009S24	SES148	-0.940361	-62.6317	-61.6913
BLOCK00/SES009/SA009S24	SES177	-1.98215	-63.6735	-61.6913
BLOCK00/SES009/SA009S24	SES292	-0.517467	-62.2088	-61.6913
BLOCK00/SES009/SA009S26	SES083	-1.42752	-63.2841	-61.8566
BLOCK00/SES009/SA009S26	SES101	-1.89499	-63.7516	-61.8566
BLOCK00/SES009/SA009S26	SES120	-1.33144	-63.1881	-61.8566
BLOCK00/SES009/SA009S26	SES177	-2.91472	-64.7713	-61.8566
BLOCK00/SES009/SA009S29	SES083	-0.906967	-62.4381	-61.5311
BLOCK00/SES009/SA009S29	SES101	-1.72449	-63.2556	-61.5311
BLOCK00/SES009/SA009S29	SES177	-2.59087	-64.122	-61.5311
BLOCK00/SES009/SA009S29	SES292	-0.613422	-62.1446	-61.5311
BLOCK01/SES011/SA011S10	SES019	-0.749943	-62.5435	-61.7936
BLOCK01/SES011/SA011S10	SES042	-0.261997	-62.0556	-61.7936
BLOCK01/SES011/SA011S10	SES082	-0.801479	-62.5951	-61.7936
BLOCK01/SES011/SA011S10	SES206	-0.247139	-62.0407	-61.7936
BLOCK01/SES011/SA011S11	SES019	-0.712605	-63.5434	-62.8308
BLOCK01/SES011/SA011S11	SES042	-0.448788	-63.2796	-62.8308
BLOCK01/SES011/SA011S11	SES082	-0.545181	-63.376	-62.8308
BLOCK01/SES011/SA011S11	SES206	-0.593269	-63.4241	-62.8308
BLOCK01/SES011/SA011S22	SES019	-0.348831	-63.1328	-62.784
BLOCK01/SES011/SA011S22	SES042	-0.613972	-63.3979	-62.784
BLOCK01/SES011/SA011S22	SES082	0.188396	-62.5956	-62.784
BLOCK01/SES011/SA011S22	SES206	-0.73489	-63.5189	-62.784
BLOCK01/SES011/SA011S24	SES019	-0.615612	-61.9853	-61.3697
BLOCK01/SES011/SA011S24	SES042	-0.245422	-61.6151	-61.3697
BLOCK01/SES011/SA011S24	SES104	-0.950512	-62.3202	-61.3697
BLOCK01/SES011/SA011S24	SES206	-0.262505	-61.6322	-61.3697
BLOCK01/SES011/SA011S27	SES082	0.592793	-60.9904	-61.5832
BLOCK01/SES011/SA011S27	SES087	-1.18152	-62.7647	-61.5832
BLOCK01/SES011/SA011S27	SES125	-0.363968	-61.9472	-61.5832
BLOCK01/SES011/SA011S27	SES206	-0.585133	-62.1683	-61.5832
BLOCK01/SES012/SA012S11	SES007	-3.38544	-62.904	-59.5185
BLOCK01/SES012/SA012S11	SES082	-1.30193	-60.8204	-59.5185
BLOCK01/SES012/SA012S11	SES083	-3.17894	-62.6975	-59.5185
BLOCK01/SES012/SA012S11	SES206	-0.494698	-60.0132	-59.5185
BLOCK01/SES012/SA012S14	SES082	-1.25877	-61.8954	-60.6367
BLOCK01/SES012/SA012S14	SES087	-2.29057	-62.9272	-60.6367
BLOCK01/SES012/SA012S14	SES206	-0.99958	-61.6362	-60.6367
BLOCK01/SES012/SA012S14	SES292	-4.3965	-65.0332	-60.6367
BLOCK01/SES012/SA012S24	SES082	0.576843	-61.2339	-61.8107
BLOCK01/SES012/SA012S24	SES087	-0.350132	-62.1608	-61.8107
BLOCK01/SES012/SA012S24	SES120	-3.97108	-65.7818	-61.8107
BLOCK01/SES012/SA012S24	SES206	0.0850945	-61.7256	-61.8107
BLOCK01/SES012/SA012S26	SES019	-2.12494	-62.3257	-60.2007
BLOCK01/SES012/SA012S26	SES082	-1.90382	-62.1045	-60.2007
BLOCK01/SES012/SA012S26	SES206	-0.176552	-60.3773	-60.2007
BLOCK01/SES012/SA012S26	SES292	-4.03963	-64.2403	-60.2007
BLOCK01/SES012/SA012S29	SES062	-2.38902	-62.4047	-60.0157
BLOCK01/SES012/SA012S29	SES082	-0.913803	-60.9295	-60.0157
BLOCK01/SES012/SA012S29	SES083	-2.6672	-62.6829	-60.0157
BLOCK01/SES012/SA012S29	SES206	-0.477173	-60.4929	-60.0157
BLOCK01/SES013/SA013S16	SES062	-3.16866	-64.5487	-61.38
BLOCK01/SES013/SA013S16	SES106	-0.57346	-61.9535	-61.38
BLOCK01/SES013/SA013S16	SES206	-1.03421	-62.4143	-61.38
BLOCK01/SES013/SA013S16	SES226	-0.552608	-61.9327	-61.38
BLOCK01/SES013/SA013S17	SES062	-2.91249	-63.2665	-60.354
BLOCK01/SES013/SA013S17	SES106	-0.996361	-61.3503	-60.354
BLOCK01/SES013/SA013S17	SES206	-0.11969	-60.4737	-60.354
BLOCK01/SES013/SA013S17	SES226	-0.225704	-60.5797	-60.354
BLOCK01/SES013/SA013S23	SES104	-1.50394	-62.6178	-61.1139
BLOCK01/SES013/SA013S23	SES106	-0.674343	-61.7882	-61.1139
BLOCK01/SES013/SA013S23	SES206	-0.928852	-62.0427	-61.1139
BLOCK01/SES013/SA013S23	SES270	-0.138065	-61.2519	-61.1139
BLOCK01/SES013/SA013S25	SES042	-1.52453	-61.9388	-60.4143
BLOCK01/SES013/SA013S25	SES104	-1.44999	-61.8643	-60.4143
BLOCK01/SES013/SA013S25	SES106	-0.817524	-61.2318	-60.4143
BLOCK01/SES013/SA013S25	SES206	-1.09637	-61.5106	-60.4143
BLOCK01/SES013/SA013S29	SES062	-3.46766	-64.6076	-61.1399
BLOCK01/SES013/SA013S29	SES104	-1.41385	-62.5538	-61.1399
BLOCK01/SES013/SA013S29	SES106	-0.498325	-61.6383	-61.1399
BLOCK01/SES013/SA013S29	SES206	-1.00061	-62.1405	-61.1399
BLOCK02/SES021/SA021S13	SES016	-4.11644	-65.4017	-61.2853
BLOCK02/SES021/SA021S13	SES029	-3.85606	-65.1413	-61.2853
BLOCK02/SES021/SA021S13	SES087	-2.37457	-63.6599	-61.2853
BLOCK02/SES021/SA021S13	SES206	-2.00261	-63.2879	-61.2853
BLOCK02/SES021/SA021S15	SES087	-1.95635	-61.8801	-59.9238
BLOCK02/SES021/SA021S15	SES125	-0.240471	-60.1643	-59.9238
BLOCK02/SES021/SA021S15	SES206	-0.680065	-60.6038	-59.9238
BLOCK02/SES021/SA021S15	SES226	-0.466618	-60.3904	-59.9238
BLOCK02/SES021/SA021S23	SES062	-2.52521	-64.8811	-62.3559
BLOCK02/SES021/SA021S23	SES087	-2.64267	-64.9986	-62.3559
BLOCK02/SES021/SA021S23	SES206	-2.18529	-64.5412	-62.3559
BLOCK02/SES021/SA021S23	SES226	-0.443096	-62.799	-62.3559
BLOCK02/SES021/SA021S27	SES002	-3.60382	-64.3161	-60.7123
BLOCK02/SES021/SA021S27	SES016	-3.74259	-64.4549	-60.7123
BLOCK02/SES021/SA021S27	SES019	-2.08552	-62.7978	-60.7123
BLOCK02/SES021/SA021S27	SES062	-1.43932	-62.1516	-60.7123
BLOCK02/SES021/SA021S29	SES087	-2.45481	-63.0344	-60.5796
BLOCK02/SES021/SA021S29	SES125	-1.49341	-62.073	-60.5796
BLOCK02/SES021/SA021S29	SES206	-1.93843	-62.518	-60.5796
BLOCK02/SES021/SA021S29	SES226	-0.980255	-61.5599	-60.5796
BLOCK04/SES043/SA043S09	SES083	-1.88968	-65.3229	-63.4332
BLOCK04/SES043/SA043S09	SES101	-3.47766	-66.9109	-63.4332
BLOCK04/SES043/SA043S09	SES144	-0.67802	-64.1112	-63.4332
BLOCK04/SES043/SA043S09	SES172	-5.18767	-68.6209	-63.4332
BLOCK04/SES043/SA043S11	SES083	-0.648872	-62.5371	-61.8882
BLOCK04/SES043/SA043S11	SES101	-1.6993	-63.5875	-61.8882
BLOCK04/SES043/SA043S11	SES144	-0.195274	-62.0835	-61.8882
BLOCK04/SES043/SA043S11	SES172	-2.1436	-64.0318	-61.8882
BLOCK04/SES043/SA043S23	SES083	-0.28598	-62.6217	-62.3357
BLOCK04/SES043/SA043S23	SES144	0.0562172	-62.2795	-62.3357
BLOCK04/SES043/SA043S23	SES177	-3.74935	-66.0851	-62.3357
BLOCK04/SES043/SA043S23	SES275	-0.663582	-62.9993	-62.3357
BLOCK04/SES043/SA043S26	SES083	-0.924965	-63.252	-62.327
BLOCK04/SES043/SA043S26	SES101	-1.79765	-64.1246	-62.327
BLOCK04/SES043/SA043S26	SES144	-0.350048	-62.677	-62.327
BLOCK04/SES043/SA043S26	SES177	-2.8616	-65.1886	-62.327
BLOCK04/SES043/SA043S28	SES016	-1.65332	-62.8641	-61.2108
BLOCK04/SES043/SA043S28	SES083	-1.01632	-62.2271	-61.2108
BLOCK04/SES043/SA043S28	SES101	-1.51139	-62.7222	-61.2108
BLOCK04/SES043/SA043S28	SES144	-1.1419	-62.3527	-61.2108
BLOCK04/SES044/SA044S10	SES127	-2.49664	-67.7507	-65.2541
BLOCK04/SES044/SA044S10	SES144	-1.10268	-66.3567	-65.2541
BLOCK04/SES044/SA044S10	SES147	-3.59528	-68.8493	-65.2541
BLOCK04/SES044/SA044S10	SES148	-3.29228	-68.5463	-65.2541
BLOCK04/SES044/SA044S11	SES101	-2.00502	-66.306	-64.301
BLOCK04/SES044/SA044S11	SES144	0.0255966	-64.2754	-64.301
BLOCK04/SES044/SA044S11	SES147	-2.92909	-67.2301	-64.301
BLOCK04/SES044/SA044S11	SES177	-2.43353	-66.7345	-64.301
BLOCK04/SES044/SA044S24	SES007	-2.39281	-65.954	-63.5612
BLOCK04/SES044/SA044S24	SES101	-1.04908	-64.6102	-63.5612
BLOCK04/SES044/SA044S24	SES147	-5.23326	-68.7944	-63.5612
BLOCK04/SES044/SA044S24	SES177	-2.98111	-66.5423	-63.5612
BLOCK04/SES044/SA044S26	SES007	-1.73869	-64.9384	-63.1997
BLOCK04/SES044/SA044S26	SES016	-0.889816	-64.0895	-63.1997
BLOCK04/SES044/SA044S26	SES101	-1.12482	-64.3245	-63.1997
BLOCK04/SES044/SA044S26	SES147	-1.64602	-64.8457	-63.1997
BLOCK04/SES044/SA044S29	SES007	-1.81079	-64.3088	-62.498
BLOCK04/SES044/SA044S29	SES101	-0.392296	-62.8903	-62.498
BLOCK04/SES044/SA044S29	SES147	-2.31742	-64.8154	-62.498
BLOCK04/SES044/SA044S29	SES177	-2.7668	-65.2648	-62.498
BLOCK04/SES046/SA046S13	SES101	-3.9752	-67.3516	-63.3764
BLOCK04/SES046/SA046S13	SES144	-1.00985	-64.3862	-63.3764
BLOCK04/SES046/SA046S13	SES147	-2.73218	-66.1086	-63.3764
BLOCK04/SES046/SA046S13	SES177	-1.76638	-65.1428	-63.3764
BLOCK04/SES046/SA046S15	SES048	-3.28759	-65.404	-62.1164
BLOCK04/SES046/SA046S15	SES083	-0.334953	-62.4514	-62.1164
BLOCK04/SES046/SA046S15	SES120	-2.30927	-64.4257	-62.1164
BLOCK04/SES046/SA046S15	SES148	-1.4478	-63.5642	-62.1164
BLOCK04/SES046/SA046S22	SES101	-1.42082	-64.5173	-63.0965
BLOCK04/SES046/SA046S22	SES144	-0.897797	-63.9943	-63.0965
BLOCK04/SES046/SA046S22	SES147	-2.16061	-65.2571	-63.0965
BLOCK04/SES046/SA046S22	SES172	-2.50805	-65.6045	-63.0965
BLOCK04/SES046/SA046S25	SES083	-1.51182	-63.9385	-62.4267
BLOCK04/SES046/SA046S25	SES127	-1.68485	-64.1116	-62.4267
BLOCK04/SES046/SA046S25	SES144	-1.88866	-64.3154	-62.4267
BLOCK04/SES046/SA046S25	SES148	-1.89499	-64.3217	-62.4267
BLOCK04/SES046/SA046S28	SES007	-3.64014	-66.7973	-63.1571
BLOCK04/SES046/SA046S28	SES105	-2.63175	-65.7889	-63.1571
BLOCK04/SES046/SA046S28	SES147	-3.14745	-66.3046	-63.1571
BLOCK04/SES046/SA046S28	SES148	-1.56535	-64.7225	-63.1571
BLOCK04/SES049/SA049S16	SES104	-1.41356	-63.6649	-62.2513
BLOCK04/SES049/SA049S16	SES106	-1.00148	-63.2528	-62.2513
BLOCK04/SES049/SA049S16	SES120	-3.56871	-65.82	-62.2513
BLOCK04/SES049/SA049S16	SES206	-1.57109	-63.8224	-62.2513
BLOCK04/SES049/SA049S18	SES099	-1.39279	-64.6385	-63.2457
BLOCK04/SES049/SA049S18	SES104	-1.4407	-64.6864	-63.2457
BLOCK04/SES049/SA049S18	SES125	-1.91767	-65.1634	-63.2457
BLOCK04/SES049/SA049S18	SES206	-1.88975	-65.1355	-63.2457
BLOCK04/SES049/SA049S25	SES087	-1.31565	-63.7125	-62.3969
BLOCK04/SES049/SA049S25	SES104	-0.131733	-62.5286	-62.3969
BLOCK04/SES049/SA049S25	SES125	-1.63799	-64.0349	-62.3969
BLOCK04/SES049/SA049S25	SES206	-0.744907	-63.1418	-62.3969
BLOCK04/SES049/SA049S27	SES099	-2.46783	-64.2557	-61.7879
BLOCK04/SES049/SA049S27	SES104	-0.245869	-62.0337	-61.7879
BLOCK04/SES049/SA049S27	SES125	-1.1465	-62.9344	-61.7879
BLOCK04/SES049/SA049S27	SES206	-1.59707	-63.3849	-61.7879
BLOCK04/SES049/SA049S29	SES099	-1.83499	-62.9813	-61.1463
BLOCK04/SES049/SA049S29	SES104	0.606865	-60.5394	-61.1463
BLOCK04/SES049/SA049S29	SES125	-0.82494	-61.9712	-61.1463
BLOCK04/SES049/SA049S29	SES206	-0.488468	-61.6348	-61.1463
BLOCK06/SES063/SA063S09	SES068	-2.06537	-63.7806	-61.7152
BLOCK06/SES063/SA063S09	SES083	-0.178989	-61.8942	-61.7152
BLOCK06/SES063/SA063S09	SES177	-1.65663	-63.3719	-61.7152
BLOCK06/SES063/SA063S09	SES187	-1.17185	-62.8871	-61.7152
BLOCK06/SES063/SA063S10	SES068	-1.84426	-64.5753	-62.731
BLOCK06/SES063/SA063S10	SES083	-0.40958	-63.1406	-62.731
BLOCK06/SES063/SA063S10	SES172	-0.799786	-63.5308	-62.731
BLOCK06/SES063/SA063S10	SES187	-1.09656	-63.8276	-62.731
BLOCK06/SES063/SA063S20	SES068	-3.68528	-66.5193	-62.834
BLOCK06/SES063/SA063S20	SES083	-0.780655	-63.6147	-62.834
BLOCK06/SES063/SA063S20	SES172	-1.97649	-64.8105	-62.834
BLOCK06/SES063/SA063S20	SES187	0.0723801	-62.7616	-62.834
BLOCK06/SES063/SA063S24	SES029	-1.84834	-63.4344	-61.5861
BLOCK06/SES063/SA063S24	SES083	-0.39925	-61.9853	-61.5861
BLOCK06/SES063/SA063S24	SES177	-1.04353	-62.6296	-61.5861
BLOCK06/SES063/SA063S24	SES189	-0.84119	-62.4273	-61.5861
BLOCK06/SES063/SA063S27	SES083	-0.461281	-63.4865	-63.0252
BLOCK06/SES063/SA063S27	SES172	-1.51146	-64.5367	-63.0252
BLOCK06/SES063/SA063S27	SES187	-1.11726	-64.1425	-63.0252
BLOCK06/SES063/SA063S27	SES292	-2.07627	-65.1015	-63.0252
BLOCK06/SES067/SA067S12	SES083	-1.80654	-63.1398	-61.3333
BLOCK06/SES067/SA067S12	SES172	-4.33906	-65.6723	-61.3333
BLOCK06/SES067/SA067S12	SES202	-0.326984	-61.6603	-61.3333
BLOCK06/SES067/SA067S12	SES292	-2.38348	-63.7167	-61.3333
BLOCK06/SES067/SA067S14	SES085	-2.24736	-63.0866	-60.8392
BLOCK06/SES067/SA067S14	SES177	-1.85675	-62.6959	-60.8392
BLOCK06/SES067/SA067S14	SES183	-2.69424	-63.5334	-60.8392
BLOCK06/SES067/SA067S14	SES202	-1.27415	-62.1133	-60.8392
BLOCK06/SES067/SA067S21	SES144	-0.913563	-63.9067	-62.9931
BLOCK06/SES067/SA067S21	SES177	-1.74756	-64.7407	-62.9931
BLOCK06/SES067/SA067S21	SES183	-4.26553	-67.2586	-62.9931
BLOCK06/SES067/SA067S21	SES189	-0.522224	-63.5153	-62.9931
BLOCK06/SES067/SA067S25	SES085	-0.679119	-62.9202	-62.2411
BLOCK06/SES067/SA067S25	SES177	-1.71146	-63.9525	-62.2411
BLOCK06/SES067/SA067S25	SES183	-2.5509	-64.792	-62.2411
BLOCK06/SES067/SA067S25	SES202	-0.371105	-62.6122	-62.2411
BLOCK06/SES067/SA067S29	SES085	-1.05524	-63.1642	-62.1089
BLOCK06/SES067/SA067S29	SES177	-2.2445	-64.3534	-62.1089
BLOCK06/SES067/SA067S29	SES183	-1.66509	-63.774	-62.1089
BLOCK06/SES067/SA067S29	SES202	-0.286255	-62.3952	-62.1089
BLOCK06/SES069/SA069S12	SES029	-3.17486	-64.3653	-61.1904
BLOCK06/SES069/SA069S12	SES082	-0.451466	-61.6419	-61.1904
BLOCK06/SES069/SA069S12	SES087	-3.01379	-64.2042	-61.1904
BLOCK06/SES069/SA069S12	SES206	-2.47679	-63.6672	-61.1904
BLOCK06/SES069/SA069S13	SES029	-3.52661	-64.5586	-61.032
BLOCK06/SES069/SA069S13	SES087	-2.90258	-63.9346	-61.032
BLOCK06/SES069/SA069S13	SES206	-3.36999	-64.402	-61.032
BLOCK06/SES069/SA069S13	SES226	-1.77424	-62.8062	-61.032
BLOCK06/SES069/SA069S23	SES029	-2.39528	-61.6513	-59.256
BLOCK06/SES069/SA069S23	SES087	-3.25221	-62.5082	-59.256
BLOCK06/SES069/SA069S23	SES206	-2.4152	-61.6712	-59.256
BLOCK06/SES069/SA069S23	SES226	-0.680202	-59.9362	-59.256
BLOCK06/SES069/SA069S25	SES087	-1.87046	-61.9248	-60.0543
BLOCK06/SES069/SA069S25	SES206	-2.29293	-62.3472	-60.0543
BLOCK06/SES069/SA069S25	SES226	-1.78648	-61.8408	-60.0543
BLOCK06/SES069/SA069S25	SES270	-1.8265	-61.8808	-60.0543
BLOCK06/SES069/SA069S27	SES087	-3.05711	-63.3066	-60.2494
BLOCK06/SES069/SA069S27	SES206	-1.66795	-61.9174	-60.2494
BLOCK06/SES069/SA069S27	SES226	-0.099453	-60.3489	-60.2494
BLOCK06/SES069/SA069S27	SES270	-2.1624	-62.4118	-60.2494
BLOCK08/SES081/SA081S11	SES060	-2.23698	-64.0461	-61.8091
BLOCK08/SES081/SA081S11	SES062	-3.28314	-65.0923	-61.8091
BLOCK08/SES081/SA081S11	SES117	-2.55682	-64.366	-61.8091
BLOCK08/SES081/SA081S11	SES162	-1.71395	-63.5231	-61.8091
BLOCK08/SES081/SA081S13	SES016	-0.969727	-62.1424	-61.1726
BLOCK08/SES081/SA081S13	SES060	-0.66053	-61.8332	-61.1726
BLOCK08/SES081/SA081S13	SES068	-0.489128	-61.6618	-61.1726
BLOCK08/SES081/SA081S13	SES129	-2.91484	-64.0875	-61.1726
BLOCK08/SES081/SA081S24	SES060	-0.747757	-62.8975	-62.1498
BLOCK08/SES081/SA081S24	SES068	-1.33954	-63.4893	-62.1498
BLOCK08/SES081/SA081S24	SES117	-1.65043	-63.8002	-62.1498
BLOCK08/SES081/SA081S24	SES275	-2.62303	-64.7728	-62.1498
BLOCK08/SES081/SA081S27	SES007	-2.48507	-64.3436	-61.8585
BLOCK08/SES081/SA081S27	SES060	-2.11689	-63.9754	-61.8585
BLOCK08/SES081/SA081S27	SES117	-0.719715	-62.5782	-61.8585
BLOCK08/SES081/SA081S27	SES275	-2.68723	-64.5457	-61.8585
BLOCK08/SES081/SA081S29	SES007	-1.36414	-62.9704	-61.6062
BLOCK08/SES081/SA081S29	SES060	-0.766449	-62.3727	-61.6062
BLOCK08/SES081/SA081S29	SES117	-1.16859	-62.7748	-61.6062
BLOCK08/SES081/SA081S29	SES275	-2.23777	-63.844	-61.6062
BLOCK08/SES086/SA086S11	SES029	-4.95266	-67.7568	-62.8041
BLOCK08/SES086/SA086S11	SES082	-1.96872	-64.7728	-62.8041
BLOCK08/SES086/SA086S11	SES087	-0.610298	-63.4144	-62.8041
BLOCK08/SES086/SA086S11	SES206	-1.93912	-64.7432	-62.8041
BLOCK08/SES086/SA086S12	SES029	-3.55578	-65.7352	-62.1794
BLOCK08/SES086/SA086S12	SES082	-1.51606	-63.6955	-62.1794
BLOCK08/SES086/SA086S12	SES087	0.541538	-61.6379	-62.1794
BLOCK08/SES086/SA086S12	SES206	-0.618645	-62.798	-62.1794
BLOCK08/SES086/SA086S20	SES029	-4.26386	-64.4826	-60.2187
BLOCK08/SES086/SA086S20	SES082	-1.82828	-62.047	-60.2187
BLOCK08/SES086/SA086S20	SES087	0.452702	-59.766	-60.2187
BLOCK08/SES086/SA086S20	SES206	-0.174427	-60.3931	-60.2187
BLOCK08/SES086/SA086S24	SES087	0.367432	-61.3268	-61.6942
BLOCK08/SES086/SA086S24	SES104	-0.878597	-62.5728	-61.6942
BLOCK08/SES086/SA086S24	SES120	-4.03211	-65.7263	-61.6942
BLOCK08/SES086/SA086S24	SES206	0.278519	-61.4157	-61.6942
BLOCK08/SES086/SA086S28	SES029	-3.68787	-63.9426	-60.2547
BLOCK08/SES086/SA086S28	SES082	-1.49567	-61.7504	-60.2547
BLOCK08/SES086/SA086S28	SES087	0.0902443	-60.1644	-60.2547
BLOCK08/SES086/SA086S28	SES206	-0.359543	-60.6142	-60.2547
BLOCK08/SES089/SA089S13	SES087	-3.67747	-65.9898	-62.3123
BLOCK08/SES089/SA089S13	SES206	-4.1409	-66.4532	-62.3123
BLOCK08/SES089/SA089S13	SES226	-1.38505	-63.6973	-62.3123
BLOCK08/SES089/SA089S13	SES270	-4.30464	-66.6169	-62.3123
BLOCK08/SES089/SA089S14	SES062	-1.68633	-63.39	-61.7037
BLOCK08/SES089/SA089S14	SES087	-1.67263	-63.3763	-61.7037
BLOCK08/SES089/SA089S14	SES206	-2.37153	-64.0752	-61.7037
BLOCK08/SES089/SA089S14	SES226	-0.590961	-62.2946	-61.7037
BLOCK08/SES089/SA089S23	SES087	-3.17208	-66.9335	-63.7614
BLOCK08/SES089/SA089S23	SES206	-4.04436	-67.8058	-63.7614
BLOCK08/SES089/SA089S23	SES226	-1.1885	-64.9499	-63.7614
BLOCK08/SES089/SA089S23	SES270	-5.29285	-69.0543	-63.7614
BLOCK08/SES089/SA089S25	SES062	-2.26711	-64.4987	-62.2316
BLOCK08/SES089/SA089S25	SES087	-2.55448	-64.7861	-62.2316
BLOCK08/SES089/SA089S25	SES206	-3.28581	-65.5174	-62.2316
BLOCK08/SES089/SA089S25	SES226	-0.428684	-62.6603	-62.2316
BLOCK08/SES089/SA089S28	SES062	-1.55413	-64.0564	-62.5023
BLOCK08/SES089/SA089S28	SES087	-2.40854	-64.9108	-62.5023
BLOCK08/SES089/SA089S28	SES206	-2.26225	-64.7646	-62.5023
BLOCK08/SES089/SA089S28	SES226	0.0958824	-62.4064	-62.5023
BLOCK09/SES097/SA097S11	SES099	-0.253761	-62.6308	-62.3771
BLOCK09/SES097/SA097S11	SES125	-1.59451	-63.9716	-62.3771
BLOCK09/SES097/SA097S11	SES206	-1.65953	-64.0366	-62.3771
BLOCK09/SES097/SA097S11	SES226	-0.707951	-63.085	-62.3771
BLOCK09/SES097/SA097S14	SES062	-3.29029	-65.5469	-62.2566
BLOCK09/SES097/SA097S14	SES099	-2.33402	-64.5906	-62.2566
BLOCK09/SES097/SA097S14	SES104	-1.11723	-63.3738	-62.2566
BLOCK09/SES097/SA097S14	SES206	-2.16119	-64.4178	-62.2566
BLOCK09/SES097/SA097S22	SES099	-1.11705	-63.2059	-62.0888
BLOCK09/SES097/SA097S22	SES206	-1.46716	-63.556	-62.0888
BLOCK09/SES097/SA097S22	SES226	-0.243687	-62.3325	-62.0888
BLOCK09/SES097/SA097S22	SES270	-0.00850677	-62.0973	-62.0888
BLOCK09/SES097/SA097S26	SES099	-1.31754	-62.8553	-61.5378
BLOCK09/SES097/SA097S26	SES120	-3.06416	-64.6019	-61.5378
BLOCK09/SES097/SA097S26	SES206	-1.20695	-62.7447	-61.5378
BLOCK09/SES097/SA097S26	SES226	-1.46848	-63.0062	-61.5378
BLOCK09/SES097/SA097S28	SES099	-1.86099	-63.7788	-61.9178
BLOCK09/SES097/SA097S28	SES120	-2.88506	-64.8028	-61.9178
BLOCK09/SES097/SA097S28	SES206	-1.72269	-63.6405	-61.9178
BLOCK09/SES097/SA097S28	SES226	-1.14442	-63.0622	-61.9178
BLOCK09/SES098/SA098S11	SES127	-2.74063	-67.2764	-64.5357
BLOCK09/SES098/SA098S11	SES144	-1.23239	-65.7681	-64.5357
BLOCK09/SES098/SA098S11	SES147	-0.204987	-64.7407	-64.5357
BLOCK09/SES098/SA098S11	SES148	-2.78375	-67.3195	-64.5357
BLOCK09/SES098/SA098S12	SES127	-4.96841	-70.6259	-65.6575
BLOCK09/SES098/SA098S12	SES144	-2.14262	-67.8001	-65.6575
BLOCK09/SES098/SA098S12	SES147	-1.45696	-67.1144	-65.6575
BLOCK09/SES098/SA098S12	SES189	-0.912262	-66.5697	-65.6575
BLOCK09/SES098/SA098S20	SES127	-4.35291	-68.4879	-64.135
BLOCK09/SES098/SA098S20	SES147	-0.698616	-64.8336	-64.135
BLOCK09/SES098/SA098S20	SES148	-4.25373	-68.3887	-64.135
BLOCK09/SES098/SA098S20	SES292	-3.81792	-67.9529	-64.135
BLOCK09/SES098/SA098S23	SES127	-2.42746	-65.9123	-63.4848
BLOCK09/SES098/SA098S23	SES147	-1.14019	-64.625	-63.4848
BLOCK09/SES098/SA098S23	SES187	-0.478615	-63.9634	-63.4848
BLOCK09/SES098/SA098S23	SES292	-3.07112	-66.5559	-63.4848
BLOCK09/SES098/SA098S27	SES127	-2.96494	-67.4447	-64.4797
BLOCK09/SES098/SA098S27	SES147	-1.85331	-66.333	-64.4797
BLOCK09/SES098/SA098S27	SES148	-3.94605	-68.4258	-64.4797
BLOCK09/SES098/SA098S27	SES292	-3.13385	-67.6136	-64.4797
BLOCK10/SES102/SA102S13	SES101	-0.171753	-63.7356	-63.5639
BLOCK10/SES102/SA102S13	SES105	-1.32553	-64.8894	-63.5639
BLOCK10/SES102/SA102S13	SES120	-1.44238	-65.0063	-63.5639
BLOCK10/SES102/SA102S13	SES158	-8.15117	-71.7151	-63.5639
BLOCK10/SES102/SA102S14	SES007	-0.168385	-61.6232	-61.4548
BLOCK10/SES102/SA102S14	SES101	-0.631897	-62.0867	-61.4548
BLOCK10/SES102/SA102S14	SES105	-0.487804	-61.9426	-61.4548
BLOCK10/SES102/SA102S14	SES147	-4.76572	-66.2206	-61.4548
BLOCK10/SES102/SA102S22	SES007	-0.890217	-62.7044	-61.8142
BLOCK10/SES102/SA102S22	SES101	0.00233078	-61.8119	-61.8142
BLOCK10/SES102/SA102S22	SES105	-0.628284	-62.4425	-61.8142
BLOCK10/SES102/SA102S22	SES158	-4.62303	-66.4372	-61.8142
BLOCK10/SES102/SA102S25	SES007	-0.630093	-62.1925	-61.5624
BLOCK10/SES102/SA102S25	SES101	-0.735996	-62.2984	-61.5624
BLOCK10/SES102/SA102S25	SES105	-1.07612	-62.6385	-61.5624
BLOCK10/SES102/SA102S25	SES147	-6.22425	-67.7866	-61.5624
BLOCK10/SES102/SA102S27	SES007	-0.970364	-63.4129	-62.4425
BLOCK10/SES102/SA102S27	SES101	-0.944469	-63.387	-62.4425
BLOCK10/SES102/SA102S27	SES105	-1.32878	-63.7713	-62.4425
BLOCK10/SES102/SA102S27	SES147	-3.77375	-66.2163	-62.4425
BLOCK10/SES103/SA103S14	SES105	-3.2556	-66.1953	-62.9397
BLOCK10/SES103/SA103S14	SES106	-0.586674	-63.5264	-62.9397
BLOCK10/SES103/SA103S14	SES120	-3.29618	-66.2359	-62.9397
BLOCK10/SES103/SA103S14	SES206	-1.75879	-64.6985	-62.9397
BLOCK10/SES103/SA103S15	SES099	-1.57347	-65.861	-64.2875
BLOCK10/SES103/SA103S15	SES101	-4.7457	-69.0332	-64.2875
BLOCK10/SES103/SA103S15	SES104	-1.27934	-65.5669	-64.2875
BLOCK10/SES103/SA103S15	SES125	-1.076	-65.3635	-64.2875
BLOCK10/SES103/SA103S24	SES104	-1.59748	-63.3429	-61.7454
BLOCK10/SES103/SA103S24	SES125	-2.31184	-64.0573	-61.7454
BLOCK10/SES103/SA103S24	SES148	-3.37622	-65.1217	-61.7454
BLOCK10/SES103/SA103S24	SES158	-1.19437	-62.9398	-61.7454
BLOCK10/SES103/SA103S26	SES104	-1.314	-64.8958	-63.5818
BLOCK10/SES103/SA103S26	SES106	-0.956158	-64.538	-63.5818
BLOCK10/SES103/SA103S26	SES125	-2.34816	-65.93	-63.5818
BLOCK10/SES103/SA103S26	SES148	-2.92896	-66.5108	-63.5818
BLOCK10/SES103/SA103S28	SES104	-2.38937	-66.9735	-64.5842
BLOCK10/SES103/SA103S28	SES106	-1.35581	-65.94	-64.5842
BLOCK10/SES103/SA103S28	SES125	-2.87446	-67.4586	-64.5842
BLOCK10/SES103/SA103S28	SES206	-4.24685	-68.831	-64.5842
BLOCK12/SES121/SA121S12	SES042	-2.28741	-66.7701	-64.4827
BLOCK12/SES121/SA121S12	SES087	-1.66365	-66.1464	-64.4827
BLOCK12/SES121/SA121S12	SES105	-2.28017	-66.7629	-64.4827
BLOCK12/SES121/SA121S12	SES206	-1.3661	-65.8488	-64.4827
BLOCK12/SES121/SA121S14	SES007	-3.56434	-68.4282	-64.8639
BLOCK12/SES121/SA121S14	SES105	-2.98421	-67.8481	-64.8639
BLOCK12/SES121/SA121S14	SES106	-1.34094	-66.2048	-64.8639
BLOCK12/SES121/SA121S14	SES206	-2.48245	-67.3463	-64.8639
BLOCK12/SES121/SA121S23	SES105	-2.9433	-68.1029	-65.1596
BLOCK12/SES121/SA121S23	SES106	-1.24456	-66.4041	-65.1596
BLOCK12/SES121/SA121S23	SES120	-3.39273	-68.5523	-65.1596
BLOCK12/SES121/SA121S23	SES206	-1.70144	-66.861	-65.1596
BLOCK12/SES121/SA121S25	SES007	-3.49088	-69.2402	-65.7493
BLOCK12/SES121/SA121S25	SES105	-3.68265	-69.432	-65.7493
BLOCK12/SES121/SA121S25	SES106	-0.854385	-66.6037	-65.7493
BLOCK12/SES121/SA121S25	SES206	-2.5684	-68.3177	-65.7493
BLOCK12/SES121/SA121S27	SES087	-0.969002	-65.1099	-64.1409
BLOCK12/SES121/SA121S27	SES105	-4.24014	-68.381	-64.1409
BLOCK12/SES121/SA121S27	SES120	-3.46243	-67.6033	-64.1409
BLOCK12/SES121/SA121S27	SES206	-2.20036	-66.3412	-64.1409
BLOCK12/SES124/SA124S16	SES042	-0.49192	-62.9381	-62.4462
BLOCK12/SES124/SA124S16	SES082	-0.686157	-63.1323	-62.4462
BLOCK12/SES124/SA124S16	SES183	-4.74318	-67.1894	-62.4462
BLOCK12/SES124/SA124S16	SES206	-1.44284	-63.889	-62.4462
BLOCK12/SES124/SA124S17	SES105	-2.87531	-66.6808	-63.8055
BLOCK12/SES124/SA124S17	SES149	-1.74516	-65.5507	-63.8055
BLOCK12/SES124/SA124S17	SES158	-1.15999	-64.9655	-63.8055
BLOCK12/SES124/SA124S17	SES275	-4.31101	-68.1165	-63.8055
BLOCK12/SES124/SA124S23	SES105	-3.54042	-63.9566	-60.4161
BLOCK12/SES124/SA124S23	SES125	0.447483	-59.9687	-60.4161
BLOCK12/SES124/SA124S23	SES129	-4.16801	-64.5842	-60.4161
BLOCK12/SES124/SA124S23	SES158	-0.388626	-60.8048	-60.4161
BLOCK12/SES124/SA124S26	SES105	-4.01099	-65.7049	-61.694
BLOCK12/SES124/SA124S26	SES125	0.226688	-61.4673	-61.694
BLOCK12/SES124/SA124S26	SES129	-3.67725	-65.3712	-61.694
BLOCK12/SES124/SA124S26	SES158	-0.90572	-62.5997	-61.694
BLOCK12/SES124/SA124S28	SES104	-0.285023	-61.4138	-61.1288
BLOCK12/SES124/SA124S28	SES106	-0.642128	-61.7709	-61.1288
BLOCK12/SES124/SA124S28	SES125	0.262203	-60.8666	-61.1288
BLOCK12/SES124/SA124S28	SES275	-5.3329	-66.4617	-61.1288
BLOCK12/SES126/SA126S13	SES007	-2.42325	-67.342	-64.9187
BLOCK12/SES126/SA126S13	SES162	-1.55775	-66.4765	-64.9187
BLOCK12/SES126/SA126S13	SES177	-1.61897	-66.5377	-64.9187
BLOCK12/SES126/SA126S13	SES180	-1.80979	-66.7285	-64.9187
BLOCK12/SES126/SA126S14	SES144	-1.70761	-64.2052	-62.4976
BLOCK12/SES126/SA126S14	SES148	-1.75523	-64.2529	-62.4976
BLOCK12/SES126/SA126S14	SES177	-0.309093	-62.8067	-62.4976
BLOCK12/SES126/SA126S14	SES180	-0.859741	-63.3574	-62.4976
BLOCK12/SES126/SA126S20	SES007	-2.25344	-65.1079	-62.8545
BLOCK12/SES126/SA126S20	SES162	-2.22511	-65.0796	-62.8545
BLOCK12/SES126/SA126S20	SES172	-6.79151	-69.646	-62.8545
BLOCK12/SES126/SA126S20	SES180	-2.59048	-65.445	-62.8545
BLOCK12/SES126/SA126S24	SES120	-0.863335	-63.7099	-62.8466
BLOCK12/SES126/SA126S24	SES162	-1.20382	-64.0504	-62.8466
BLOCK12/SES126/SA126S24	SES177	-1.0783	-63.9249	-62.8466
BLOCK12/SES126/SA126S24	SES180	-0.500336	-63.3469	-62.8466
BLOCK12/SES126/SA126S26	SES120	-0.779316	-64.2102	-63.4309
BLOCK12/SES126/SA126S26	SES177	-1.19773	-64.6287	-63.4309
BLOCK12/SES126/SA126S26	SES180	-1.37428	-64.8052	-63.4309
BLOCK12/SES126/SA126S26	SES202	-2.85224	-66.2832	-63.4309
BLOCK12/SES128/SA128S10	SES087	-2.84428	-64.6116	-61.7673
BLOCK12/SES128/SA128S10	SES206	-1.80403	-63.5713	-61.7673
BLOCK12/SES128/SA128S10	SES226	-0.876846	-62.6441	-61.7673
BLOCK12/SES128/SA128S10	SES270	-1.46988	-63.2372	-61.7673
BLOCK12/SES128/SA128S12	SES120	-2.60838	-64.7208	-62.1125
BLOCK12/SES128/SA128S12	SES158	-1.42995	-63.5424	-62.1125
BLOCK12/SES128/SA128S12	SES206	-1.2428	-63.3553	-62.1125
BLOCK12/SES128/SA128S12	SES226	-1.20042	-63.3129	-62.1125
BLOCK12/SES128/SA128S21	SES106	-3.9608	-67.4379	-63.4771
BLOCK12/SES128/SA128S21	SES120	-3.04893	-66.526	-63.4771
BLOCK12/SES128/SA128S21	SES206	-4.97323	-68.4503	-63.4771
BLOCK12/SES128/SA128S21	SES226	-1.79811	-65.2752	-63.4771
BLOCK12/SES128/SA128S24	SES087	-4.62694	-67.8716	-63.2446
BLOCK12/SES128/SA128S24	SES120	-1.43963	-64.6842	-63.2446
BLOCK12/SES128/SA128S24	SES206	-4.29466	-67.5393	-63.2446
BLOCK12/SES128/SA128S24	SES226	-1.96483	-65.2094	-63.2446
BLOCK12/SES128/SA128S27	SES099	-5.21155	-66.9178	-61.7062
BLOCK12/SES128/SA128S27	SES120	-2.50162	-64.2078	-61.7062
BLOCK12/SES128/SA128S27	SES206	-4.13258	-65.8388	-61.7062
BLOCK12/SES128/SA128S27	SES226	-1.45729	-63.1635	-61.7062
BLOCK13/SES130/SA130S13	SES143	-4.05907	-68.2804	-64.2214
BLOCK13/SES130/SA130S13	SES144	-0.216644	-64.438	-64.2214
BLOCK13/SES130/SA130S13	SES146	-1.35026	-65.5716	-64.2214
BLOCK13/SES130/SA130S13	SES275	-4.0689	-68.2903	-64.2214
BLOCK13/SES130/SA130S15	SES143	-1.99478	-64.9559	-62.9611
BLOCK13/SES130/SA130S15	SES144	-0.123138	-63.0843	-62.9611
BLOCK13/SES130/SA130S15	SES146	-0.395115	-63.3562	-62.9611
BLOCK13/SES130/SA130S15	SES275	-0.970058	-63.9312	-62.9611
BLOCK13/SES130/SA130S23	SES127	-4.20905	-68.6193	-64.4103
BLOCK13/SES130/SA130S23	SES144	-0.600456	-65.0107	-64.4103
BLOCK13/SES130/SA130S23	SES146	-0.273285	-64.6835	-64.4103
BLOCK13/SES130/SA130S23	SES162	-1.95831	-66.3686	-64.4103
BLOCK13/SES130/SA130S25	SES127	-3.83008	-65.9998	-62.1698
BLOCK13/SES130/SA130S25	SES144	-0.411789	-62.5815	-62.1698
BLOCK13/SES130/SA130S25	SES146	-0.808842	-62.9786	-62.1698
BLOCK13/SES130/SA130S25	SES275	-1.13594	-63.3057	-62.1698
BLOCK13/SES130/SA130S28	SES127	-2.07317	-64.8987	-62.8256
BLOCK13/SES130/SA130S28	SES144	-0.535835	-63.3614	-62.8256
BLOCK13/SES130/SA130S28	SES146	-0.914795	-63.7404	-62.8256
BLOCK13/SES130/SA130S28	SES275	-0.918373	-63.7439	-62.8256
BLOCK13/SES131/SA131S13	SES002	-3.0862	-67.5095	-64.4233
BLOCK13/SES131/SA131S13	SES007	-4.73623	-69.1595	-64.4233
BLOCK13/SES131/SA131S13	SES099	-2.25915	-66.6825	-64.4233
BLOCK13/SES131/SA131S13	SES105	-2.93119	-67.3545	-64.4233
BLOCK13/SES131/SA131S14	SES104	-0.705555	-62.9229	-62.2174
BLOCK13/SES131/SA131S14	SES106	-0.606533	-62.8239	-62.2174
BLOCK13/SES131/SA131S14	SES125	-1.40274	-63.6201	-62.2174
BLOCK13/SES131/SA131S14	SES148	-2.05394	-64.2713	-62.2174
BLOCK13/SES131/SA131S20	SES104	-1.63415	-65.3332	-63.699
BLOCK13/SES131/SA131S20	SES106	-0.805599	-64.5046	-63.699
BLOCK13/SES131/SA131S20	SES125	-1.7039	-65.4029	-63.699
BLOCK13/SES131/SA131S20	SES148	-3.15332	-66.8523	-63.699
BLOCK13/SES131/SA131S22	SES099	-1.96765	-64.4137	-62.4461
BLOCK13/SES131/SA131S22	SES104	-1.67636	-64.1224	-62.4461
BLOCK13/SES131/SA131S22	SES125	-1.63937	-64.0854	-62.4461
BLOCK13/SES131/SA131S22	SES206	-2.28643	-64.7325	-62.4461
BLOCK13/SES131/SA131S29	SES087	-1.16141	-64.6659	-63.5045
BLOCK13/SES131/SA131S29	SES104	-2.13935	-65.6439	-63.5045
BLOCK13/SES131/SA131S29	SES125	-1.68772	-65.1922	-63.5045
BLOCK13/SES131/SA131S29	SES206	-2.0901	-65.5946	-63.5045
BLOCK13/SES132/SA132S11	SES083	-1.47782	-63.6055	-62.1277
BLOCK13/SES132/SA132S11	SES120	0.0866051	-62.0411	-62.1277
BLOCK13/SES132/SA132S11	SES127	-0.853088	-62.9808	-62.1277
BLOCK13/SES132/SA132S11	SES275	-1.78822	-63.9159	-62.1277
BLOCK13/SES132/SA132S12	SES083	-1.61796	-63.2848	-61.6668
BLOCK13/SES132/SA132S12	SES143	-0.893734	-62.5605	-61.6668
BLOCK13/SES132/SA132S12	SES144	-0.812344	-62.4791	-61.6668
BLOCK13/SES132/SA132S12	SES148	-1.21068	-62.8775	-61.6668
BLOCK13/SES132/SA132S22	SES062	-1.23389	-63.4627	-62.2288
BLOCK13/SES132/SA132S22	SES083	-0.717983	-62.9468	-62.2288
BLOCK13/SES132/SA132S22	SES127	-0.727238	-62.956	-62.2288
BLOCK13/SES132/SA132S22	SES275	-1.48003	-63.7088	-62.2288
BLOCK13/SES132/SA132S24	SES007	-0.827175	-62.735	-61.9078
BLOCK13/SES132/SA132S24	SES083	-1.40694	-63.3147	-61.9078
BLOCK13/SES132/SA132S24	SES127	-1.18641	-63.0942	-61.9078
BLOCK13/SES132/SA132S24	SES275	-1.83429	-63.7421	-61.9078
BLOCK13/SES132/SA132S27	SES083	-1.65944	-64.0763	-62.4169
BLOCK13/SES132/SA132S27	SES120	-0.292511	-62.7094	-62.4169
BLOCK13/SES132/SA132S27	SES127	-2.0206	-64.4375	-62.4169
BLOCK13/SES132/SA132S27	SES275	-2.39377	-64.8107	-62.4169
BLOCK14/SES141/SA141S09	SES143	-0.673077	-63.5129	-62.8398
BLOCK14/SES141/SA141S09	SES144	-0.629116	-63.469	-62.8398
BLOCK14/SES141/SA141S09	SES162	-0.900208	-63.7401	-62.8398
BLOCK14/SES141/SA141S09	SES180	-1.08988	-63.9297	-62.8398
BLOCK14/SES141/SA141S15	SES127	-1.32444	-64.1096	-62.7852
BLOCK14/SES141/SA141S15	SES144	-1.25758	-64.0428	-62.7852
BLOCK14/SES141/SA141S15	SES162	-0.923645	-63.7088	-62.7852
BLOCK14/SES141/SA141S15	SES180	-0.979637	-63.7648	-62.7852
BLOCK14/SES141/SA141S24	SES127	-0.885944	-63.7704	-62.8845
BLOCK14/SES141/SA141S24	SES144	-1.65959	-64.5441	-62.8845
BLOCK14/SES141/SA141S24	SES162	0.356346	-62.5281	-62.8845
BLOCK14/SES141/SA141S24	SES183	-2.19507	-65.0796	-62.8845
BLOCK14/SES141/SA141S26	SES142	-1.85558	-64.973	-63.1174
BLOCK14/SES141/SA141S26	SES144	-1.28769	-64.4051	-63.1174
BLOCK14/SES141/SA141S26	SES172	-1.9124	-65.0298	-63.1174
BLOCK14/SES141/SA141S26	SES180	-0.682518	-63.8	-63.1174
BLOCK14/SES141/SA141S29	SES127	-0.268951	-62.5815	-62.3125
BLOCK14/SES141/SA141S29	SES142	-0.745205	-63.0577	-62.3125
BLOCK14/SES141/SA141S29	SES144	-1.35756	-63.6701	-62.3125
BLOCK14/SES141/SA141S29	SES180	-0.452259	-62.7648	-62.3125
BLOCK15/SES157/SA157S08	SES083	-2.58229	-65.2203	-62.638
BLOCK15/SES157/SA157S08	SES127	-2.30719	-64.9452	-62.638
BLOCK15/SES157/SA157S08	SES148	-0.677856	-63.3158	-62.638
BLOCK15/SES157/SA157S08	SES292	-1.90248	-64.5405	-62.638
BLOCK15/SES157/SA157S11	SES083	-2.23566	-64.5974	-62.3618
BLOCK15/SES157/SA157S11	SES127	-3.13143	-65.4932	-62.3618
BLOCK15/SES157/SA157S11	SES148	-1.37945	-63.7412	-62.3618
BLOCK15/SES157/SA157S11	SES292	-1.95075	-64.3125	-62.3618
BLOCK15/SES157/SA157S21	SES127	-3.58197	-65.8765	-62.2945
BLOCK15/SES157/SA157S21	SES148	-0.512714	-62.8072	-62.2945
BLOCK15/SES157/SA157S21	SES158	-5.45438	-67.7489	-62.2945
BLOCK15/SES157/SA157S21	SES292	-0.664738	-62.9593	-62.2945
BLOCK15/SES157/SA157S24	SES127	-3.18176	-65.2221	-62.0404
BLOCK15/SES157/SA157S24	SES148	-0.73793	-62.7783	-62.0404
BLOCK15/SES157/SA157S24	SES183	-2.37507	-64.4154	-62.0404
BLOCK15/SES157/SA157S24	SES292	-1.40874	-63.4491	-62.0404
BLOCK15/SES157/SA157S26	SES007	-0.455227	-62.9396	-62.4843
BLOCK15/SES157/SA157S26	SES127	-1.2284	-63.7128	-62.4843
BLOCK15/SES157/SA157S26	SES147	-5.56616	-68.0505	-62.4843
BLOCK15/SES157/SA157S26	SES148	-0.765446	-63.2498	-62.4843
BLOCK16/SES161/SA161S10	SES007	-2.5545	-66.5938	-64.0393
BLOCK16/SES161/SA161S10	SES105	-1.58419	-65.6235	-64.0393
BLOCK16/SES161/SA161S10	SES158	-2.19719	-66.2365	-64.0393
BLOCK16/SES161/SA161S10	SES275	-2.47432	-66.5137	-64.0393
BLOCK16/SES161/SA161S12	SES007	-1.7595	-65.3874	-63.6279
BLOCK16/SES161/SA161S12	SES105	-2.01677	-65.6446	-63.6279
BLOCK16/SES161/SA161S12	SES158	-1.69684	-65.3247	-63.6279
BLOCK16/SES161/SA161S12	SES275	-1.69955	-65.3274	-63.6279
BLOCK16/SES161/SA161S20	SES007	-2.14576	-67.6459	-65.5002
BLOCK16/SES161/SA161S20	SES105	-1.81573	-67.3159	-65.5002
BLOCK16/SES161/SA161S20	SES158	-1.97327	-67.4734	-65.5002
BLOCK16/SES161/SA161S20	SES275	-2.34125	-67.8414	-65.5002
BLOCK16/SES161/SA161S23	SES007	-2.4483	-65.4353	-62.987
BLOCK16/SES161/SA161S23	SES105	-1.88386	-64.8709	-62.987
BLOCK16/SES161/SA161S23	SES148	-2.77998	-65.767	-62.987
BLOCK16/SES161/SA161S23	SES158	-1.65412	-64.6412	-62.987
BLOCK16/SES161/SA161S28	SES007	-3.2577	-66.6853	-63.4276
BLOCK16/SES161/SA161S28	SES105	-2.51552	-65.9431	-63.4276
BLOCK16/SES161/SA161S28	SES158	-1.40419	-64.8318	-63.4276
BLOCK16/SES161/SA161S28	SES206	-3.45791	-66.8855	-63.4276
BLOCK16/SES164/SA164S11	SES104	-1.73766	-62.4807	-60.743
BLOCK16/SES164/SA164S11	SES125	-0.543655	-61.2867	-60.743
BLOCK16/SES164/SA164S11	SES158	-0.672775	-61.4158	-60.743
BLOCK16/SES164/SA164S11	SES206	-1.52701	-62.2701	-60.743
BLOCK16/SES164/SA164S13	SES099	-0.911377	-63.0608	-62.1495
BLOCK16/SES164/SA164S13	SES104	-1.82778	-63.9772	-62.1495
BLOCK16/SES164/SA164S13	SES125	-2.13952	-64.289	-62.1495
BLOCK16/SES164/SA164S13	SES206	-1.36157	-63.511	-62.1495
BLOCK16/SES164/SA164S24	SES002	0.871895	-60.6195	-61.4914
BLOCK16/SES164/SA164S24	SES099	-0.405308	-61.8967	-61.4914
BLOCK16/SES164/SA164S24	SES125	-1.75496	-63.2464	-61.4914
BLOCK16/SES164/SA164S24	SES226	-1.42513	-62.9165	-61.4914
BLOCK16/SES164/SA164S27	SES087	-1.49726	-63.454	-61.9567
BLOCK16/SES164/SA164S27	SES125	-1.00563	-62.9624	-61.9567
BLOCK16/SES164/SA164S27	SES206	-1.38853	-63.3453	-61.9567
BLOCK16/SES164/SA164S27	SES226	-1.48066	-63.4374	-61.9567
BLOCK16/SES164/SA164S29	SES002	0.384411	-61.0458	-61.4302
BLOCK16/SES164/SA164S29	SES019	-1.52255	-62.9527	-61.4302
BLOCK16/SES164/SA164S29	SES125	-1.09163	-62.5218	-61.4302
BLOCK16/SES164/SA164S29	SES226	-1.47345	-62.9036	-61.4302
BLOCK16/SES169/SA169S13	SES117	-2.1562	-65.3556	-63.1994
BLOCK16/SES169/SA169S13	SES144	-0.553837	-63.7532	-63.1994
BLOCK16/SES169/SA169S13	SES146	-0.909382	-64.1087	-63.1994
BLOCK16/SES169/SA169S13	SES162	-1.89714	-65.0965	-63.1994
BLOCK16/SES169/SA169S14	SES144	-0.608883	-62.4257	-61.8168
BLOCK16/SES169/SA169S14	SES148	-0.871124	-62.688	-61.8168
BLOCK16/SES169/SA169S14	SES177	-1.97885	-63.7957	-61.8168
BLOCK16/SES169/SA169S14	SES180	-3.42696	-65.2438	-61.8168
BLOCK16/SES169/SA169S24	SES117	-2.20961	-65.804	-63.5944
BLOCK16/SES169/SA169S24	SES144	-0.577709	-64.1721	-63.5944
BLOCK16/SES169/SA169S24	SES146	-0.8344	-64.4288	-63.5944
BLOCK16/SES169/SA169S24	SES162	-2.63314	-66.2276	-63.5944
BLOCK16/SES169/SA169S27	SES127	-2.19819	-64.7645	-62.5663
BLOCK16/SES169/SA169S27	SES129	-1.397	-63.9633	-62.5663
BLOCK16/SES169/SA169S27	SES144	-1.63239	-64.1987	-62.5663
BLOCK16/SES169/SA169S27	SES146	-0.75631	-63.3226	-62.5663
BLOCK16/SES169/SA169S29	SES144	-0.535973	-62.5163	-61.9804
BLOCK16/SES169/SA169S29	SES162	-1.58501	-63.5654	-61.9804
BLOCK16/SES169/SA169S29	SES177	-2.82543	-64.8058	-61.9804
BLOCK16/SES169/SA169S29	SES180	-2.14421	-64.1246	-61.9804
BLOCK17/SES171/SA171S12	SES083	-1.34675	-64.3749	-63.0282
BLOCK17/SES171/SA171S12	SES148	-1.71595	-64.7441	-63.0282
BLOCK17/SES171/SA171S12	SES172	-2.24522	-65.2734	-63.0282
BLOCK17/SES171/SA171S12	SES292	-2.11666	-65.1448	-63.0282
BLOCK17/SES171/SA171S15	SES148	-1.98086	-65.6746	-63.6937
BLOCK17/SES171/SA171S15	SES177	-2.28823	-65.9819	-63.6937
BLOCK17/SES171/SA171S15	SES180	-4.22584	-67.9196	-63.6937
BLOCK17/SES171/SA171S15	SES292	-3.57204	-67.2658	-63.6937
BLOCK17/SES171/SA171S22	SES007	-1.94486	-63.7969	-61.852
BLOCK17/SES171/SA171S22	SES148	-1.39675	-63.2488	-61.852
BLOCK17/SES171/SA171S22	SES177	-0.656879	-62.5089	-61.852
BLOCK17/SES171/SA171S22	SES180	-2.18189	-64.0339	-61.852
BLOCK17/SES171/SA171S25	SES101	-4.17807	-68.0833	-63.9052
BLOCK17/SES171/SA171S25	SES120	-3.53018	-67.4354	-63.9052
BLOCK17/SES171/SA171S25	SES177	-1.58445	-65.4897	-63.9052
BLOCK17/SES171/SA171S25	SES180	-3.32114	-67.2263	-63.9052
BLOCK17/SES171/SA171S27	SES177	-0.864712	-63.9406	-63.0759
BLOCK17/SES171/SA171S27	SES180	-2.37097	-65.4469	-63.0759
BLOCK17/SES171/SA171S27	SES189	-0.633114	-63.709	-63.0759
BLOCK17/SES171/SA171S27	SES292	-2.705	-65.7809	-63.0759
BLOCK17/SES173/SA173S13	SES162	-2.48039	-66.6773	-64.1969
BLOCK17/SES173/SA173S13	SES177	-2.57682	-66.7738	-64.1969
BLOCK17/SES173/SA173S13	SES180	-3.18681	-67.3837	-64.1969
BLOCK17/SES173/SA173S13	SES292	-2.78622	-66.9832	-64.1969
BLOCK17/SES173/SA173S14	SES007	-3.57234	-68.0308	-64.4585
BLOCK17/SES173/SA173S14	SES162	-1.7289	-66.1874	-64.4585
BLOCK17/SES173/SA173S14	SES177	-2.18397	-66.6424	-64.4585
BLOCK17/SES173/SA173S14	SES180	-2.6599	-67.1184	-64.4585
BLOCK17/SES173/SA173S24	SES144	-1.82942	-66.8757	-65.0462
BLOCK17/SES173/SA173S24	SES162	-2.26212	-67.3084	-65.0462
BLOCK17/SES173/SA173S24	SES177	-2.56671	-67.6129	-65.0462
BLOCK17/SES173/SA173S24	SES180	-2.63623	-67.6825	-65.0462
BLOCK17/SES173/SA173S27	SES162	-3.23416	-67.2686	-64.0344
BLOCK17/SES173/SA173S27	SES177	-2.2799	-66.3143	-64.0344
BLOCK17/SES173/SA173S27	SES180	-3.37831	-67.4127	-64.0344
BLOCK17/SES173/SA173S27	SES292	-4.12711	-68.1615	-64.0344
BLOCK17/SES173/SA173S29	SES162	-2.1426	-66.1944	-64.0518
BLOCK17/SES173/SA173S29	SES175	-1.08487	-65.1366	-64.0518
BLOCK17/SES173/SA173S29	SES177	-2.34319	-66.395	-64.0518
BLOCK17/SES173/SA173S29	SES292	-3.8234	-67.8752	-64.0518
BLOCK18/SES182/SA182S10	SES144	-1.02358	-63.5705	-62.547
BLOCK18/SES182/SA182S10	SES177	-1.0567	-63.6037	-62.547
BLOCK18/SES182/SA182S10	SES180	-1.74449	-64.2915	-62.547
BLOCK18/SES182/SA182S10	SES275	-1.59034	-64.1373	-62.547
BLOCK18/SES182/SA182S12	SES144	-0.839787	-62.9892	-62.1495
BLOCK18/SES182/SA182S12	SES177	-1.59379	-63.7432	-62.1495
BLOCK18/SES182/SA182S12	SES180	-1.88923	-64.0387	-62.1495
BLOCK18/SES182/SA182S12	SES275	-2.0637	-64.2132	-62.1495
BLOCK18/SES182/SA182S21	SES117	-0.593327	-64.382	-63.7886
BLOCK18/SES182/SA182S21	SES144	-1.31289	-65.1015	-63.7886
BLOCK18/SES182/SA182S21	SES162	-0.925503	-64.7141	-63.7886
BLOCK18/SES182/SA182S21	SES180	-1.62965	-65.4183	-63.7886
BLOCK18/SES182/SA182S23	SES117	-0.956188	-63.8171	-62.8609
BLOCK18/SES182/SA182S23	SES144	-1.73344	-64.5943	-62.8609
BLOCK18/SES182/SA182S23	SES180	-2.21701	-65.0779	-62.8609
BLOCK18/SES182/SA182S23	SES275	-1.80692	-64.6678	-62.8609
BLOCK18/SES182/SA182S25	SES007	-1.15928	-64.0146	-62.8553
BLOCK18/SES182/SA182S25	SES162	-0.80772	-63.663	-62.8553
BLOCK18/SES182/SA182S25	SES177	-0.579624	-63.4349	-62.8553
BLOCK18/SES182/SA182S25	SES180	-1.61575	-64.471	-62.8553
BLOCK18/SES184/SA184S12	SES177	-1.65634	-64.717	-63.0607
BLOCK18/SES184/SA184S12	SES180	-0.741764	-63.8024	-63.0607
BLOCK18/SES184/SA184S12	SES189	-2.69833	-65.759	-63.0607
BLOCK18/SES184/SA184S12	SES292	-1.13594	-64.1966	-63.0607
BLOCK18/SES184/SA184S13	SES101	-1.69561	-65.1585	-63.4629
BLOCK18/SES184/SA184S13	SES177	-1.31324	-64.7762	-63.4629
BLOCK18/SES184/SA184S13	SES180	-1.61519	-65.0781	-63.4629
BLOCK18/SES184/SA184S13	SES292	-1.24624	-64.7092	-63.4629
BLOCK18/SES184/SA184S22	SES177	-1.36511	-63.8127	-62.4476
BLOCK18/SES184/SA184S22	SES180	-1.574	-64.0216	-62.4476
BLOCK18/SES184/SA184S22	SES189	-3.03965	-65.4873	-62.4476
BLOCK18/SES184/SA184S22	SES292	-1.53611	-63.9837	-62.4476
BLOCK18/SES184/SA184S25	SES101	-0.888859	-62.6515	-61.7627
BLOCK18/SES184/SA184S25	SES177	-1.2613	-63.024	-61.7627
BLOCK18/SES184/SA184S25	SES180	-1.45393	-63.2166	-61.7627
BLOCK18/SES184/SA184S25	SES292	-0.991905	-62.7546	-61.7627
BLOCK18/SES184/SA184S27	SES083	-1.66095	-64.0407	-62.3797
BLOCK18/SES184/SA184S27	SES177	-1.42903	-63.8087	-62.3797
BLOCK18/SES184/SA184S27	SES202	-3.79692	-66.1766	-62.3797
BLOCK18/SES184/SA184S27	SES292	-1.27843	-63.6581	-62.3797
BLOCK20/SES204/SA204S12	SES062	-2.33928	-63.431	-61.0917
BLOCK20/SES204/SA204S12	SES083	-2.24998	-63.3417	-61.0917
BLOCK20/SES204/SA204S12	SES206	-0.671726	-61.7634	-61.0917
BLOCK20/SES204/SA204S12	SES226	-0.846146	-61.9379	-61.0917
BLOCK20/SES204/SA204S14	SES068	-4.52695	-64.6996	-60.1727
BLOCK20/SES204/SA204S14	SES087	-1.06182	-61.2345	-60.1727
BLOCK20/SES204/SA204S14	SES206	-1.99658	-62.1693	-60.1727
BLOCK20/SES204/SA204S14	SES226	-1.31278	-61.4855	-60.1727
BLOCK20/SES204/SA204S22	SES068	-4.64619	-65.6303	-60.9841
BLOCK20/SES204/SA204S22	SES082	-2.75854	-63.7426	-60.9841
BLOCK20/SES204/SA204S22	SES083	-3.47179	-64.4559	-60.9841
BLOCK20/SES204/SA204S22	SES206	-1.31856	-62.3026	-60.9841
BLOCK20/SES204/SA204S25	SES062	-3.50953	-64.856	-61.3465
BLOCK20/SES204/SA204S25	SES083	-3.52968	-64.8762	-61.3465
BLOCK20/SES204/SA204S25	SES206	-0.939114	-62.2856	-61.3465
BLOCK20/SES204/SA204S25	SES226	-1.35831	-62.7048	-61.3465
BLOCK20/SES204/SA204S27	SES068	-4.81305	-66.2707	-61.4576
BLOCK20/SES204/SA204S27	SES082	-2.0535	-63.5111	-61.4576
BLOCK20/SES204/SA204S27	SES087	-0.623028	-62.0806	-61.4576
BLOCK20/SES204/SA204S27	SES206	-0.970757	-62.4284	-61.4576
BLOCK20/SES207/SA207S10	SES127	-0.624428	-63.3431	-62.7187
BLOCK20/SES207/SA207S10	SES183	-1.99683	-64.7155	-62.7187
BLOCK20/SES207/SA207S10	SES189	-1.12443	-63.8431	-62.7187
BLOCK20/SES207/SA207S10	SES292	-1.48413	-64.2028	-62.7187
BLOCK20/SES207/SA207S11	SES127	-3.0645	-65.5167	-62.4522
BLOCK20/SES207/SA207S11	SES183	-2.27942	-64.7316	-62.4522
BLOCK20/SES207/SA207S11	SES187	-1.24332	-63.6955	-62.4522
BLOCK20/SES207/SA207S11	SES292	-1.62548	-64.0776	-62.4522
BLOCK20/SES207/SA207S25	SES068	-2.10339	-65.2624	-63.159
BLOCK20/SES207/SA207S25	SES083	-2.00026	-65.1592	-63.159
BLOCK20/SES207/SA207S25	SES127	-1.33931	-64.4983	-63.159
BLOCK20/SES207/SA207S25	SES187	-0.728069	-63.887	-63.159
BLOCK20/SES207/SA207S27	SES127	-1.32143	-64.844	-63.5226
BLOCK20/SES207/SA207S27	SES183	-1.24369	-64.7663	-63.5226
BLOCK20/SES207/SA207S27	SES187	-1.10736	-64.6299	-63.5226
BLOCK20/SES207/SA207S27	SES292	-2.51188	-66.0344	-63.5226
BLOCK20/SES207/SA207S29	SES083	-2.57561	-64.7968	-62.2212
BLOCK20/SES207/SA207S29	SES085	-1.31682	-63.538	-62.2212
BLOCK20/SES207/SA207S29	SES172	-3.28757	-65.5087	-62.2212
BLOCK20/SES207/SA207S29	SES189	-1.9157	-64.1369	-62.2212
BLOCK22/SES221/SA221S12	SES068	-2.89318	-65.7142	-62.821
BLOCK22/SES221/SA221S12	SES143	-1.82927	-64.6503	-62.821
BLOCK22/SES221/SA221S12	SES175	-1.52979	-64.3508	-62.821
BLOCK22/SES221/SA221S12	SES202	-1.3897	-64.2107	-62.821
BLOCK22/SES221/SA221S15	SES085	-5.38951	-69.5051	-64.1156
BLOCK22/SES221/SA221S15	SES143	-2.5593	-66.6749	-64.1156
BLOCK22/SES221/SA221S15	SES175	-2.65321	-66.7688	-64.1156
BLOCK22/SES221/SA221S15	SES187	-1.80131	-65.9169	-64.1156
BLOCK22/SES221/SA221S23	SES068	-4.6302	-67.6709	-63.0407
BLOCK22/SES221/SA221S23	SES143	-2.49265	-65.5333	-63.0407
BLOCK22/SES221/SA221S23	SES175	-1.48044	-64.5211	-63.0407
BLOCK22/SES221/SA221S23	SES189	0.14893	-62.8917	-63.0407
BLOCK22/SES221/SA221S27	SES085	-7.12306	-70.0421	-62.919
BLOCK22/SES221/SA221S27	SES143	-1.47867	-64.3977	-62.919
BLOCK22/SES221/SA221S27	SES175	-1.74283	-64.6619	-62.919
BLOCK22/SES221/SA221S27	SES189	0.356632	-62.5624	-62.919
BLOCK22/SES221/SA221S29	SES085	-8.04176	-72.6559	-64.6142
BLOCK22/SES221/SA221S29	SES143	-3.14546	-67.7596	-64.6142
BLOCK22/SES221/SA221S29	SES175	-3.42239	-68.0365	-64.6142
BLOCK22/SES221/SA221S29	SES187	-1.02217	-65.6363	-64.6142
BLOCK22/SES223/SA223S11	SES143	-1.05888	-65.2509	-64.192
BLOCK22/SES223/SA223S11	SES144	-2.58284	-66.7748	-64.192
BLOCK22/SES223/SA223S11	SES175	-1.32712	-65.5191	-64.192
BLOCK22/SES223/SA223S11	SES187	-1.5958	-65.7878	-64.192
BLOCK22/SES223/SA223S13	SES068	-2.48488	-67.6458	-65.1609
BLOCK22/SES223/SA223S13	SES143	-1.80013	-66.961	-65.1609
BLOCK22/SES223/SA223S13	SES146	-3.07379	-68.2347	-65.1609
BLOCK22/SES223/SA223S13	SES202	-2.2057	-67.3666	-65.1609
BLOCK22/SES223/SA223S22	SES143	-1.10217	-65.0769	-63.9747
BLOCK22/SES223/SA223S22	SES144	-2.36852	-66.3432	-63.9747
BLOCK22/SES223/SA223S22	SES175	-1.71162	-65.6863	-63.9747
BLOCK22/SES223/SA223S22	SES187	-1.02048	-64.9952	-63.9747
BLOCK22/SES223/SA223S25	SES068	-4.06233	-67.7887	-63.7263
BLOCK22/SES223/SA223S25	SES143	-1.65978	-65.3861	-63.7263
BLOCK22/SES223/SA223S25	SES175	-1.99389	-65.7202	-63.7263
BLOCK22/SES223/SA223S25	SES187	-1.81738	-65.5437	-63.7263
BLOCK22/SES223/SA223S27	SES143	-1.34162	-65.3347	-63.9931
BLOCK22/SES223/SA223S27	SES146	-2.23763	-66.2307	-63.9931
BLOCK22/SES223/SA223S27	SES187	-1.35712	-65.3502	-63.9931
BLOCK22/SES223/SA223S27	SES292	-2.75911	-66.7522	-63.9931
BLOCK27/SES273/SA273S12	SES099	-1.47141	-61.0095	-59.5381
BLOCK27/SES273/SA273S12	SES104	0.320141	-59.2179	-59.5381
BLOCK27/SES273/SA273S12	SES125	-0.834187	-60.3723	-59.5381
BLOCK27/SES273/SA273S12	SES206	0.104107	-59.434	-59.5381
BLOCK27/SES273/SA273S13	SES099	-1.59566	-60.7875	-59.1918
BLOCK27/SES273/SA273S13	SES104	-0.167812	-59.3597	-59.1918
BLOCK27/SES273/SA273S13	SES206	-0.47443	-59.6663	-59.1918
BLOCK27/SES273/SA273S13	SES292	-4.04963	-63.2415	-59.1918
BLOCK27/SES273/SA273S21	SES099	-0.160858	-59.8627	-59.7019
BLOCK27/SES273/SA273S21	SES148	-3.62107	-63.323	-59.7019
BLOCK27/SES273/SA273S21	SES149	-0.765263	-60.4671	-59.7019
BLOCK27/SES273/SA273S21	SES177	-5.2515	-64.9534	-59.7019
BLOCK27/SES273/SA273S25	SES104	-0.479889	-60.2454	-59.7655
BLOCK27/SES273/SA273S25	SES125	-0.66576	-60.4313	-59.7655
BLOCK27/SES273/SA273S25	SES158	-0.563763	-60.3293	-59.7655
BLOCK27/SES273/SA273S25	SES206	0.474312	-59.2912	-59.7655
BLOCK27/SES273/SA273S27	SES099	-0.609035	-60.6515	-60.0425
BLOCK27/SES273/SA273S27	SES104	-0.660984	-60.7035	-60.0425
BLOCK27/SES273/SA273S27	SES149	-0.698505	-60.741	-60.0425
BLOCK27/SES273/SA273S27	SES275	-2.55355	-62.596	-60.0425
BLOCK27/SES274/SA274S10	SES105	-2.31922	-63.4035	-61.0843
BLOCK27/SES274/SA274S10	SES125	-0.836617	-61.9209	-61.0843
BLOCK27/SES274/SA274S10	SES129	-1.66569	-62.75	-61.0843
BLOCK27/SES274/SA274S10	SES158	-1.72517	-62.8094	-61.0843
BLOCK27/SES274/SA274S11	SES105	-2.5192	-63.7522	-61.233
BLOCK27/SES274/SA274S11	SES149	-1.06905	-62.302	-61.233
BLOCK27/SES274/SA274S11	SES158	-1.54374	-62.7767	-61.233
BLOCK27/SES274/SA274S11	SES275	-3.18363	-64.4166	-61.233
BLOCK27/SES274/SA274S21	SES105	-2.55974	-63.9713	-61.4116
BLOCK27/SES274/SA274S21	SES129	-2.07105	-63.4826	-61.4116
BLOCK27/SES274/SA274S21	SES149	-1.22522	-62.6368	-61.4116
BLOCK27/SES274/SA274S21	SES158	-2.14128	-63.5528	-61.4116
BLOCK27/SES274/SA274S24	SES105	-3.15741	-63.8391	-60.6817
BLOCK27/SES274/SA274S24	SES129	-2.1994	-62.8811	-60.6817
BLOCK27/SES274/SA274S24	SES149	-1.44373	-62.1255	-60.6817
BLOCK27/SES274/SA274S24	SES158	-2.43885	-63.1206	-60.6817
BLOCK27/SES274/SA274S29	SES105	-2.69291	-63.5072	-60.8143
BLOCK27/SES274/SA274S29	SES106	-1.55939	-62.3737	-60.8143
BLOCK27/SES274/SA274S29	SES120	-2.20963	-63.0239	-60.8143
BLOCK27/SES274/SA274S29	SES275	-3.00341	-63.8177	-60.8143
BLOCK27/SES276/SA276S16	SES148	-1.61605	-64.8919	-63.2759
BLOCK27/SES276/SA276S16	SES172	-2.00951	-65.2854	-63.2759
BLOCK27/SES276/SA276S16	SES180	-3.96874	-67.2446	-63.2759
BLOCK27/SES276/SA276S16	SES292	-0.779907	-64.0558	-63.2759
BLOCK27/SES276/SA276S17	SES101	-1.93226	-64.62	-62.6877
BLOCK27/SES276/SA276S17	SES177	-2.24622	-64.934	-62.6877
BLOCK27/SES276/SA276S17	SES180	-2.48885	-65.1766	-62.6877
BLOCK27/SES276/SA276S17	SES292	-1.32838	-64.0161	-62.6877
BLOCK27/SES276/SA276S24	SES101	-0.70694	-62.0544	-61.3475
BLOCK27/SES276/SA276S24	SES177	-2.06716	-63.4147	-61.3475
BLOCK27/SES276/SA276S24	SES180	-2.96545	-64.3129	-61.3475
BLOCK27/SES276/SA276S24	SES292	-1.73948	-63.087	-61.3475
BLOCK27/SES276/SA276S26	SES101	-1.79301	-63.9625	-62.1695
BLOCK27/SES276/SA276S26	SES177	-1.46148	-63.631	-62.1695
BLOCK27/SES276/SA276S26	SES180	-1.59332	-63.7628	-62.1695
BLOCK27/SES276/SA276S26	SES292	-0.830521	-63	-62.1695
BLOCK27/SES276/SA276S28	SES101	-2.41699	-64.8613	-62.4443
BLOCK27/SES276/SA276S28	SES177	-2.56657	-65.0109	-62.4443
BLOCK27/SES276/SA276S28	SES180	-1.86865	-64.313	-62.4443
BLOCK27/SES276/SA276S28	SES292	-1.323	-63.7673	-62.4443
BLOCK27/SES277/SA277S12	SES101	-1.70206	-65.4658	-63.7637
BLOCK27/SES277/SA277S12	SES177	-2.74612	-66.5099	-63.7637
BLOCK27/SES277/SA277S12	SES180	-2.26492	-66.0286	-63.7637
BLOCK27/SES277/SA277S12	SES292	-3.27969	-67.0434	-63.7637
BLOCK27/SES277/SA277S14	SES177	-1.49371	-65.6064	-64.1127
BLOCK27/SES277/SA277S14	SES180	-2.11708	-66.2298	-64.1127
BLOCK27/SES277/SA277S14	SES189	-0.181221	-64.2939	-64.1127
BLOCK27/SES277/SA277S14	SES292	-3.36753	-67.4802	-64.1127
BLOCK27/SES277/SA277S21	SES177	-1.06046	-63.5094	-62.4489
BLOCK27/SES277/SA277S21	SES180	-2.24385	-64.6928	-62.4489
BLOCK27/SES277/SA277S21	SES189	-1.36652	-63.8155	-62.4489
BLOCK27/SES277/SA277S21	SES292	-2.74321	-65.1921	-62.4489
BLOCK27/SES277/SA277S24	SES144	-1.07019	-65.3813	-64.3111
BLOCK27/SES277/SA277S24	SES177	-2.16649	-66.4776	-64.3111
BLOCK27/SES277/SA277S24	SES180	-2.38165	-66.6927	-64.3111
BLOCK27/SES277/SA277S24	SES189	-0.812912	-65.124	-64.3111
BLOCK27/SES277/SA277S29	SES177	-1.01745	-62.5253	-61.5079
BLOCK27/SES277/SA277S29	SES180	-1.93911	-63.447	-61.5079
BLOCK27/SES277/SA277S29	SES202	-2.05079	-63.5586	-61.5079
BLOCK27/SES277/SA277S29	SES292	-2.15188	-63.6597	-61.5079
BLOCK27/SES279/SA279S09	SES120	-1.5466	-63.2821	-61.7355
BLOCK27/SES279/SA279S09	SES146	-1.66668	-63.4021	-61.7355
BLOCK27/SES279/SA279S09	SES206	-3.01669	-64.7521	-61.7355
BLOCK27/SES279/SA279S09	SES226	-3.03067	-64.7661	-61.7355
BLOCK27/SES279/SA279S10	SES099	-4.66492	-66.2072	-61.5423
BLOCK27/SES279/SA279S10	SES206	-2.50803	-64.0504	-61.5423
BLOCK27/SES279/SA279S10	SES226	-1.67223	-63.2146	-61.5423
BLOCK27/SES279/SA279S10	SES292	-1.50868	-63.051	-61.5423
BLOCK27/SES279/SA279S20	SES099	-6.16443	-68.6637	-62.4992
BLOCK27/SES279/SA279S20	SES206	-2.92453	-65.4238	-62.4992
BLOCK27/SES279/SA279S20	SES226	-2.16832	-64.6676	-62.4992
BLOCK27/SES279/SA279S20	SES292	-0.208393	-62.7076	-62.4992
BLOCK27/SES279/SA279S26	SES099	-6.06689	-68.5316	-62.4647
BLOCK27/SES279/SA279S26	SES206	-2.19846	-64.6631	-62.4647
BLOCK27/SES279/SA279S26	SES226	-1.44845	-63.9131	-62.4647
BLOCK27/SES279/SA279S26	SES292	-0.795166	-63.2598	-62.4647
BLOCK27/SES279/SA279S28	SES099	-4.64793	-65.2778	-60.6299
BLOCK27/SES279/SA279S28	SES120	-1.73636	-62.3662	-60.6299
BLOCK27/SES279/SA279S28	SES177	-4.70344	-65.3333	-60.6299
BLOCK27/SES279/SA279S28	SES206	-2.62194	-63.2518	-60.6299
BLOCK29/SES290/SA290S12	SES162	-1.90847	-63.9888	-62.0803
BLOCK29/SES290/SA290S12	SES177	-2.46323	-64.5436	-62.0803
BLOCK29/SES290/SA290S12	SES180	-2.54723	-64.6276	-62.0803
BLOCK29/SES290/SA290S12	SES292	-1.76275	-63.8431	-62.0803
BLOCK29/SES290/SA290S13	SES007	-4.34982	-67.5138	-63.164
BLOCK29/SES290/SA290S13	SES162	-2.87712	-66.0411	-63.164
BLOCK29/SES290/SA290S13	SES177	-1.69517	-64.8592	-63.164
BLOCK29/SES290/SA290S13	SES180	-2.11845	-65.2824	-63.164
BLOCK29/SES290/SA290S22	SES177	-1.5731	-64.5235	-62.9504
BLOCK29/SES290/SA290S22	SES180	-0.916203	-63.8666	-62.9504
BLOCK29/SES290/SA290S22	SES202	-1.54264	-64.493	-62.9504
BLOCK29/SES290/SA290S22	SES292	-2.69651	-65.6469	-62.9504
BLOCK29/SES290/SA290S25	SES162	-1.78197	-64.1193	-62.3373
BLOCK29/SES290/SA290S25	SES177	-1.85949	-64.1968	-62.3373
BLOCK29/SES290/SA290S25	SES180	-1.54806	-63.8853	-62.3373
BLOCK29/SES290/SA290S25	SES292	-1.73312	-64.0704	-62.3373
BLOCK29/SES290/SA290S29	SES177	-0.377071	-62.7431	-62.3661
BLOCK29/SES290/SA290S29	SES180	-0.0810661	-62.4471	-62.3661
BLOCK29/SES290/SA290S29	SES275	-2.19347	-64.5595	-62.3661
BLOCK29/SES290/SA290S29	SES292	-1.4916	-63.8577	-62.3661
BLOCK29/SES291/SA291S11	SES105	-3.84857	-65.8774	-62.0289
BLOCK29/SES291/SA291S11	SES125	-0.523075	-62.5519	-62.0289
BLOCK29/SES291/SA291S11	SES158	-1.10814	-63.137	-62.0289
BLOCK29/SES291/SA291S11	SES275	-5.21951	-67.2484	-62.0289
BLOCK29/SES291/SA291S12	SES158	-0.574432	-61.5595	-60.9851
BLOCK29/SES291/SA291S12	SES226	-2.21752	-63.2026	-60.9851
BLOCK29/SES291/SA291S12	SES270	0.102409	-60.8827	-60.9851
BLOCK29/SES291/SA291S12	SES275	-6.26154	-67.2466	-60.9851
BLOCK29/SES291/SA291S22	SES082	-1.14482	-62.3281	-61.1833
BLOCK29/SES291/SA291S22	SES158	-1.25574	-62.4391	-61.1833
BLOCK29/SES291/SA291S22	SES259	-1.69047	-62.8738	-61.1833
BLOCK29/SES291/SA291S22	SES275	-4.86103	-66.0443	-61.1833
BLOCK29/SES291/SA291S24	SES104	-0.111366	-60.3001	-60.1887
BLOCK29/SES291/SA291S24	SES125	-0.335361	-60.5241	-60.1887
BLOCK29/SES291/SA291S24	SES158	-0.5937	-60.7824	-60.1887
BLOCK29/SES291/SA291S24	SES275	-4.92825	-65.117	-60.1887
BLOCK29/SES291/SA291S27	SES158	0.0307388	-60.5084	-60.5391
BLOCK29/SES291/SA291S27	SES172	-6.05928	-66.5984	-60.5391
BLOCK29/SES291/SA291S27	SES275	-5.37938	-65.9185	-60.5391
BLOCK29/SES291/SA291S27	SES292	-4.95422	-65.4933	-60.5391
